<?xml version="1.0" encoding="UTF-8" ?>
<testsuite tests="34" failures="0" name="runner.SubprojetoRun" time="351.8" errors="34" skipped="0">
  <properties>
    <property name="java.runtime.name" value="OpenJDK Runtime Environment"/>
    <property name="sun.boot.library.path" value="C:\Program Files\Java\zulu8.58.0.13-ca-fx-jdk8.0.312-win_x64\jre\bin"/>
    <property name="java.vm.version" value="25.312-b07"/>
    <property name="jdk.vendor.version" value="Zulu 8.58.0.13-CA-win64"/>
    <property name="java.vm.vendor" value="Azul Systems, Inc."/>
    <property name="maven.multiModuleProjectDirectory" value="C:\Users\guilhermeSantos\Documents\Base2\Desafio_Automacao_Base2\desafioseleniumbase2"/>
    <property name="java.vendor.url" value="http://www.azul.com/"/>
    <property name="path.separator" value=";"/>
    <property name="guice.disable.misplaced.annotation.check" value="true"/>
    <property name="java.vm.name" value="OpenJDK 64-Bit Server VM"/>
    <property name="file.encoding.pkg" value="sun.io"/>
    <property name="user.script" value=""/>
    <property name="user.country" value="BR"/>
    <property name="sun.java.launcher" value="SUN_STANDARD"/>
    <property name="sun.os.patch.level" value=""/>
    <property name="test" value="SubprojetoRun"/>
    <property name="java.vm.specification.name" value="Java Virtual Machine Specification"/>
    <property name="user.dir" value="C:\Users\guilhermeSantos\Documents\Base2\Desafio_Automacao_Base2\desafioseleniumbase2"/>
    <property name="java.runtime.version" value="1.8.0_312-b07"/>
    <property name="java.awt.graphicsenv" value="sun.awt.Win32GraphicsEnvironment"/>
    <property name="java.endorsed.dirs" value="C:\Program Files\Java\zulu8.58.0.13-ca-fx-jdk8.0.312-win_x64\jre\lib\endorsed"/>
    <property name="os.arch" value="amd64"/>
    <property name="java.io.tmpdir" value="C:\Users\GUILHE~1\AppData\Local\Temp\"/>
    <property name="line.separator" value="
"/>
    <property name="java.vm.specification.vendor" value="Oracle Corporation"/>
    <property name="user.variant" value=""/>
    <property name="os.name" value="Windows 10"/>
    <property name="classworlds.conf" value="C:\Program Files\JetBrains\apache-maven-3.8.2-bin\apache-maven-3.8.2\bin\m2.conf"/>
    <property name="sun.jnu.encoding" value="Cp1252"/>
    <property name="java.library.path" value="C:\Program Files\Java\zulu8.58.0.13-ca-fx-jdk8.0.312-win_x64\bin;C:\Windows\Sun\Java\bin;C:\Windows\system32;C:\Windows;C:\Program Files\Common Files\Oracle\Java\javapath;C:\Windows\system32;C:\Windows;C:\Windows\System32\Wbem;C:\Windows\System32\WindowsPowerShell\v1.0\;C:\Windows\System32\OpenSSH\;C:\Program Files\Java\zulu8.58.0.13-ca-fx-jdk8.0.312-win_x64\bin;C:\Program Files\Git\cmd;C:\Program Files\dotnet\;C:\Program Files\Microsoft SQL Server\Client SDK\ODBC\110\Tools\Binn\;C:\Program Files (x86)\Microsoft SQL Server\120\Tools\Binn\;C:\Program Files\Microsoft SQL Server\120\Tools\Binn\;C:\Program Files\Microsoft SQL Server\120\DTS\Binn\;C:\Program Files (x86)\Microsoft SQL Server\120\Tools\Binn\ManagementStudio\;C:\Program Files (x86)\Microsoft SQL Server\120\DTS\Binn\;C:\Program Files (x86)\Kaspersky Lab\Endpoint Agent\;C:\Program Files\JetBrains\apache-maven-3.8.2-bin\apache-maven-3.8.2\bin;C:\Program Files\PowerShell\7\;C:\Users\guilhermeSantos\AppData\Local\Microsoft\WindowsApps;;C:\Users\guilhermeSantos\AppData\Local\Programs\Microsoft VS Code\bin;C:\Users\guilhermeSantos\.dotnet\tools;C:\Program Files\JetBrains\IntelliJ IDEA Community Edition 2021.2.3\bin;;."/>
    <property name="maven.conf" value="C:\Program Files\JetBrains\apache-maven-3.8.2-bin\apache-maven-3.8.2/conf"/>
    <property name="java.specification.name" value="Java Platform API Specification"/>
    <property name="java.class.version" value="52.0"/>
    <property name="sun.management.compiler" value="HotSpot 64-Bit Tiered Compilers"/>
    <property name="os.version" value="10.0"/>
    <property name="user.home" value="C:\Users\guilhermeSantos"/>
    <property name="user.timezone" value="America/Sao_Paulo"/>
    <property name="java.awt.printerjob" value="sun.awt.windows.WPrinterJob"/>
    <property name="java.specification.version" value="1.8"/>
    <property name="file.encoding" value="Cp1252"/>
    <property name="user.name" value="guilhermeSantos"/>
    <property name="java.class.path" value="C:\Program Files\JetBrains\apache-maven-3.8.2-bin\apache-maven-3.8.2\boot\plexus-classworlds-2.6.0.jar"/>
    <property name="java.vm.specification.version" value="1.8"/>
    <property name="sun.arch.data.model" value="64"/>
    <property name="java.home" value="C:\Program Files\Java\zulu8.58.0.13-ca-fx-jdk8.0.312-win_x64\jre"/>
    <property name="sun.java.command" value="org.codehaus.plexus.classworlds.launcher.Launcher -Dtest=SubprojetoRun test"/>
    <property name="java.specification.vendor" value="Oracle Corporation"/>
    <property name="user.language" value="pt"/>
    <property name="awt.toolkit" value="sun.awt.windows.WToolkit"/>
    <property name="java.vm.info" value="mixed mode"/>
    <property name="java.version" value="1.8.0_312"/>
    <property name="java.ext.dirs" value="C:\Program Files\Java\zulu8.58.0.13-ca-fx-jdk8.0.312-win_x64\jre\lib\ext;C:\Windows\Sun\Java\lib\ext"/>
    <property name="sun.boot.class.path" value="C:\Program Files\Java\zulu8.58.0.13-ca-fx-jdk8.0.312-win_x64\jre\lib\resources.jar;C:\Program Files\Java\zulu8.58.0.13-ca-fx-jdk8.0.312-win_x64\jre\lib\rt.jar;C:\Program Files\Java\zulu8.58.0.13-ca-fx-jdk8.0.312-win_x64\jre\lib\sunrsasign.jar;C:\Program Files\Java\zulu8.58.0.13-ca-fx-jdk8.0.312-win_x64\jre\lib\jsse.jar;C:\Program Files\Java\zulu8.58.0.13-ca-fx-jdk8.0.312-win_x64\jre\lib\jce.jar;C:\Program Files\Java\zulu8.58.0.13-ca-fx-jdk8.0.312-win_x64\jre\lib\charsets.jar;C:\Program Files\Java\zulu8.58.0.13-ca-fx-jdk8.0.312-win_x64\jre\lib\jfr.jar;C:\Program Files\Java\zulu8.58.0.13-ca-fx-jdk8.0.312-win_x64\jre\classes"/>
    <property name="sun.stderr.encoding" value="cp850"/>
    <property name="java.vendor" value="Azul Systems, Inc."/>
    <property name="maven.home" value="C:\Program Files\JetBrains\apache-maven-3.8.2-bin\apache-maven-3.8.2"/>
    <property name="file.separator" value="\"/>
    <property name="java.vendor.url.bug" value="http://www.azul.com/support/"/>
    <property name="sun.cpu.endian" value="little"/>
    <property name="sun.io.unicode.encoding" value="UnicodeLittle"/>
    <property name="sun.stdout.encoding" value="cp850"/>
    <property name="sun.desktop" value="windows"/>
    <property name="sun.cpu.isalist" value="amd64"/>
  </properties>
  <testcase classname="Criação de subprojetos" name="Criar um subprojeto com sucesso #1" time="12.666">
    <error message="The step &quot;clicar no botão de salvar subprojeto&quot; is undefined. You can implement it using the snippet(s) below:

@Quando(&quot;clicar no botão de salvar subprojeto&quot;)
public void clicarNoBotãoDeSalvarSubprojeto() {
    // Write code here that turns the phrase above into concrete actions
    throw new io.cucumber.java.PendingException();
}
" type="io.cucumber.junit.UndefinedStepException">io.cucumber.junit.UndefinedStepException: The step &quot;clicar no botão de salvar subprojeto&quot; is undefined. You can implement it using the snippet(s) below:

@Quando(&quot;clicar no botão de salvar subprojeto&quot;)
public void clicarNoBotãoDeSalvarSubprojeto() {
    // Write code here that turns the phrase above into concrete actions
    throw new io.cucumber.java.PendingException();
}

</error>
    <system-out>
Esquema do CenÃ¡rio: Criar um subprojeto com sucesso                    &amp;#27;[90m# features/subprojeto.feature:26&amp;#27;[0m
  &amp;#27;[32mDado &amp;#27;[0m&amp;#27;[32mque o usuario esteja na pagina de login do Mantis&amp;#27;[0m               &amp;#27;[90m# steps.login.LoginStep.queOUsuarioEstejaNaPaginaDeLoginDoMantis()&amp;#27;[0m
  &amp;#27;[32mE &amp;#27;[0m&amp;#27;[32mque o usuario tenha feito o login com sucesso&amp;#27;[0m                      &amp;#27;[90m# steps.subprojeto.SubProjetoStep.queOUsuarioTenhaFeitoOLoginComSucesso()&amp;#27;[0m
  &amp;#27;[32mQuando &amp;#27;[0m&amp;#27;[32mclicar no projeto desejado &amp;#27;[0m&amp;#27;[32m&amp;#27;[1m&quot;Teste projeto SQL 02&quot;&amp;#27;[0m             &amp;#27;[90m# steps.subprojeto.SubProjetoStep.clicarNoProjetoDesejado(java.lang.String)&amp;#27;[0m
  &amp;#27;[32mE &amp;#27;[0m&amp;#27;[32mclicar no botao de cadastrar subProjeto&amp;#27;[0m                            &amp;#27;[90m# steps.subprojeto.SubProjetoStep.clicarNoBotaoDeCadastrarSubProjeto()&amp;#27;[0m
  &amp;#27;[32mE &amp;#27;[0m&amp;#27;[32mpreencher o nome do subprojeto &amp;#27;[0m&amp;#27;[32m&amp;#27;[1m&quot;Subprojeto 02&quot;&amp;#27;[0m                     &amp;#27;[90m# steps.subprojeto.SubProjetoStep.preencherONomeDoSubprojeto(java.lang.String)&amp;#27;[0m
  &amp;#27;[32mE &amp;#27;[0m&amp;#27;[32mdefinir o estado do subprojeto &amp;#27;[0m&amp;#27;[32m&amp;#27;[1mdesenvolvimento&amp;#27;[0m                     &amp;#27;[90m# steps.subprojeto.SubProjetoStep.definirOEstadoDoSubprojetoEstado(java.lang.String)&amp;#27;[0m
  &amp;#27;[32mE &amp;#27;[0m&amp;#27;[32mmarcar a opcao herdar categorias globais&amp;#27;[0m                           &amp;#27;[90m# steps.subprojeto.SubProjetoStep.marcarAOpcaoHerdarCategoriasGlobais()&amp;#27;[0m
  &amp;#27;[32mE &amp;#27;[0m&amp;#27;[32mmarcar a opcao herdar categorias da tarefa pai&amp;#27;[0m                     &amp;#27;[90m# steps.subprojeto.SubProjetoStep.marcarAOpcaoHerdarCategoriasDaTarefaPai()&amp;#27;[0m
  &amp;#27;[32mE &amp;#27;[0m&amp;#27;[32mselecionar a visibilidade do projeto&amp;#27;[0m                               &amp;#27;[90m# steps.subprojeto.SubProjetoStep.selecionarAVisibilidadeDoProjeto()&amp;#27;[0m
  &amp;#27;[32mE &amp;#27;[0m&amp;#27;[32mpreencher a descricao do subprojeto &amp;#27;[0m&amp;#27;[32m&amp;#27;[1m&quot;SubProjeto criado como teste&quot;&amp;#27;[0m &amp;#27;[90m# steps.subprojeto.SubProjetoStep.preencherADescricaoDoSubprojeto(java.lang.String)&amp;#27;[0m
  &amp;#27;[33mE &amp;#27;[0m&amp;#27;[33mclicar no botÃ£o de salvar subprojeto&amp;#27;[0m                               &amp;#27;[90m# null&amp;#27;[0m
  &amp;#27;[36mEntÃ£o &amp;#27;[0m&amp;#27;[36mo sistema deve efetuar o cadastro do subprojeto com sucesso&amp;#27;[0m    &amp;#27;[90m# steps.subprojeto.SubProjetoStep.oSistemaDeveEfetuarOCadastroDoSubprojetoComSucesso()&amp;#27;[0m
</system-out>
    <system-err>SLF4J: Failed to load class &quot;org.slf4j.impl.StaticLoggerBinder&quot;.
SLF4J: Defaulting to no-operation (NOP) logger implementation
SLF4J: See http://www.slf4j.org/codes.html#StaticLoggerBinder for further details.
Starting ChromeDriver 100.0.4896.60 (6a5d10861ce8de5fce22564658033b43cb7de047-refs/branch-heads/4896@{#875}) on port 64831
Only local connections are allowed.
Please see https://chromedriver.chromium.org/security-considerations for suggestions on keeping ChromeDriver safe.
ChromeDriver was started successfully.
[1652650471.180][WARNING]: This version of ChromeDriver has not been tested with Chrome version 101.
mai 15, 2022 6:34:31 PM org.openqa.selenium.remote.ProtocolHandshake createSession
INFORMAÇÕES: Detected dialect: W3C
mai 15, 2022 6:34:31 PM org.openqa.selenium.devtools.CdpVersionFinder findNearestMatch
ADVERTÊNCIA: Unable to find an exact match for CDP version 101, so returning the closest version found: 99
mai 15, 2022 6:34:31 PM org.openqa.selenium.devtools.CdpVersionFinder findNearestMatch
INFORMAÇÕES: Found CDP implementation for version 101 of 99
</system-err>
  </testcase>
  <testcase classname="Criação de subprojetos" name="Criar um subprojeto com sucesso #2" time="10.149">
    <error message="The step &quot;clicar no botão de salvar subprojeto&quot; is undefined. You can implement it using the snippet(s) below:

@Quando(&quot;clicar no botão de salvar subprojeto&quot;)
public void clicarNoBotãoDeSalvarSubprojeto() {
    // Write code here that turns the phrase above into concrete actions
    throw new io.cucumber.java.PendingException();
}
" type="io.cucumber.junit.UndefinedStepException">io.cucumber.junit.UndefinedStepException: The step &quot;clicar no botão de salvar subprojeto&quot; is undefined. You can implement it using the snippet(s) below:

@Quando(&quot;clicar no botão de salvar subprojeto&quot;)
public void clicarNoBotãoDeSalvarSubprojeto() {
    // Write code here that turns the phrase above into concrete actions
    throw new io.cucumber.java.PendingException();
}

</error>
    <system-out>
Esquema do CenÃ¡rio: Criar um subprojeto com sucesso                    &amp;#27;[90m# features/subprojeto.feature:27&amp;#27;[0m
  &amp;#27;[32mDado &amp;#27;[0m&amp;#27;[32mque o usuario esteja na pagina de login do Mantis&amp;#27;[0m               &amp;#27;[90m# steps.login.LoginStep.queOUsuarioEstejaNaPaginaDeLoginDoMantis()&amp;#27;[0m
  &amp;#27;[32mE &amp;#27;[0m&amp;#27;[32mque o usuario tenha feito o login com sucesso&amp;#27;[0m                      &amp;#27;[90m# steps.subprojeto.SubProjetoStep.queOUsuarioTenhaFeitoOLoginComSucesso()&amp;#27;[0m
  &amp;#27;[32mQuando &amp;#27;[0m&amp;#27;[32mclicar no projeto desejado &amp;#27;[0m&amp;#27;[32m&amp;#27;[1m&quot;Teste projeto SQL 02&quot;&amp;#27;[0m             &amp;#27;[90m# steps.subprojeto.SubProjetoStep.clicarNoProjetoDesejado(java.lang.String)&amp;#27;[0m
  &amp;#27;[32mE &amp;#27;[0m&amp;#27;[32mclicar no botao de cadastrar subProjeto&amp;#27;[0m                            &amp;#27;[90m# steps.subprojeto.SubProjetoStep.clicarNoBotaoDeCadastrarSubProjeto()&amp;#27;[0m
  &amp;#27;[32mE &amp;#27;[0m&amp;#27;[32mpreencher o nome do subprojeto &amp;#27;[0m&amp;#27;[32m&amp;#27;[1m&quot;Subprojeto 02&quot;&amp;#27;[0m                     &amp;#27;[90m# steps.subprojeto.SubProjetoStep.preencherONomeDoSubprojeto(java.lang.String)&amp;#27;[0m
  &amp;#27;[32mE &amp;#27;[0m&amp;#27;[32mdefinir o estado do subprojeto &amp;#27;[0m&amp;#27;[32m&amp;#27;[1mrelease&amp;#27;[0m                             &amp;#27;[90m# steps.subprojeto.SubProjetoStep.definirOEstadoDoSubprojetoEstado(java.lang.String)&amp;#27;[0m
  &amp;#27;[32mE &amp;#27;[0m&amp;#27;[32mmarcar a opcao herdar categorias globais&amp;#27;[0m                           &amp;#27;[90m# steps.subprojeto.SubProjetoStep.marcarAOpcaoHerdarCategoriasGlobais()&amp;#27;[0m
  &amp;#27;[32mE &amp;#27;[0m&amp;#27;[32mmarcar a opcao herdar categorias da tarefa pai&amp;#27;[0m                     &amp;#27;[90m# steps.subprojeto.SubProjetoStep.marcarAOpcaoHerdarCategoriasDaTarefaPai()&amp;#27;[0m
  &amp;#27;[32mE &amp;#27;[0m&amp;#27;[32mselecionar a visibilidade do projeto&amp;#27;[0m                               &amp;#27;[90m# steps.subprojeto.SubProjetoStep.selecionarAVisibilidadeDoProjeto()&amp;#27;[0m
  &amp;#27;[32mE &amp;#27;[0m&amp;#27;[32mpreencher a descricao do subprojeto &amp;#27;[0m&amp;#27;[32m&amp;#27;[1m&quot;SubProjeto criado como teste&quot;&amp;#27;[0m &amp;#27;[90m# steps.subprojeto.SubProjetoStep.preencherADescricaoDoSubprojeto(java.lang.String)&amp;#27;[0m
  &amp;#27;[33mE &amp;#27;[0m&amp;#27;[33mclicar no botÃ£o de salvar subprojeto&amp;#27;[0m                               &amp;#27;[90m# null&amp;#27;[0m
  &amp;#27;[36mEntÃ£o &amp;#27;[0m&amp;#27;[36mo sistema deve efetuar o cadastro do subprojeto com sucesso&amp;#27;[0m    &amp;#27;[90m# steps.subprojeto.SubProjetoStep.oSistemaDeveEfetuarOCadastroDoSubprojetoComSucesso()&amp;#27;[0m
</system-out>
    <system-err>Starting ChromeDriver 100.0.4896.60 (6a5d10861ce8de5fce22564658033b43cb7de047-refs/branch-heads/4896@{#875}) on port 63149
Only local connections are allowed.
Please see https://chromedriver.chromium.org/security-considerations for suggestions on keeping ChromeDriver safe.
ChromeDriver was started successfully.
[1652650482.383][WARNING]: This version of ChromeDriver has not been tested with Chrome version 101.
mai 15, 2022 6:34:42 PM org.openqa.selenium.remote.ProtocolHandshake createSession
INFORMAÇÕES: Detected dialect: W3C
mai 15, 2022 6:34:42 PM org.openqa.selenium.devtools.CdpVersionFinder findNearestMatch
ADVERTÊNCIA: Unable to find an exact match for CDP version 101, so returning the closest version found: 99
mai 15, 2022 6:34:42 PM org.openqa.selenium.devtools.CdpVersionFinder findNearestMatch
INFORMAÇÕES: Found CDP implementation for version 101 of 99
</system-err>
  </testcase>
  <testcase classname="Criação de subprojetos" name="Criar um subprojeto com sucesso #3" time="10.229">
    <error message="The step &quot;clicar no botão de salvar subprojeto&quot; is undefined. You can implement it using the snippet(s) below:

@Quando(&quot;clicar no botão de salvar subprojeto&quot;)
public void clicarNoBotãoDeSalvarSubprojeto() {
    // Write code here that turns the phrase above into concrete actions
    throw new io.cucumber.java.PendingException();
}
" type="io.cucumber.junit.UndefinedStepException">io.cucumber.junit.UndefinedStepException: The step &quot;clicar no botão de salvar subprojeto&quot; is undefined. You can implement it using the snippet(s) below:

@Quando(&quot;clicar no botão de salvar subprojeto&quot;)
public void clicarNoBotãoDeSalvarSubprojeto() {
    // Write code here that turns the phrase above into concrete actions
    throw new io.cucumber.java.PendingException();
}

</error>
    <system-out>
Esquema do CenÃ¡rio: Criar um subprojeto com sucesso                    &amp;#27;[90m# features/subprojeto.feature:28&amp;#27;[0m
  &amp;#27;[32mDado &amp;#27;[0m&amp;#27;[32mque o usuario esteja na pagina de login do Mantis&amp;#27;[0m               &amp;#27;[90m# steps.login.LoginStep.queOUsuarioEstejaNaPaginaDeLoginDoMantis()&amp;#27;[0m
  &amp;#27;[32mE &amp;#27;[0m&amp;#27;[32mque o usuario tenha feito o login com sucesso&amp;#27;[0m                      &amp;#27;[90m# steps.subprojeto.SubProjetoStep.queOUsuarioTenhaFeitoOLoginComSucesso()&amp;#27;[0m
  &amp;#27;[32mQuando &amp;#27;[0m&amp;#27;[32mclicar no projeto desejado &amp;#27;[0m&amp;#27;[32m&amp;#27;[1m&quot;Teste projeto SQL 02&quot;&amp;#27;[0m             &amp;#27;[90m# steps.subprojeto.SubProjetoStep.clicarNoProjetoDesejado(java.lang.String)&amp;#27;[0m
  &amp;#27;[32mE &amp;#27;[0m&amp;#27;[32mclicar no botao de cadastrar subProjeto&amp;#27;[0m                            &amp;#27;[90m# steps.subprojeto.SubProjetoStep.clicarNoBotaoDeCadastrarSubProjeto()&amp;#27;[0m
  &amp;#27;[32mE &amp;#27;[0m&amp;#27;[32mpreencher o nome do subprojeto &amp;#27;[0m&amp;#27;[32m&amp;#27;[1m&quot;Subprojeto 02&quot;&amp;#27;[0m                     &amp;#27;[90m# steps.subprojeto.SubProjetoStep.preencherONomeDoSubprojeto(java.lang.String)&amp;#27;[0m
  &amp;#27;[32mE &amp;#27;[0m&amp;#27;[32mdefinir o estado do subprojeto &amp;#27;[0m&amp;#27;[32m&amp;#27;[1mobsoleto&amp;#27;[0m                            &amp;#27;[90m# steps.subprojeto.SubProjetoStep.definirOEstadoDoSubprojetoEstado(java.lang.String)&amp;#27;[0m
  &amp;#27;[32mE &amp;#27;[0m&amp;#27;[32mmarcar a opcao herdar categorias globais&amp;#27;[0m                           &amp;#27;[90m# steps.subprojeto.SubProjetoStep.marcarAOpcaoHerdarCategoriasGlobais()&amp;#27;[0m
  &amp;#27;[32mE &amp;#27;[0m&amp;#27;[32mmarcar a opcao herdar categorias da tarefa pai&amp;#27;[0m                     &amp;#27;[90m# steps.subprojeto.SubProjetoStep.marcarAOpcaoHerdarCategoriasDaTarefaPai()&amp;#27;[0m
  &amp;#27;[32mE &amp;#27;[0m&amp;#27;[32mselecionar a visibilidade do projeto&amp;#27;[0m                               &amp;#27;[90m# steps.subprojeto.SubProjetoStep.selecionarAVisibilidadeDoProjeto()&amp;#27;[0m
  &amp;#27;[32mE &amp;#27;[0m&amp;#27;[32mpreencher a descricao do subprojeto &amp;#27;[0m&amp;#27;[32m&amp;#27;[1m&quot;SubProjeto criado como teste&quot;&amp;#27;[0m &amp;#27;[90m# steps.subprojeto.SubProjetoStep.preencherADescricaoDoSubprojeto(java.lang.String)&amp;#27;[0m
  &amp;#27;[33mE &amp;#27;[0m&amp;#27;[33mclicar no botÃ£o de salvar subprojeto&amp;#27;[0m                               &amp;#27;[90m# null&amp;#27;[0m
  &amp;#27;[36mEntÃ£o &amp;#27;[0m&amp;#27;[36mo sistema deve efetuar o cadastro do subprojeto com sucesso&amp;#27;[0m    &amp;#27;[90m# steps.subprojeto.SubProjetoStep.oSistemaDeveEfetuarOCadastroDoSubprojetoComSucesso()&amp;#27;[0m
</system-out>
    <system-err>Starting ChromeDriver 100.0.4896.60 (6a5d10861ce8de5fce22564658033b43cb7de047-refs/branch-heads/4896@{#875}) on port 59027
Only local connections are allowed.
Please see https://chromedriver.chromium.org/security-considerations for suggestions on keeping ChromeDriver safe.
ChromeDriver was started successfully.
[1652650492.578][WARNING]: This version of ChromeDriver has not been tested with Chrome version 101.
mai 15, 2022 6:34:52 PM org.openqa.selenium.remote.ProtocolHandshake createSession
INFORMAÇÕES: Detected dialect: W3C
mai 15, 2022 6:34:52 PM org.openqa.selenium.devtools.CdpVersionFinder findNearestMatch
ADVERTÊNCIA: Unable to find an exact match for CDP version 101, so returning the closest version found: 99
mai 15, 2022 6:34:52 PM org.openqa.selenium.devtools.CdpVersionFinder findNearestMatch
INFORMAÇÕES: Found CDP implementation for version 101 of 99
</system-err>
  </testcase>
  <testcase classname="Criação de subprojetos" name="Criar um subprojeto sem nome" time="9.518">
    <error message="The step &quot;clicar no botão de salvar subprojeto&quot; is undefined. You can implement it using the snippet(s) below:

@Quando(&quot;clicar no botão de salvar subprojeto&quot;)
public void clicarNoBotãoDeSalvarSubprojeto() {
    // Write code here that turns the phrase above into concrete actions
    throw new io.cucumber.java.PendingException();
}
" type="io.cucumber.junit.UndefinedStepException">io.cucumber.junit.UndefinedStepException: The step &quot;clicar no botão de salvar subprojeto&quot; is undefined. You can implement it using the snippet(s) below:

@Quando(&quot;clicar no botão de salvar subprojeto&quot;)
public void clicarNoBotãoDeSalvarSubprojeto() {
    // Write code here that turns the phrase above into concrete actions
    throw new io.cucumber.java.PendingException();
}

</error>
    <system-out>
CenÃ¡rio: Criar um subprojeto sem nome                       &amp;#27;[90m# features/subprojeto.feature:30&amp;#27;[0m
  &amp;#27;[32mDado &amp;#27;[0m&amp;#27;[32mque o usuario esteja na pagina de login do Mantis&amp;#27;[0m    &amp;#27;[90m# steps.login.LoginStep.queOUsuarioEstejaNaPaginaDeLoginDoMantis()&amp;#27;[0m
  &amp;#27;[32mE &amp;#27;[0m&amp;#27;[32mque o usuario tenha feito o login com sucesso&amp;#27;[0m           &amp;#27;[90m# steps.subprojeto.SubProjetoStep.queOUsuarioTenhaFeitoOLoginComSucesso()&amp;#27;[0m
  &amp;#27;[32mQuando &amp;#27;[0m&amp;#27;[32mclicar no projeto desejado &amp;#27;[0m&amp;#27;[32m&amp;#27;[1m&quot;Teste projeto SQL 02&quot;&amp;#27;[0m  &amp;#27;[90m# steps.subprojeto.SubProjetoStep.clicarNoProjetoDesejado(java.lang.String)&amp;#27;[0m
  &amp;#27;[32mE &amp;#27;[0m&amp;#27;[32mclicar no botao de cadastrar subProjeto&amp;#27;[0m                 &amp;#27;[90m# steps.subprojeto.SubProjetoStep.clicarNoBotaoDeCadastrarSubProjeto()&amp;#27;[0m
  &amp;#27;[33mE &amp;#27;[0m&amp;#27;[33mclicar no botÃ£o de salvar subprojeto&amp;#27;[0m                    &amp;#27;[90m# null&amp;#27;[0m
  &amp;#27;[36mEntÃ£o &amp;#27;[0m&amp;#27;[36mo sistema deve permanecer na mesma tela de cadastro&amp;#27;[0m &amp;#27;[90m# steps.subprojeto.SubProjetoStep.oSistemaDevePermanecerNaMesmaTelaDeCadastro()&amp;#27;[0m
</system-out>
    <system-err>Starting ChromeDriver 100.0.4896.60 (6a5d10861ce8de5fce22564658033b43cb7de047-refs/branch-heads/4896@{#875}) on port 62983
Only local connections are allowed.
Please see https://chromedriver.chromium.org/security-considerations for suggestions on keeping ChromeDriver safe.
ChromeDriver was started successfully.
[1652650502.823][WARNING]: This version of ChromeDriver has not been tested with Chrome version 101.
mai 15, 2022 6:35:03 PM org.openqa.selenium.remote.ProtocolHandshake createSession
INFORMAÇÕES: Detected dialect: W3C
mai 15, 2022 6:35:03 PM org.openqa.selenium.devtools.CdpVersionFinder findNearestMatch
ADVERTÊNCIA: Unable to find an exact match for CDP version 101, so returning the closest version found: 99
mai 15, 2022 6:35:03 PM org.openqa.selenium.devtools.CdpVersionFinder findNearestMatch
INFORMAÇÕES: Found CDP implementation for version 101 of 99
</system-err>
  </testcase>
  <testcase classname="Criação de subprojetos" name="Criar um subprojeto com o mesmo nome do subprojeto" time="9.87">
    <error message="The step &quot;clicar no botão de salvar subprojeto&quot; is undefined. You can implement it using the snippet(s) below:

@Quando(&quot;clicar no botão de salvar subprojeto&quot;)
public void clicarNoBotãoDeSalvarSubprojeto() {
    // Write code here that turns the phrase above into concrete actions
    throw new io.cucumber.java.PendingException();
}
" type="io.cucumber.junit.UndefinedStepException">io.cucumber.junit.UndefinedStepException: The step &quot;clicar no botão de salvar subprojeto&quot; is undefined. You can implement it using the snippet(s) below:

@Quando(&quot;clicar no botão de salvar subprojeto&quot;)
public void clicarNoBotãoDeSalvarSubprojeto() {
    // Write code here that turns the phrase above into concrete actions
    throw new io.cucumber.java.PendingException();
}

</error>
    <system-out>
CenÃ¡rio: Criar um subprojeto com o mesmo nome do subprojeto     &amp;#27;[90m# features/subprojeto.feature:36&amp;#27;[0m
  &amp;#27;[32mDado &amp;#27;[0m&amp;#27;[32mque o usuario esteja na pagina de login do Mantis&amp;#27;[0m        &amp;#27;[90m# steps.login.LoginStep.queOUsuarioEstejaNaPaginaDeLoginDoMantis()&amp;#27;[0m
  &amp;#27;[32mE &amp;#27;[0m&amp;#27;[32mque o usuario tenha feito o login com sucesso&amp;#27;[0m               &amp;#27;[90m# steps.subprojeto.SubProjetoStep.queOUsuarioTenhaFeitoOLoginComSucesso()&amp;#27;[0m
  &amp;#27;[32mQuando &amp;#27;[0m&amp;#27;[32mclicar no projeto desejado &amp;#27;[0m&amp;#27;[32m&amp;#27;[1m&quot;Teste projeto SQL 02&quot;&amp;#27;[0m      &amp;#27;[90m# steps.subprojeto.SubProjetoStep.clicarNoProjetoDesejado(java.lang.String)&amp;#27;[0m
  &amp;#27;[32mE &amp;#27;[0m&amp;#27;[32mclicar no botao de cadastrar subProjeto&amp;#27;[0m                     &amp;#27;[90m# steps.subprojeto.SubProjetoStep.clicarNoBotaoDeCadastrarSubProjeto()&amp;#27;[0m
  &amp;#27;[32mE &amp;#27;[0m&amp;#27;[32mpreencher o nome do subprojeto &amp;#27;[0m&amp;#27;[32m&amp;#27;[1m&quot;Subprojeto 02&quot;&amp;#27;[0m              &amp;#27;[90m# steps.subprojeto.SubProjetoStep.preencherONomeDoSubprojeto(java.lang.String)&amp;#27;[0m
  &amp;#27;[33mE &amp;#27;[0m&amp;#27;[33mclicar no botÃ£o de salvar subprojeto&amp;#27;[0m                        &amp;#27;[90m# null&amp;#27;[0m
  &amp;#27;[36mE &amp;#27;[0m&amp;#27;[36mclicar no projeto desejado &amp;#27;[0m&amp;#27;[36m&amp;#27;[1m&quot;Teste projeto SQL 02&quot;&amp;#27;[0m&amp;#27;[36m novamente&amp;#27;[0m &amp;#27;[90m# steps.subprojeto.SubProjetoStep.clicarNoProjetoDesejadoNovamente(java.lang.String)&amp;#27;[0m
  &amp;#27;[36mE &amp;#27;[0m&amp;#27;[36mclicar no botao de cadastrar subProjeto&amp;#27;[0m                     &amp;#27;[90m# steps.subprojeto.SubProjetoStep.clicarNoBotaoDeCadastrarSubProjeto()&amp;#27;[0m
  &amp;#27;[36mE &amp;#27;[0m&amp;#27;[36mpreencher o nome do subprojeto &amp;#27;[0m&amp;#27;[36m&amp;#27;[1m&quot;Subprojeto 02&quot;&amp;#27;[0m              &amp;#27;[90m# steps.subprojeto.SubProjetoStep.preencherONomeDoSubprojeto(java.lang.String)&amp;#27;[0m
  &amp;#27;[36mE &amp;#27;[0m&amp;#27;[36mclicar no botÃ£o de salvar subprojeto&amp;#27;[0m                        &amp;#27;[90m# null&amp;#27;[0m
  &amp;#27;[36mEntÃ£o &amp;#27;[0m&amp;#27;[36mo sistema deve emitir uma mensagem de erro&amp;#27;[0m              &amp;#27;[90m# steps.subprojeto.SubProjetoStep.oSistemaDeveEmitirUmaMensagemDeErro()&amp;#27;[0m
</system-out>
    <system-err>Starting ChromeDriver 100.0.4896.60 (6a5d10861ce8de5fce22564658033b43cb7de047-refs/branch-heads/4896@{#875}) on port 49753
Only local connections are allowed.
Please see https://chromedriver.chromium.org/security-considerations for suggestions on keeping ChromeDriver safe.
ChromeDriver was started successfully.
[1652650512.403][WARNING]: This version of ChromeDriver has not been tested with Chrome version 101.
mai 15, 2022 6:35:12 PM org.openqa.selenium.remote.ProtocolHandshake createSession
INFORMAÇÕES: Detected dialect: W3C
mai 15, 2022 6:35:12 PM org.openqa.selenium.devtools.CdpVersionFinder findNearestMatch
ADVERTÊNCIA: Unable to find an exact match for CDP version 101, so returning the closest version found: 99
mai 15, 2022 6:35:12 PM org.openqa.selenium.devtools.CdpVersionFinder findNearestMatch
INFORMAÇÕES: Found CDP implementation for version 101 of 99
</system-err>
  </testcase>
  <testcase classname="Criação de subprojetos" name="Criar um subprojeto com o mesmo nome do projeto" time="9.593">
    <error message="The step &quot;clicar no botão de salvar subprojeto&quot; is undefined. You can implement it using the snippet(s) below:

@Quando(&quot;clicar no botão de salvar subprojeto&quot;)
public void clicarNoBotãoDeSalvarSubprojeto() {
    // Write code here that turns the phrase above into concrete actions
    throw new io.cucumber.java.PendingException();
}
" type="io.cucumber.junit.UndefinedStepException">io.cucumber.junit.UndefinedStepException: The step &quot;clicar no botão de salvar subprojeto&quot; is undefined. You can implement it using the snippet(s) below:

@Quando(&quot;clicar no botão de salvar subprojeto&quot;)
public void clicarNoBotãoDeSalvarSubprojeto() {
    // Write code here that turns the phrase above into concrete actions
    throw new io.cucumber.java.PendingException();
}

</error>
    <system-out>
CenÃ¡rio: Criar um subprojeto com o mesmo nome do projeto   &amp;#27;[90m# features/subprojeto.feature:47&amp;#27;[0m
  &amp;#27;[32mDado &amp;#27;[0m&amp;#27;[32mque o usuario esteja na pagina de login do Mantis&amp;#27;[0m   &amp;#27;[90m# steps.login.LoginStep.queOUsuarioEstejaNaPaginaDeLoginDoMantis()&amp;#27;[0m
  &amp;#27;[32mE &amp;#27;[0m&amp;#27;[32mque o usuario tenha feito o login com sucesso&amp;#27;[0m          &amp;#27;[90m# steps.subprojeto.SubProjetoStep.queOUsuarioTenhaFeitoOLoginComSucesso()&amp;#27;[0m
  &amp;#27;[32mQuando &amp;#27;[0m&amp;#27;[32mclicar no projeto desejado &amp;#27;[0m&amp;#27;[32m&amp;#27;[1m&quot;Teste projeto SQL 02&quot;&amp;#27;[0m &amp;#27;[90m# steps.subprojeto.SubProjetoStep.clicarNoProjetoDesejado(java.lang.String)&amp;#27;[0m
  &amp;#27;[32mE &amp;#27;[0m&amp;#27;[32mclicar no botao de cadastrar subProjeto&amp;#27;[0m                &amp;#27;[90m# steps.subprojeto.SubProjetoStep.clicarNoBotaoDeCadastrarSubProjeto()&amp;#27;[0m
  &amp;#27;[32mE &amp;#27;[0m&amp;#27;[32mpreencher o nome do subprojeto &amp;#27;[0m&amp;#27;[32m&amp;#27;[1m&quot;Teste projeto SQL 02&quot;&amp;#27;[0m  &amp;#27;[90m# steps.subprojeto.SubProjetoStep.preencherONomeDoSubprojeto(java.lang.String)&amp;#27;[0m
  &amp;#27;[33mE &amp;#27;[0m&amp;#27;[33mclicar no botÃ£o de salvar subprojeto&amp;#27;[0m                   &amp;#27;[90m# null&amp;#27;[0m
  &amp;#27;[36mEntÃ£o &amp;#27;[0m&amp;#27;[36mo sistema deve emitir uma mensagem de erro&amp;#27;[0m         &amp;#27;[90m# steps.subprojeto.SubProjetoStep.oSistemaDeveEmitirUmaMensagemDeErro()&amp;#27;[0m
</system-out>
    <system-err>Starting ChromeDriver 100.0.4896.60 (6a5d10861ce8de5fce22564658033b43cb7de047-refs/branch-heads/4896@{#875}) on port 52120
Only local connections are allowed.
Please see https://chromedriver.chromium.org/security-considerations for suggestions on keeping ChromeDriver safe.
ChromeDriver was started successfully.
[1652650522.178][WARNING]: This version of ChromeDriver has not been tested with Chrome version 101.
mai 15, 2022 6:35:22 PM org.openqa.selenium.remote.ProtocolHandshake createSession
INFORMAÇÕES: Detected dialect: W3C
mai 15, 2022 6:35:22 PM org.openqa.selenium.devtools.CdpVersionFinder findNearestMatch
ADVERTÊNCIA: Unable to find an exact match for CDP version 101, so returning the closest version found: 99
mai 15, 2022 6:35:22 PM org.openqa.selenium.devtools.CdpVersionFinder findNearestMatch
INFORMAÇÕES: Found CDP implementation for version 101 of 99
</system-err>
  </testcase>
  <testcase classname="Criação de subprojetos" name="Criar um subprojeto com número no nome #1" time="9.742">
    <error message="The step &quot;clicar no botão de salvar subprojeto&quot; is undefined. You can implement it using the snippet(s) below:

@Quando(&quot;clicar no botão de salvar subprojeto&quot;)
public void clicarNoBotãoDeSalvarSubprojeto() {
    // Write code here that turns the phrase above into concrete actions
    throw new io.cucumber.java.PendingException();
}


Some other steps were also undefined:

@Então(&quot;o sistema deve efetuar o cadastro do subprojeto com número com sucesso&quot;)
public void oSistemaDeveEfetuarOCadastroDoSubprojetoComNúmeroComSucesso() {
    // Write code here that turns the phrase above into concrete actions
    throw new io.cucumber.java.PendingException();
}
" type="io.cucumber.junit.UndefinedStepException">io.cucumber.junit.UndefinedStepException: The step &quot;clicar no botão de salvar subprojeto&quot; is undefined. You can implement it using the snippet(s) below:

@Quando(&quot;clicar no botão de salvar subprojeto&quot;)
public void clicarNoBotãoDeSalvarSubprojeto() {
    // Write code here that turns the phrase above into concrete actions
    throw new io.cucumber.java.PendingException();
}


Some other steps were also undefined:

@Então(&quot;o sistema deve efetuar o cadastro do subprojeto com número com sucesso&quot;)
public void oSistemaDeveEfetuarOCadastroDoSubprojetoComNúmeroComSucesso() {
    // Write code here that turns the phrase above into concrete actions
    throw new io.cucumber.java.PendingException();
}

</error>
    <system-out>
Esquema do CenÃ¡rio: Criar um subprojeto com nÃºmero no nome                     &amp;#27;[90m# features/subprojeto.feature:67&amp;#27;[0m
  &amp;#27;[32mDado &amp;#27;[0m&amp;#27;[32mque o usuario esteja na pagina de login do Mantis&amp;#27;[0m                       &amp;#27;[90m# steps.login.LoginStep.queOUsuarioEstejaNaPaginaDeLoginDoMantis()&amp;#27;[0m
  &amp;#27;[32mE &amp;#27;[0m&amp;#27;[32mque o usuario tenha feito o login com sucesso&amp;#27;[0m                              &amp;#27;[90m# steps.subprojeto.SubProjetoStep.queOUsuarioTenhaFeitoOLoginComSucesso()&amp;#27;[0m
  &amp;#27;[32mQuando &amp;#27;[0m&amp;#27;[32mclicar no projeto desejado &amp;#27;[0m&amp;#27;[32m&amp;#27;[1m&quot;Teste projeto SQL 02&quot;&amp;#27;[0m                     &amp;#27;[90m# steps.subprojeto.SubProjetoStep.clicarNoProjetoDesejado(java.lang.String)&amp;#27;[0m
  &amp;#27;[32mE &amp;#27;[0m&amp;#27;[32mclicar no botao de cadastrar subProjeto&amp;#27;[0m                                    &amp;#27;[90m# steps.subprojeto.SubProjetoStep.clicarNoBotaoDeCadastrarSubProjeto()&amp;#27;[0m
  &amp;#27;[32mE &amp;#27;[0m&amp;#27;[32mpreencher o nome do subprojeto &amp;#27;[0m&amp;#27;[32m&amp;#27;[1m&quot;123456789&quot;&amp;#27;[0m                                 &amp;#27;[90m# steps.subprojeto.SubProjetoStep.preencherONomeDoSubprojeto(java.lang.String)&amp;#27;[0m
  &amp;#27;[32mE &amp;#27;[0m&amp;#27;[32mdefinir o estado do subprojeto &amp;#27;[0m&amp;#27;[32m&amp;#27;[1mdesenvolvimento&amp;#27;[0m                             &amp;#27;[90m# steps.subprojeto.SubProjetoStep.definirOEstadoDoSubprojetoEstado(java.lang.String)&amp;#27;[0m
  &amp;#27;[32mE &amp;#27;[0m&amp;#27;[32mmarcar a opcao herdar categorias globais&amp;#27;[0m                                   &amp;#27;[90m# steps.subprojeto.SubProjetoStep.marcarAOpcaoHerdarCategoriasGlobais()&amp;#27;[0m
  &amp;#27;[32mE &amp;#27;[0m&amp;#27;[32mmarcar a opcao herdar categorias da tarefa pai&amp;#27;[0m                             &amp;#27;[90m# steps.subprojeto.SubProjetoStep.marcarAOpcaoHerdarCategoriasDaTarefaPai()&amp;#27;[0m
  &amp;#27;[32mE &amp;#27;[0m&amp;#27;[32mselecionar a visibilidade do projeto&amp;#27;[0m                                       &amp;#27;[90m# steps.subprojeto.SubProjetoStep.selecionarAVisibilidadeDoProjeto()&amp;#27;[0m
  &amp;#27;[33mE &amp;#27;[0m&amp;#27;[33mclicar no botÃ£o de salvar subprojeto&amp;#27;[0m                                       &amp;#27;[90m# null&amp;#27;[0m
  &amp;#27;[36mEntÃ£o &amp;#27;[0m&amp;#27;[36mo sistema deve efetuar o cadastro do subprojeto com nÃºmero com sucesso&amp;#27;[0m &amp;#27;[90m# null&amp;#27;[0m
</system-out>
    <system-err>Starting ChromeDriver 100.0.4896.60 (6a5d10861ce8de5fce22564658033b43cb7de047-refs/branch-heads/4896@{#875}) on port 52438
Only local connections are allowed.
Please see https://chromedriver.chromium.org/security-considerations for suggestions on keeping ChromeDriver safe.
ChromeDriver was started successfully.
[1652650531.791][WARNING]: This version of ChromeDriver has not been tested with Chrome version 101.
mai 15, 2022 6:35:32 PM org.openqa.selenium.remote.ProtocolHandshake createSession
INFORMAÇÕES: Detected dialect: W3C
mai 15, 2022 6:35:32 PM org.openqa.selenium.devtools.CdpVersionFinder findNearestMatch
ADVERTÊNCIA: Unable to find an exact match for CDP version 101, so returning the closest version found: 99
mai 15, 2022 6:35:32 PM org.openqa.selenium.devtools.CdpVersionFinder findNearestMatch
INFORMAÇÕES: Found CDP implementation for version 101 of 99
</system-err>
  </testcase>
  <testcase classname="Criação de subprojetos" name="Criar um subprojeto com número no nome #2" time="9.968">
    <error message="The step &quot;clicar no botão de salvar subprojeto&quot; is undefined. You can implement it using the snippet(s) below:

@Quando(&quot;clicar no botão de salvar subprojeto&quot;)
public void clicarNoBotãoDeSalvarSubprojeto() {
    // Write code here that turns the phrase above into concrete actions
    throw new io.cucumber.java.PendingException();
}


Some other steps were also undefined:

@Então(&quot;o sistema deve efetuar o cadastro do subprojeto com número com sucesso&quot;)
public void oSistemaDeveEfetuarOCadastroDoSubprojetoComNúmeroComSucesso() {
    // Write code here that turns the phrase above into concrete actions
    throw new io.cucumber.java.PendingException();
}
" type="io.cucumber.junit.UndefinedStepException">io.cucumber.junit.UndefinedStepException: The step &quot;clicar no botão de salvar subprojeto&quot; is undefined. You can implement it using the snippet(s) below:

@Quando(&quot;clicar no botão de salvar subprojeto&quot;)
public void clicarNoBotãoDeSalvarSubprojeto() {
    // Write code here that turns the phrase above into concrete actions
    throw new io.cucumber.java.PendingException();
}


Some other steps were also undefined:

@Então(&quot;o sistema deve efetuar o cadastro do subprojeto com número com sucesso&quot;)
public void oSistemaDeveEfetuarOCadastroDoSubprojetoComNúmeroComSucesso() {
    // Write code here that turns the phrase above into concrete actions
    throw new io.cucumber.java.PendingException();
}

</error>
    <system-out>
Esquema do CenÃ¡rio: Criar um subprojeto com nÃºmero no nome                     &amp;#27;[90m# features/subprojeto.feature:68&amp;#27;[0m
  &amp;#27;[32mDado &amp;#27;[0m&amp;#27;[32mque o usuario esteja na pagina de login do Mantis&amp;#27;[0m                       &amp;#27;[90m# steps.login.LoginStep.queOUsuarioEstejaNaPaginaDeLoginDoMantis()&amp;#27;[0m
  &amp;#27;[32mE &amp;#27;[0m&amp;#27;[32mque o usuario tenha feito o login com sucesso&amp;#27;[0m                              &amp;#27;[90m# steps.subprojeto.SubProjetoStep.queOUsuarioTenhaFeitoOLoginComSucesso()&amp;#27;[0m
  &amp;#27;[32mQuando &amp;#27;[0m&amp;#27;[32mclicar no projeto desejado &amp;#27;[0m&amp;#27;[32m&amp;#27;[1m&quot;Teste projeto SQL 02&quot;&amp;#27;[0m                     &amp;#27;[90m# steps.subprojeto.SubProjetoStep.clicarNoProjetoDesejado(java.lang.String)&amp;#27;[0m
  &amp;#27;[32mE &amp;#27;[0m&amp;#27;[32mclicar no botao de cadastrar subProjeto&amp;#27;[0m                                    &amp;#27;[90m# steps.subprojeto.SubProjetoStep.clicarNoBotaoDeCadastrarSubProjeto()&amp;#27;[0m
  &amp;#27;[32mE &amp;#27;[0m&amp;#27;[32mpreencher o nome do subprojeto &amp;#27;[0m&amp;#27;[32m&amp;#27;[1m&quot;123456789&quot;&amp;#27;[0m                                 &amp;#27;[90m# steps.subprojeto.SubProjetoStep.preencherONomeDoSubprojeto(java.lang.String)&amp;#27;[0m
  &amp;#27;[32mE &amp;#27;[0m&amp;#27;[32mdefinir o estado do subprojeto &amp;#27;[0m&amp;#27;[32m&amp;#27;[1mrelease&amp;#27;[0m                                     &amp;#27;[90m# steps.subprojeto.SubProjetoStep.definirOEstadoDoSubprojetoEstado(java.lang.String)&amp;#27;[0m
  &amp;#27;[32mE &amp;#27;[0m&amp;#27;[32mmarcar a opcao herdar categorias globais&amp;#27;[0m                                   &amp;#27;[90m# steps.subprojeto.SubProjetoStep.marcarAOpcaoHerdarCategoriasGlobais()&amp;#27;[0m
  &amp;#27;[32mE &amp;#27;[0m&amp;#27;[32mmarcar a opcao herdar categorias da tarefa pai&amp;#27;[0m                             &amp;#27;[90m# steps.subprojeto.SubProjetoStep.marcarAOpcaoHerdarCategoriasDaTarefaPai()&amp;#27;[0m
  &amp;#27;[32mE &amp;#27;[0m&amp;#27;[32mselecionar a visibilidade do projeto&amp;#27;[0m                                       &amp;#27;[90m# steps.subprojeto.SubProjetoStep.selecionarAVisibilidadeDoProjeto()&amp;#27;[0m
  &amp;#27;[33mE &amp;#27;[0m&amp;#27;[33mclicar no botÃ£o de salvar subprojeto&amp;#27;[0m                                       &amp;#27;[90m# null&amp;#27;[0m
  &amp;#27;[36mEntÃ£o &amp;#27;[0m&amp;#27;[36mo sistema deve efetuar o cadastro do subprojeto com nÃºmero com sucesso&amp;#27;[0m &amp;#27;[90m# null&amp;#27;[0m
</system-out>
    <system-err>Starting ChromeDriver 100.0.4896.60 (6a5d10861ce8de5fce22564658033b43cb7de047-refs/branch-heads/4896@{#875}) on port 55265
Only local connections are allowed.
Please see https://chromedriver.chromium.org/security-considerations for suggestions on keeping ChromeDriver safe.
ChromeDriver was started successfully.
[1652650541.462][WARNING]: This version of ChromeDriver has not been tested with Chrome version 101.
mai 15, 2022 6:35:41 PM org.openqa.selenium.remote.ProtocolHandshake createSession
INFORMAÇÕES: Detected dialect: W3C
mai 15, 2022 6:35:41 PM org.openqa.selenium.devtools.CdpVersionFinder findNearestMatch
ADVERTÊNCIA: Unable to find an exact match for CDP version 101, so returning the closest version found: 99
mai 15, 2022 6:35:41 PM org.openqa.selenium.devtools.CdpVersionFinder findNearestMatch
INFORMAÇÕES: Found CDP implementation for version 101 of 99
</system-err>
  </testcase>
  <testcase classname="Criação de subprojetos" name="Criar um subprojeto com número no nome #3" time="9.962">
    <error message="The step &quot;clicar no botão de salvar subprojeto&quot; is undefined. You can implement it using the snippet(s) below:

@Quando(&quot;clicar no botão de salvar subprojeto&quot;)
public void clicarNoBotãoDeSalvarSubprojeto() {
    // Write code here that turns the phrase above into concrete actions
    throw new io.cucumber.java.PendingException();
}


Some other steps were also undefined:

@Então(&quot;o sistema deve efetuar o cadastro do subprojeto com número com sucesso&quot;)
public void oSistemaDeveEfetuarOCadastroDoSubprojetoComNúmeroComSucesso() {
    // Write code here that turns the phrase above into concrete actions
    throw new io.cucumber.java.PendingException();
}
" type="io.cucumber.junit.UndefinedStepException">io.cucumber.junit.UndefinedStepException: The step &quot;clicar no botão de salvar subprojeto&quot; is undefined. You can implement it using the snippet(s) below:

@Quando(&quot;clicar no botão de salvar subprojeto&quot;)
public void clicarNoBotãoDeSalvarSubprojeto() {
    // Write code here that turns the phrase above into concrete actions
    throw new io.cucumber.java.PendingException();
}


Some other steps were also undefined:

@Então(&quot;o sistema deve efetuar o cadastro do subprojeto com número com sucesso&quot;)
public void oSistemaDeveEfetuarOCadastroDoSubprojetoComNúmeroComSucesso() {
    // Write code here that turns the phrase above into concrete actions
    throw new io.cucumber.java.PendingException();
}

</error>
    <system-out>
Esquema do CenÃ¡rio: Criar um subprojeto com nÃºmero no nome                     &amp;#27;[90m# features/subprojeto.feature:69&amp;#27;[0m
  &amp;#27;[32mDado &amp;#27;[0m&amp;#27;[32mque o usuario esteja na pagina de login do Mantis&amp;#27;[0m                       &amp;#27;[90m# steps.login.LoginStep.queOUsuarioEstejaNaPaginaDeLoginDoMantis()&amp;#27;[0m
  &amp;#27;[32mE &amp;#27;[0m&amp;#27;[32mque o usuario tenha feito o login com sucesso&amp;#27;[0m                              &amp;#27;[90m# steps.subprojeto.SubProjetoStep.queOUsuarioTenhaFeitoOLoginComSucesso()&amp;#27;[0m
  &amp;#27;[32mQuando &amp;#27;[0m&amp;#27;[32mclicar no projeto desejado &amp;#27;[0m&amp;#27;[32m&amp;#27;[1m&quot;Teste projeto SQL 02&quot;&amp;#27;[0m                     &amp;#27;[90m# steps.subprojeto.SubProjetoStep.clicarNoProjetoDesejado(java.lang.String)&amp;#27;[0m
  &amp;#27;[32mE &amp;#27;[0m&amp;#27;[32mclicar no botao de cadastrar subProjeto&amp;#27;[0m                                    &amp;#27;[90m# steps.subprojeto.SubProjetoStep.clicarNoBotaoDeCadastrarSubProjeto()&amp;#27;[0m
  &amp;#27;[32mE &amp;#27;[0m&amp;#27;[32mpreencher o nome do subprojeto &amp;#27;[0m&amp;#27;[32m&amp;#27;[1m&quot;123456789&quot;&amp;#27;[0m                                 &amp;#27;[90m# steps.subprojeto.SubProjetoStep.preencherONomeDoSubprojeto(java.lang.String)&amp;#27;[0m
  &amp;#27;[32mE &amp;#27;[0m&amp;#27;[32mdefinir o estado do subprojeto &amp;#27;[0m&amp;#27;[32m&amp;#27;[1mobsoleto&amp;#27;[0m                                    &amp;#27;[90m# steps.subprojeto.SubProjetoStep.definirOEstadoDoSubprojetoEstado(java.lang.String)&amp;#27;[0m
  &amp;#27;[32mE &amp;#27;[0m&amp;#27;[32mmarcar a opcao herdar categorias globais&amp;#27;[0m                                   &amp;#27;[90m# steps.subprojeto.SubProjetoStep.marcarAOpcaoHerdarCategoriasGlobais()&amp;#27;[0m
  &amp;#27;[32mE &amp;#27;[0m&amp;#27;[32mmarcar a opcao herdar categorias da tarefa pai&amp;#27;[0m                             &amp;#27;[90m# steps.subprojeto.SubProjetoStep.marcarAOpcaoHerdarCategoriasDaTarefaPai()&amp;#27;[0m
  &amp;#27;[32mE &amp;#27;[0m&amp;#27;[32mselecionar a visibilidade do projeto&amp;#27;[0m                                       &amp;#27;[90m# steps.subprojeto.SubProjetoStep.selecionarAVisibilidadeDoProjeto()&amp;#27;[0m
  &amp;#27;[33mE &amp;#27;[0m&amp;#27;[33mclicar no botÃ£o de salvar subprojeto&amp;#27;[0m                                       &amp;#27;[90m# null&amp;#27;[0m
  &amp;#27;[36mEntÃ£o &amp;#27;[0m&amp;#27;[36mo sistema deve efetuar o cadastro do subprojeto com nÃºmero com sucesso&amp;#27;[0m &amp;#27;[90m# null&amp;#27;[0m
</system-out>
    <system-err>Starting ChromeDriver 100.0.4896.60 (6a5d10861ce8de5fce22564658033b43cb7de047-refs/branch-heads/4896@{#875}) on port 61317
Only local connections are allowed.
Please see https://chromedriver.chromium.org/security-considerations for suggestions on keeping ChromeDriver safe.
ChromeDriver was started successfully.
[1652650551.552][WARNING]: This version of ChromeDriver has not been tested with Chrome version 101.
mai 15, 2022 6:35:51 PM org.openqa.selenium.remote.ProtocolHandshake createSession
INFORMAÇÕES: Detected dialect: W3C
mai 15, 2022 6:35:51 PM org.openqa.selenium.devtools.CdpVersionFinder findNearestMatch
ADVERTÊNCIA: Unable to find an exact match for CDP version 101, so returning the closest version found: 99
mai 15, 2022 6:35:51 PM org.openqa.selenium.devtools.CdpVersionFinder findNearestMatch
INFORMAÇÕES: Found CDP implementation for version 101 of 99
</system-err>
  </testcase>
  <testcase classname="Criação de subprojetos" name="Criar um subprojeto com caracter especial no nome #1" time="10.802">
    <error message="The step &quot;clicar no botão de salvar subprojeto&quot; is undefined. You can implement it using the snippet(s) below:

@Quando(&quot;clicar no botão de salvar subprojeto&quot;)
public void clicarNoBotãoDeSalvarSubprojeto() {
    // Write code here that turns the phrase above into concrete actions
    throw new io.cucumber.java.PendingException();
}
" type="io.cucumber.junit.UndefinedStepException">io.cucumber.junit.UndefinedStepException: The step &quot;clicar no botão de salvar subprojeto&quot; is undefined. You can implement it using the snippet(s) below:

@Quando(&quot;clicar no botão de salvar subprojeto&quot;)
public void clicarNoBotãoDeSalvarSubprojeto() {
    // Write code here that turns the phrase above into concrete actions
    throw new io.cucumber.java.PendingException();
}

</error>
    <system-out>
Esquema do CenÃ¡rio: Criar um subprojeto com caracter especial no nome                     &amp;#27;[90m# features/subprojeto.feature:84&amp;#27;[0m
  &amp;#27;[32mDado &amp;#27;[0m&amp;#27;[32mque o usuario esteja na pagina de login do Mantis&amp;#27;[0m                                  &amp;#27;[90m# steps.login.LoginStep.queOUsuarioEstejaNaPaginaDeLoginDoMantis()&amp;#27;[0m
  &amp;#27;[32mE &amp;#27;[0m&amp;#27;[32mque o usuario tenha feito o login com sucesso&amp;#27;[0m                                         &amp;#27;[90m# steps.subprojeto.SubProjetoStep.queOUsuarioTenhaFeitoOLoginComSucesso()&amp;#27;[0m
  &amp;#27;[32mQuando &amp;#27;[0m&amp;#27;[32mclicar no projeto desejado &amp;#27;[0m&amp;#27;[32m&amp;#27;[1m&quot;Teste projeto SQL 02&quot;&amp;#27;[0m                                &amp;#27;[90m# steps.subprojeto.SubProjetoStep.clicarNoProjetoDesejado(java.lang.String)&amp;#27;[0m
  &amp;#27;[32mE &amp;#27;[0m&amp;#27;[32mclicar no botao de cadastrar subProjeto&amp;#27;[0m                                               &amp;#27;[90m# steps.subprojeto.SubProjetoStep.clicarNoBotaoDeCadastrarSubProjeto()&amp;#27;[0m
  &amp;#27;[32mE &amp;#27;[0m&amp;#27;[32mpreencher o nome do subprojeto &amp;#27;[0m&amp;#27;[32m&amp;#27;[1m&quot;#$#$%#%&amp;*(!!_&gt;&quot;&amp;#27;[0m                                       &amp;#27;[90m# steps.subprojeto.SubProjetoStep.preencherONomeDoSubprojeto(java.lang.String)&amp;#27;[0m
  &amp;#27;[32mE &amp;#27;[0m&amp;#27;[32mdefinir o estado do subprojeto &amp;#27;[0m&amp;#27;[32m&amp;#27;[1mdesenvolvimento&amp;#27;[0m                                        &amp;#27;[90m# steps.subprojeto.SubProjetoStep.definirOEstadoDoSubprojetoEstado(java.lang.String)&amp;#27;[0m
  &amp;#27;[32mE &amp;#27;[0m&amp;#27;[32mmarcar a opcao herdar categorias globais&amp;#27;[0m                                              &amp;#27;[90m# steps.subprojeto.SubProjetoStep.marcarAOpcaoHerdarCategoriasGlobais()&amp;#27;[0m
  &amp;#27;[32mE &amp;#27;[0m&amp;#27;[32mmarcar a opcao herdar categorias da tarefa pai&amp;#27;[0m                                        &amp;#27;[90m# steps.subprojeto.SubProjetoStep.marcarAOpcaoHerdarCategoriasDaTarefaPai()&amp;#27;[0m
  &amp;#27;[32mE &amp;#27;[0m&amp;#27;[32mselecionar a visibilidade do projeto&amp;#27;[0m                                                  &amp;#27;[90m# steps.subprojeto.SubProjetoStep.selecionarAVisibilidadeDoProjeto()&amp;#27;[0m
  &amp;#27;[33mE &amp;#27;[0m&amp;#27;[33mclicar no botÃ£o de salvar subprojeto&amp;#27;[0m                                                  &amp;#27;[90m# null&amp;#27;[0m
  &amp;#27;[36mEntÃ£o &amp;#27;[0m&amp;#27;[36mo sistema deve efetuar o cadastro do subprojeto com caracter especial com sucesso&amp;#27;[0m &amp;#27;[90m# steps.subprojeto.SubProjetoStep.oSistemaDeveEfetuarOCadastroDoSubprojetoComCaracterEspecialComSucesso()&amp;#27;[0m
</system-out>
    <system-err>Starting ChromeDriver 100.0.4896.60 (6a5d10861ce8de5fce22564658033b43cb7de047-refs/branch-heads/4896@{#875}) on port 61311
Only local connections are allowed.
Please see https://chromedriver.chromium.org/security-considerations for suggestions on keeping ChromeDriver safe.
ChromeDriver was started successfully.
[1652650561.659][WARNING]: This version of ChromeDriver has not been tested with Chrome version 101.
mai 15, 2022 6:36:01 PM org.openqa.selenium.remote.ProtocolHandshake createSession
INFORMAÇÕES: Detected dialect: W3C
mai 15, 2022 6:36:01 PM org.openqa.selenium.devtools.CdpVersionFinder findNearestMatch
ADVERTÊNCIA: Unable to find an exact match for CDP version 101, so returning the closest version found: 99
mai 15, 2022 6:36:01 PM org.openqa.selenium.devtools.CdpVersionFinder findNearestMatch
INFORMAÇÕES: Found CDP implementation for version 101 of 99
</system-err>
  </testcase>
  <testcase classname="Criação de subprojetos" name="Criar um subprojeto com caracter especial no nome #2" time="10.556">
    <error message="The step &quot;clicar no botão de salvar subprojeto&quot; is undefined. You can implement it using the snippet(s) below:

@Quando(&quot;clicar no botão de salvar subprojeto&quot;)
public void clicarNoBotãoDeSalvarSubprojeto() {
    // Write code here that turns the phrase above into concrete actions
    throw new io.cucumber.java.PendingException();
}
" type="io.cucumber.junit.UndefinedStepException">io.cucumber.junit.UndefinedStepException: The step &quot;clicar no botão de salvar subprojeto&quot; is undefined. You can implement it using the snippet(s) below:

@Quando(&quot;clicar no botão de salvar subprojeto&quot;)
public void clicarNoBotãoDeSalvarSubprojeto() {
    // Write code here that turns the phrase above into concrete actions
    throw new io.cucumber.java.PendingException();
}

</error>
    <system-out>
Esquema do CenÃ¡rio: Criar um subprojeto com caracter especial no nome                     &amp;#27;[90m# features/subprojeto.feature:85&amp;#27;[0m
  &amp;#27;[32mDado &amp;#27;[0m&amp;#27;[32mque o usuario esteja na pagina de login do Mantis&amp;#27;[0m                                  &amp;#27;[90m# steps.login.LoginStep.queOUsuarioEstejaNaPaginaDeLoginDoMantis()&amp;#27;[0m
  &amp;#27;[32mE &amp;#27;[0m&amp;#27;[32mque o usuario tenha feito o login com sucesso&amp;#27;[0m                                         &amp;#27;[90m# steps.subprojeto.SubProjetoStep.queOUsuarioTenhaFeitoOLoginComSucesso()&amp;#27;[0m
  &amp;#27;[32mQuando &amp;#27;[0m&amp;#27;[32mclicar no projeto desejado &amp;#27;[0m&amp;#27;[32m&amp;#27;[1m&quot;Teste projeto SQL 02&quot;&amp;#27;[0m                                &amp;#27;[90m# steps.subprojeto.SubProjetoStep.clicarNoProjetoDesejado(java.lang.String)&amp;#27;[0m
  &amp;#27;[32mE &amp;#27;[0m&amp;#27;[32mclicar no botao de cadastrar subProjeto&amp;#27;[0m                                               &amp;#27;[90m# steps.subprojeto.SubProjetoStep.clicarNoBotaoDeCadastrarSubProjeto()&amp;#27;[0m
  &amp;#27;[32mE &amp;#27;[0m&amp;#27;[32mpreencher o nome do subprojeto &amp;#27;[0m&amp;#27;[32m&amp;#27;[1m&quot;#$#$%#%&amp;*(!!_&gt;&quot;&amp;#27;[0m                                       &amp;#27;[90m# steps.subprojeto.SubProjetoStep.preencherONomeDoSubprojeto(java.lang.String)&amp;#27;[0m
  &amp;#27;[32mE &amp;#27;[0m&amp;#27;[32mdefinir o estado do subprojeto &amp;#27;[0m&amp;#27;[32m&amp;#27;[1mrelease&amp;#27;[0m                                                &amp;#27;[90m# steps.subprojeto.SubProjetoStep.definirOEstadoDoSubprojetoEstado(java.lang.String)&amp;#27;[0m
  &amp;#27;[32mE &amp;#27;[0m&amp;#27;[32mmarcar a opcao herdar categorias globais&amp;#27;[0m                                              &amp;#27;[90m# steps.subprojeto.SubProjetoStep.marcarAOpcaoHerdarCategoriasGlobais()&amp;#27;[0m
  &amp;#27;[32mE &amp;#27;[0m&amp;#27;[32mmarcar a opcao herdar categorias da tarefa pai&amp;#27;[0m                                        &amp;#27;[90m# steps.subprojeto.SubProjetoStep.marcarAOpcaoHerdarCategoriasDaTarefaPai()&amp;#27;[0m
  &amp;#27;[32mE &amp;#27;[0m&amp;#27;[32mselecionar a visibilidade do projeto&amp;#27;[0m                                                  &amp;#27;[90m# steps.subprojeto.SubProjetoStep.selecionarAVisibilidadeDoProjeto()&amp;#27;[0m
  &amp;#27;[33mE &amp;#27;[0m&amp;#27;[33mclicar no botÃ£o de salvar subprojeto&amp;#27;[0m                                                  &amp;#27;[90m# null&amp;#27;[0m
  &amp;#27;[36mEntÃ£o &amp;#27;[0m&amp;#27;[36mo sistema deve efetuar o cadastro do subprojeto com caracter especial com sucesso&amp;#27;[0m &amp;#27;[90m# steps.subprojeto.SubProjetoStep.oSistemaDeveEfetuarOCadastroDoSubprojetoComCaracterEspecialComSucesso()&amp;#27;[0m
</system-out>
    <system-err>Starting ChromeDriver 100.0.4896.60 (6a5d10861ce8de5fce22564658033b43cb7de047-refs/branch-heads/4896@{#875}) on port 49943
Only local connections are allowed.
Please see https://chromedriver.chromium.org/security-considerations for suggestions on keeping ChromeDriver safe.
ChromeDriver was started successfully.
[1652650572.560][WARNING]: This version of ChromeDriver has not been tested with Chrome version 101.
mai 15, 2022 6:36:12 PM org.openqa.selenium.remote.ProtocolHandshake createSession
INFORMAÇÕES: Detected dialect: W3C
mai 15, 2022 6:36:13 PM org.openqa.selenium.devtools.CdpVersionFinder findNearestMatch
ADVERTÊNCIA: Unable to find an exact match for CDP version 101, so returning the closest version found: 99
mai 15, 2022 6:36:13 PM org.openqa.selenium.devtools.CdpVersionFinder findNearestMatch
INFORMAÇÕES: Found CDP implementation for version 101 of 99
</system-err>
  </testcase>
  <testcase classname="Criação de subprojetos" name="Criar um subprojeto com caracter especial no nome #3" time="10.256">
    <error message="The step &quot;clicar no botão de salvar subprojeto&quot; is undefined. You can implement it using the snippet(s) below:

@Quando(&quot;clicar no botão de salvar subprojeto&quot;)
public void clicarNoBotãoDeSalvarSubprojeto() {
    // Write code here that turns the phrase above into concrete actions
    throw new io.cucumber.java.PendingException();
}
" type="io.cucumber.junit.UndefinedStepException">io.cucumber.junit.UndefinedStepException: The step &quot;clicar no botão de salvar subprojeto&quot; is undefined. You can implement it using the snippet(s) below:

@Quando(&quot;clicar no botão de salvar subprojeto&quot;)
public void clicarNoBotãoDeSalvarSubprojeto() {
    // Write code here that turns the phrase above into concrete actions
    throw new io.cucumber.java.PendingException();
}

</error>
    <system-out>
Esquema do CenÃ¡rio: Criar um subprojeto com caracter especial no nome                     &amp;#27;[90m# features/subprojeto.feature:86&amp;#27;[0m
  &amp;#27;[32mDado &amp;#27;[0m&amp;#27;[32mque o usuario esteja na pagina de login do Mantis&amp;#27;[0m                                  &amp;#27;[90m# steps.login.LoginStep.queOUsuarioEstejaNaPaginaDeLoginDoMantis()&amp;#27;[0m
  &amp;#27;[32mE &amp;#27;[0m&amp;#27;[32mque o usuario tenha feito o login com sucesso&amp;#27;[0m                                         &amp;#27;[90m# steps.subprojeto.SubProjetoStep.queOUsuarioTenhaFeitoOLoginComSucesso()&amp;#27;[0m
  &amp;#27;[32mQuando &amp;#27;[0m&amp;#27;[32mclicar no projeto desejado &amp;#27;[0m&amp;#27;[32m&amp;#27;[1m&quot;Teste projeto SQL 02&quot;&amp;#27;[0m                                &amp;#27;[90m# steps.subprojeto.SubProjetoStep.clicarNoProjetoDesejado(java.lang.String)&amp;#27;[0m
  &amp;#27;[32mE &amp;#27;[0m&amp;#27;[32mclicar no botao de cadastrar subProjeto&amp;#27;[0m                                               &amp;#27;[90m# steps.subprojeto.SubProjetoStep.clicarNoBotaoDeCadastrarSubProjeto()&amp;#27;[0m
  &amp;#27;[32mE &amp;#27;[0m&amp;#27;[32mpreencher o nome do subprojeto &amp;#27;[0m&amp;#27;[32m&amp;#27;[1m&quot;#$#$%#%&amp;*(!!_&gt;&quot;&amp;#27;[0m                                       &amp;#27;[90m# steps.subprojeto.SubProjetoStep.preencherONomeDoSubprojeto(java.lang.String)&amp;#27;[0m
  &amp;#27;[32mE &amp;#27;[0m&amp;#27;[32mdefinir o estado do subprojeto &amp;#27;[0m&amp;#27;[32m&amp;#27;[1mobsoleto&amp;#27;[0m                                               &amp;#27;[90m# steps.subprojeto.SubProjetoStep.definirOEstadoDoSubprojetoEstado(java.lang.String)&amp;#27;[0m
  &amp;#27;[32mE &amp;#27;[0m&amp;#27;[32mmarcar a opcao herdar categorias globais&amp;#27;[0m                                              &amp;#27;[90m# steps.subprojeto.SubProjetoStep.marcarAOpcaoHerdarCategoriasGlobais()&amp;#27;[0m
  &amp;#27;[32mE &amp;#27;[0m&amp;#27;[32mmarcar a opcao herdar categorias da tarefa pai&amp;#27;[0m                                        &amp;#27;[90m# steps.subprojeto.SubProjetoStep.marcarAOpcaoHerdarCategoriasDaTarefaPai()&amp;#27;[0m
  &amp;#27;[32mE &amp;#27;[0m&amp;#27;[32mselecionar a visibilidade do projeto&amp;#27;[0m                                                  &amp;#27;[90m# steps.subprojeto.SubProjetoStep.selecionarAVisibilidadeDoProjeto()&amp;#27;[0m
  &amp;#27;[33mE &amp;#27;[0m&amp;#27;[33mclicar no botÃ£o de salvar subprojeto&amp;#27;[0m                                                  &amp;#27;[90m# null&amp;#27;[0m
  &amp;#27;[36mEntÃ£o &amp;#27;[0m&amp;#27;[36mo sistema deve efetuar o cadastro do subprojeto com caracter especial com sucesso&amp;#27;[0m &amp;#27;[90m# steps.subprojeto.SubProjetoStep.oSistemaDeveEfetuarOCadastroDoSubprojetoComCaracterEspecialComSucesso()&amp;#27;[0m
</system-out>
    <system-err>Starting ChromeDriver 100.0.4896.60 (6a5d10861ce8de5fce22564658033b43cb7de047-refs/branch-heads/4896@{#875}) on port 58604
Only local connections are allowed.
Please see https://chromedriver.chromium.org/security-considerations for suggestions on keeping ChromeDriver safe.
ChromeDriver was started successfully.
[1652650582.945][WARNING]: This version of ChromeDriver has not been tested with Chrome version 101.
mai 15, 2022 6:36:23 PM org.openqa.selenium.remote.ProtocolHandshake createSession
INFORMAÇÕES: Detected dialect: W3C
mai 15, 2022 6:36:23 PM org.openqa.selenium.devtools.CdpVersionFinder findNearestMatch
ADVERTÊNCIA: Unable to find an exact match for CDP version 101, so returning the closest version found: 99
mai 15, 2022 6:36:23 PM org.openqa.selenium.devtools.CdpVersionFinder findNearestMatch
INFORMAÇÕES: Found CDP implementation for version 101 of 99
</system-err>
  </testcase>
  <testcase classname="Criação de subprojetos" name="Criar um subprojeto sem preencher a descrição #1" time="9.98">
    <error message="The step &quot;clicar no botão de salvar subprojeto&quot; is undefined. You can implement it using the snippet(s) below:

@Quando(&quot;clicar no botão de salvar subprojeto&quot;)
public void clicarNoBotãoDeSalvarSubprojeto() {
    // Write code here that turns the phrase above into concrete actions
    throw new io.cucumber.java.PendingException();
}
" type="io.cucumber.junit.UndefinedStepException">io.cucumber.junit.UndefinedStepException: The step &quot;clicar no botão de salvar subprojeto&quot; is undefined. You can implement it using the snippet(s) below:

@Quando(&quot;clicar no botão de salvar subprojeto&quot;)
public void clicarNoBotãoDeSalvarSubprojeto() {
    // Write code here that turns the phrase above into concrete actions
    throw new io.cucumber.java.PendingException();
}

</error>
    <system-out>
Esquema do CenÃ¡rio: Criar um subprojeto sem preencher a descriÃ§Ã£o   &amp;#27;[90m# features/subprojeto.feature:101&amp;#27;[0m
  &amp;#27;[32mDado &amp;#27;[0m&amp;#27;[32mque o usuario esteja na pagina de login do Mantis&amp;#27;[0m            &amp;#27;[90m# steps.login.LoginStep.queOUsuarioEstejaNaPaginaDeLoginDoMantis()&amp;#27;[0m
  &amp;#27;[32mE &amp;#27;[0m&amp;#27;[32mque o usuario tenha feito o login com sucesso&amp;#27;[0m                   &amp;#27;[90m# steps.subprojeto.SubProjetoStep.queOUsuarioTenhaFeitoOLoginComSucesso()&amp;#27;[0m
  &amp;#27;[32mQuando &amp;#27;[0m&amp;#27;[32mclicar no projeto desejado &amp;#27;[0m&amp;#27;[32m&amp;#27;[1m&quot;Teste projeto SQL 02&quot;&amp;#27;[0m          &amp;#27;[90m# steps.subprojeto.SubProjetoStep.clicarNoProjetoDesejado(java.lang.String)&amp;#27;[0m
  &amp;#27;[32mE &amp;#27;[0m&amp;#27;[32mclicar no botao de cadastrar subProjeto&amp;#27;[0m                         &amp;#27;[90m# steps.subprojeto.SubProjetoStep.clicarNoBotaoDeCadastrarSubProjeto()&amp;#27;[0m
  &amp;#27;[32mE &amp;#27;[0m&amp;#27;[32mpreencher o nome do subprojeto &amp;#27;[0m&amp;#27;[32m&amp;#27;[1m&quot;Subprojeto 02&quot;&amp;#27;[0m                  &amp;#27;[90m# steps.subprojeto.SubProjetoStep.preencherONomeDoSubprojeto(java.lang.String)&amp;#27;[0m
  &amp;#27;[32mE &amp;#27;[0m&amp;#27;[32mdefinir o estado do subprojeto &amp;#27;[0m&amp;#27;[32m&amp;#27;[1mdesenvolvimento&amp;#27;[0m                  &amp;#27;[90m# steps.subprojeto.SubProjetoStep.definirOEstadoDoSubprojetoEstado(java.lang.String)&amp;#27;[0m
  &amp;#27;[32mE &amp;#27;[0m&amp;#27;[32mmarcar a opcao herdar categorias globais&amp;#27;[0m                        &amp;#27;[90m# steps.subprojeto.SubProjetoStep.marcarAOpcaoHerdarCategoriasGlobais()&amp;#27;[0m
  &amp;#27;[32mE &amp;#27;[0m&amp;#27;[32mmarcar a opcao herdar categorias da tarefa pai&amp;#27;[0m                  &amp;#27;[90m# steps.subprojeto.SubProjetoStep.marcarAOpcaoHerdarCategoriasDaTarefaPai()&amp;#27;[0m
  &amp;#27;[32mE &amp;#27;[0m&amp;#27;[32mselecionar a visibilidade do projeto&amp;#27;[0m                            &amp;#27;[90m# steps.subprojeto.SubProjetoStep.selecionarAVisibilidadeDoProjeto()&amp;#27;[0m
  &amp;#27;[33mE &amp;#27;[0m&amp;#27;[33mclicar no botÃ£o de salvar subprojeto&amp;#27;[0m                            &amp;#27;[90m# null&amp;#27;[0m
  &amp;#27;[36mEntÃ£o &amp;#27;[0m&amp;#27;[36mo sistema deve efetuar o cadastro do subprojeto com sucesso&amp;#27;[0m &amp;#27;[90m# steps.subprojeto.SubProjetoStep.oSistemaDeveEfetuarOCadastroDoSubprojetoComSucesso()&amp;#27;[0m
</system-out>
    <system-err>Starting ChromeDriver 100.0.4896.60 (6a5d10861ce8de5fce22564658033b43cb7de047-refs/branch-heads/4896@{#875}) on port 55096
Only local connections are allowed.
Please see https://chromedriver.chromium.org/security-considerations for suggestions on keeping ChromeDriver safe.
ChromeDriver was started successfully.
[1652650593.061][WARNING]: This version of ChromeDriver has not been tested with Chrome version 101.
mai 15, 2022 6:36:33 PM org.openqa.selenium.remote.ProtocolHandshake createSession
INFORMAÇÕES: Detected dialect: W3C
mai 15, 2022 6:36:33 PM org.openqa.selenium.devtools.CdpVersionFinder findNearestMatch
ADVERTÊNCIA: Unable to find an exact match for CDP version 101, so returning the closest version found: 99
mai 15, 2022 6:36:33 PM org.openqa.selenium.devtools.CdpVersionFinder findNearestMatch
INFORMAÇÕES: Found CDP implementation for version 101 of 99
</system-err>
  </testcase>
  <testcase classname="Criação de subprojetos" name="Criar um subprojeto sem preencher a descrição #2" time="9.934">
    <error message="The step &quot;clicar no botão de salvar subprojeto&quot; is undefined. You can implement it using the snippet(s) below:

@Quando(&quot;clicar no botão de salvar subprojeto&quot;)
public void clicarNoBotãoDeSalvarSubprojeto() {
    // Write code here that turns the phrase above into concrete actions
    throw new io.cucumber.java.PendingException();
}
" type="io.cucumber.junit.UndefinedStepException">io.cucumber.junit.UndefinedStepException: The step &quot;clicar no botão de salvar subprojeto&quot; is undefined. You can implement it using the snippet(s) below:

@Quando(&quot;clicar no botão de salvar subprojeto&quot;)
public void clicarNoBotãoDeSalvarSubprojeto() {
    // Write code here that turns the phrase above into concrete actions
    throw new io.cucumber.java.PendingException();
}

</error>
    <system-out>
Esquema do CenÃ¡rio: Criar um subprojeto sem preencher a descriÃ§Ã£o   &amp;#27;[90m# features/subprojeto.feature:102&amp;#27;[0m
  &amp;#27;[32mDado &amp;#27;[0m&amp;#27;[32mque o usuario esteja na pagina de login do Mantis&amp;#27;[0m            &amp;#27;[90m# steps.login.LoginStep.queOUsuarioEstejaNaPaginaDeLoginDoMantis()&amp;#27;[0m
  &amp;#27;[32mE &amp;#27;[0m&amp;#27;[32mque o usuario tenha feito o login com sucesso&amp;#27;[0m                   &amp;#27;[90m# steps.subprojeto.SubProjetoStep.queOUsuarioTenhaFeitoOLoginComSucesso()&amp;#27;[0m
  &amp;#27;[32mQuando &amp;#27;[0m&amp;#27;[32mclicar no projeto desejado &amp;#27;[0m&amp;#27;[32m&amp;#27;[1m&quot;Teste projeto SQL 02&quot;&amp;#27;[0m          &amp;#27;[90m# steps.subprojeto.SubProjetoStep.clicarNoProjetoDesejado(java.lang.String)&amp;#27;[0m
  &amp;#27;[32mE &amp;#27;[0m&amp;#27;[32mclicar no botao de cadastrar subProjeto&amp;#27;[0m                         &amp;#27;[90m# steps.subprojeto.SubProjetoStep.clicarNoBotaoDeCadastrarSubProjeto()&amp;#27;[0m
  &amp;#27;[32mE &amp;#27;[0m&amp;#27;[32mpreencher o nome do subprojeto &amp;#27;[0m&amp;#27;[32m&amp;#27;[1m&quot;Subprojeto 02&quot;&amp;#27;[0m                  &amp;#27;[90m# steps.subprojeto.SubProjetoStep.preencherONomeDoSubprojeto(java.lang.String)&amp;#27;[0m
  &amp;#27;[32mE &amp;#27;[0m&amp;#27;[32mdefinir o estado do subprojeto &amp;#27;[0m&amp;#27;[32m&amp;#27;[1mrelease&amp;#27;[0m                          &amp;#27;[90m# steps.subprojeto.SubProjetoStep.definirOEstadoDoSubprojetoEstado(java.lang.String)&amp;#27;[0m
  &amp;#27;[32mE &amp;#27;[0m&amp;#27;[32mmarcar a opcao herdar categorias globais&amp;#27;[0m                        &amp;#27;[90m# steps.subprojeto.SubProjetoStep.marcarAOpcaoHerdarCategoriasGlobais()&amp;#27;[0m
  &amp;#27;[32mE &amp;#27;[0m&amp;#27;[32mmarcar a opcao herdar categorias da tarefa pai&amp;#27;[0m                  &amp;#27;[90m# steps.subprojeto.SubProjetoStep.marcarAOpcaoHerdarCategoriasDaTarefaPai()&amp;#27;[0m
  &amp;#27;[32mE &amp;#27;[0m&amp;#27;[32mselecionar a visibilidade do projeto&amp;#27;[0m                            &amp;#27;[90m# steps.subprojeto.SubProjetoStep.selecionarAVisibilidadeDoProjeto()&amp;#27;[0m
  &amp;#27;[33mE &amp;#27;[0m&amp;#27;[33mclicar no botÃ£o de salvar subprojeto&amp;#27;[0m                            &amp;#27;[90m# null&amp;#27;[0m
  &amp;#27;[36mEntÃ£o &amp;#27;[0m&amp;#27;[36mo sistema deve efetuar o cadastro do subprojeto com sucesso&amp;#27;[0m &amp;#27;[90m# steps.subprojeto.SubProjetoStep.oSistemaDeveEfetuarOCadastroDoSubprojetoComSucesso()&amp;#27;[0m
</system-out>
    <system-err>Starting ChromeDriver 100.0.4896.60 (6a5d10861ce8de5fce22564658033b43cb7de047-refs/branch-heads/4896@{#875}) on port 65271
Only local connections are allowed.
Please see https://chromedriver.chromium.org/security-considerations for suggestions on keeping ChromeDriver safe.
ChromeDriver was started successfully.
[1652650603.029][WARNING]: This version of ChromeDriver has not been tested with Chrome version 101.
mai 15, 2022 6:36:43 PM org.openqa.selenium.remote.ProtocolHandshake createSession
INFORMAÇÕES: Detected dialect: W3C
mai 15, 2022 6:36:43 PM org.openqa.selenium.devtools.CdpVersionFinder findNearestMatch
ADVERTÊNCIA: Unable to find an exact match for CDP version 101, so returning the closest version found: 99
mai 15, 2022 6:36:43 PM org.openqa.selenium.devtools.CdpVersionFinder findNearestMatch
INFORMAÇÕES: Found CDP implementation for version 101 of 99
</system-err>
  </testcase>
  <testcase classname="Criação de subprojetos" name="Criar um subprojeto sem preencher a descrição #3" time="10.191">
    <error message="The step &quot;clicar no botão de salvar subprojeto&quot; is undefined. You can implement it using the snippet(s) below:

@Quando(&quot;clicar no botão de salvar subprojeto&quot;)
public void clicarNoBotãoDeSalvarSubprojeto() {
    // Write code here that turns the phrase above into concrete actions
    throw new io.cucumber.java.PendingException();
}
" type="io.cucumber.junit.UndefinedStepException">io.cucumber.junit.UndefinedStepException: The step &quot;clicar no botão de salvar subprojeto&quot; is undefined. You can implement it using the snippet(s) below:

@Quando(&quot;clicar no botão de salvar subprojeto&quot;)
public void clicarNoBotãoDeSalvarSubprojeto() {
    // Write code here that turns the phrase above into concrete actions
    throw new io.cucumber.java.PendingException();
}

</error>
    <system-out>
Esquema do CenÃ¡rio: Criar um subprojeto sem preencher a descriÃ§Ã£o   &amp;#27;[90m# features/subprojeto.feature:103&amp;#27;[0m
  &amp;#27;[32mDado &amp;#27;[0m&amp;#27;[32mque o usuario esteja na pagina de login do Mantis&amp;#27;[0m            &amp;#27;[90m# steps.login.LoginStep.queOUsuarioEstejaNaPaginaDeLoginDoMantis()&amp;#27;[0m
  &amp;#27;[32mE &amp;#27;[0m&amp;#27;[32mque o usuario tenha feito o login com sucesso&amp;#27;[0m                   &amp;#27;[90m# steps.subprojeto.SubProjetoStep.queOUsuarioTenhaFeitoOLoginComSucesso()&amp;#27;[0m
  &amp;#27;[32mQuando &amp;#27;[0m&amp;#27;[32mclicar no projeto desejado &amp;#27;[0m&amp;#27;[32m&amp;#27;[1m&quot;Teste projeto SQL 02&quot;&amp;#27;[0m          &amp;#27;[90m# steps.subprojeto.SubProjetoStep.clicarNoProjetoDesejado(java.lang.String)&amp;#27;[0m
  &amp;#27;[32mE &amp;#27;[0m&amp;#27;[32mclicar no botao de cadastrar subProjeto&amp;#27;[0m                         &amp;#27;[90m# steps.subprojeto.SubProjetoStep.clicarNoBotaoDeCadastrarSubProjeto()&amp;#27;[0m
  &amp;#27;[32mE &amp;#27;[0m&amp;#27;[32mpreencher o nome do subprojeto &amp;#27;[0m&amp;#27;[32m&amp;#27;[1m&quot;Subprojeto 02&quot;&amp;#27;[0m                  &amp;#27;[90m# steps.subprojeto.SubProjetoStep.preencherONomeDoSubprojeto(java.lang.String)&amp;#27;[0m
  &amp;#27;[32mE &amp;#27;[0m&amp;#27;[32mdefinir o estado do subprojeto &amp;#27;[0m&amp;#27;[32m&amp;#27;[1mobsoleto&amp;#27;[0m                         &amp;#27;[90m# steps.subprojeto.SubProjetoStep.definirOEstadoDoSubprojetoEstado(java.lang.String)&amp;#27;[0m
  &amp;#27;[32mE &amp;#27;[0m&amp;#27;[32mmarcar a opcao herdar categorias globais&amp;#27;[0m                        &amp;#27;[90m# steps.subprojeto.SubProjetoStep.marcarAOpcaoHerdarCategoriasGlobais()&amp;#27;[0m
  &amp;#27;[32mE &amp;#27;[0m&amp;#27;[32mmarcar a opcao herdar categorias da tarefa pai&amp;#27;[0m                  &amp;#27;[90m# steps.subprojeto.SubProjetoStep.marcarAOpcaoHerdarCategoriasDaTarefaPai()&amp;#27;[0m
  &amp;#27;[32mE &amp;#27;[0m&amp;#27;[32mselecionar a visibilidade do projeto&amp;#27;[0m                            &amp;#27;[90m# steps.subprojeto.SubProjetoStep.selecionarAVisibilidadeDoProjeto()&amp;#27;[0m
  &amp;#27;[33mE &amp;#27;[0m&amp;#27;[33mclicar no botÃ£o de salvar subprojeto&amp;#27;[0m                            &amp;#27;[90m# null&amp;#27;[0m
  &amp;#27;[36mEntÃ£o &amp;#27;[0m&amp;#27;[36mo sistema deve efetuar o cadastro do subprojeto com sucesso&amp;#27;[0m &amp;#27;[90m# steps.subprojeto.SubProjetoStep.oSistemaDeveEfetuarOCadastroDoSubprojetoComSucesso()&amp;#27;[0m
</system-out>
    <system-err>Starting ChromeDriver 100.0.4896.60 (6a5d10861ce8de5fce22564658033b43cb7de047-refs/branch-heads/4896@{#875}) on port 53915
Only local connections are allowed.
Please see https://chromedriver.chromium.org/security-considerations for suggestions on keeping ChromeDriver safe.
ChromeDriver was started successfully.
[1652650612.887][WARNING]: This version of ChromeDriver has not been tested with Chrome version 101.
mai 15, 2022 6:36:53 PM org.openqa.selenium.remote.ProtocolHandshake createSession
INFORMAÇÕES: Detected dialect: W3C
mai 15, 2022 6:36:53 PM org.openqa.selenium.devtools.CdpVersionFinder findNearestMatch
ADVERTÊNCIA: Unable to find an exact match for CDP version 101, so returning the closest version found: 99
mai 15, 2022 6:36:53 PM org.openqa.selenium.devtools.CdpVersionFinder findNearestMatch
INFORMAÇÕES: Found CDP implementation for version 101 of 99
</system-err>
  </testcase>
  <testcase classname="Criação de subprojetos" name="Editar nome do subprojeto com sucesso #1" time="10.231">
    <error message="The step &quot;clicar no botão de salvar subprojeto&quot; is undefined. You can implement it using the snippet(s) below:

@Quando(&quot;clicar no botão de salvar subprojeto&quot;)
public void clicarNoBotãoDeSalvarSubprojeto() {
    // Write code here that turns the phrase above into concrete actions
    throw new io.cucumber.java.PendingException();
}
" type="io.cucumber.junit.UndefinedStepException">io.cucumber.junit.UndefinedStepException: The step &quot;clicar no botão de salvar subprojeto&quot; is undefined. You can implement it using the snippet(s) below:

@Quando(&quot;clicar no botão de salvar subprojeto&quot;)
public void clicarNoBotãoDeSalvarSubprojeto() {
    // Write code here that turns the phrase above into concrete actions
    throw new io.cucumber.java.PendingException();
}

</error>
    <system-out>
Esquema do CenÃ¡rio: Editar nome do subprojeto com sucesso                   &amp;#27;[90m# features/subprojeto.feature:122&amp;#27;[0m
  &amp;#27;[32mDado &amp;#27;[0m&amp;#27;[32mque o usuario esteja na pagina de login do Mantis&amp;#27;[0m                    &amp;#27;[90m# steps.login.LoginStep.queOUsuarioEstejaNaPaginaDeLoginDoMantis()&amp;#27;[0m
  &amp;#27;[32mE &amp;#27;[0m&amp;#27;[32mque o usuario tenha feito o login com sucesso&amp;#27;[0m                           &amp;#27;[90m# steps.subprojeto.SubProjetoStep.queOUsuarioTenhaFeitoOLoginComSucesso()&amp;#27;[0m
  &amp;#27;[32mQuando &amp;#27;[0m&amp;#27;[32mclicar no projeto desejado &amp;#27;[0m&amp;#27;[32m&amp;#27;[1m&quot;Teste projeto SQL 02&quot;&amp;#27;[0m                  &amp;#27;[90m# steps.subprojeto.SubProjetoStep.clicarNoProjetoDesejado(java.lang.String)&amp;#27;[0m
  &amp;#27;[32mE &amp;#27;[0m&amp;#27;[32mclicar no botao de cadastrar subProjeto&amp;#27;[0m                                 &amp;#27;[90m# steps.subprojeto.SubProjetoStep.clicarNoBotaoDeCadastrarSubProjeto()&amp;#27;[0m
  &amp;#27;[32mE &amp;#27;[0m&amp;#27;[32mpreencher o nome do subprojeto &amp;#27;[0m&amp;#27;[32m&amp;#27;[1m&quot;Subprojeto 02&quot;&amp;#27;[0m                          &amp;#27;[90m# steps.subprojeto.SubProjetoStep.preencherONomeDoSubprojeto(java.lang.String)&amp;#27;[0m
  &amp;#27;[32mE &amp;#27;[0m&amp;#27;[32mdefinir o estado do subprojeto &amp;#27;[0m&amp;#27;[32m&amp;#27;[1mdesenvolvimento&amp;#27;[0m                          &amp;#27;[90m# steps.subprojeto.SubProjetoStep.definirOEstadoDoSubprojetoEstado(java.lang.String)&amp;#27;[0m
  &amp;#27;[32mE &amp;#27;[0m&amp;#27;[32mmarcar a opcao herdar categorias globais&amp;#27;[0m                                &amp;#27;[90m# steps.subprojeto.SubProjetoStep.marcarAOpcaoHerdarCategoriasGlobais()&amp;#27;[0m
  &amp;#27;[32mE &amp;#27;[0m&amp;#27;[32mmarcar a opcao herdar categorias da tarefa pai&amp;#27;[0m                          &amp;#27;[90m# steps.subprojeto.SubProjetoStep.marcarAOpcaoHerdarCategoriasDaTarefaPai()&amp;#27;[0m
  &amp;#27;[32mE &amp;#27;[0m&amp;#27;[32mselecionar a visibilidade do projeto&amp;#27;[0m                                    &amp;#27;[90m# steps.subprojeto.SubProjetoStep.selecionarAVisibilidadeDoProjeto()&amp;#27;[0m
  &amp;#27;[32mE &amp;#27;[0m&amp;#27;[32mpreencher a descricao do subprojeto &amp;#27;[0m&amp;#27;[32m&amp;#27;[1m&quot;SubProjeto criado como teste&quot;&amp;#27;[0m      &amp;#27;[90m# steps.subprojeto.SubProjetoStep.preencherADescricaoDoSubprojeto(java.lang.String)&amp;#27;[0m
  &amp;#27;[33mE &amp;#27;[0m&amp;#27;[33mclicar no botÃ£o de salvar subprojeto&amp;#27;[0m                                    &amp;#27;[90m# null&amp;#27;[0m
  &amp;#27;[36mE &amp;#27;[0m&amp;#27;[36mclicar no subprojeto desejado &amp;#27;[0m&amp;#27;[36m&amp;#27;[1m&quot;Subprojeto 02&quot;&amp;#27;[0m&amp;#27;[36m novamente&amp;#27;[0m                 &amp;#27;[90m# steps.subprojeto.SubProjetoStep.clicarNoSubprojetoDesejadoNovamente(java.lang.String)&amp;#27;[0m
  &amp;#27;[36mE &amp;#27;[0m&amp;#27;[36mpreencher o nome do subprojeto &amp;#27;[0m&amp;#27;[36m&amp;#27;[1m&quot;Subprojeto 02 editado&quot;&amp;#27;[0m                  &amp;#27;[90m# steps.subprojeto.SubProjetoStep.preencherONomeDoSubprojeto(java.lang.String)&amp;#27;[0m
  &amp;#27;[36mE &amp;#27;[0m&amp;#27;[36mclicar no botÃ£o de salvar subprojeto&amp;#27;[0m                                    &amp;#27;[90m# null&amp;#27;[0m
  &amp;#27;[36mEntÃ£o &amp;#27;[0m&amp;#27;[36mo sistema deve efetuar o cadastro do subprojeto editado com sucesso&amp;#27;[0m &amp;#27;[90m# steps.subprojeto.SubProjetoStep.oSistemaDeveEfetuarOCadastroDoSubprojetoEditadoComSucesso()&amp;#27;[0m
</system-out>
    <system-err>Starting ChromeDriver 100.0.4896.60 (6a5d10861ce8de5fce22564658033b43cb7de047-refs/branch-heads/4896@{#875}) on port 65417
Only local connections are allowed.
Please see https://chromedriver.chromium.org/security-considerations for suggestions on keeping ChromeDriver safe.
ChromeDriver was started successfully.
[1652650623.229][WARNING]: This version of ChromeDriver has not been tested with Chrome version 101.
mai 15, 2022 6:37:03 PM org.openqa.selenium.remote.ProtocolHandshake createSession
INFORMAÇÕES: Detected dialect: W3C
mai 15, 2022 6:37:03 PM org.openqa.selenium.devtools.CdpVersionFinder findNearestMatch
ADVERTÊNCIA: Unable to find an exact match for CDP version 101, so returning the closest version found: 99
mai 15, 2022 6:37:03 PM org.openqa.selenium.devtools.CdpVersionFinder findNearestMatch
INFORMAÇÕES: Found CDP implementation for version 101 of 99
</system-err>
  </testcase>
  <testcase classname="Criação de subprojetos" name="Editar nome do subprojeto com sucesso #2" time="10.363">
    <error message="The step &quot;clicar no botão de salvar subprojeto&quot; is undefined. You can implement it using the snippet(s) below:

@Quando(&quot;clicar no botão de salvar subprojeto&quot;)
public void clicarNoBotãoDeSalvarSubprojeto() {
    // Write code here that turns the phrase above into concrete actions
    throw new io.cucumber.java.PendingException();
}
" type="io.cucumber.junit.UndefinedStepException">io.cucumber.junit.UndefinedStepException: The step &quot;clicar no botão de salvar subprojeto&quot; is undefined. You can implement it using the snippet(s) below:

@Quando(&quot;clicar no botão de salvar subprojeto&quot;)
public void clicarNoBotãoDeSalvarSubprojeto() {
    // Write code here that turns the phrase above into concrete actions
    throw new io.cucumber.java.PendingException();
}

</error>
    <system-out>
Esquema do CenÃ¡rio: Editar nome do subprojeto com sucesso                   &amp;#27;[90m# features/subprojeto.feature:123&amp;#27;[0m
  &amp;#27;[32mDado &amp;#27;[0m&amp;#27;[32mque o usuario esteja na pagina de login do Mantis&amp;#27;[0m                    &amp;#27;[90m# steps.login.LoginStep.queOUsuarioEstejaNaPaginaDeLoginDoMantis()&amp;#27;[0m
  &amp;#27;[32mE &amp;#27;[0m&amp;#27;[32mque o usuario tenha feito o login com sucesso&amp;#27;[0m                           &amp;#27;[90m# steps.subprojeto.SubProjetoStep.queOUsuarioTenhaFeitoOLoginComSucesso()&amp;#27;[0m
  &amp;#27;[32mQuando &amp;#27;[0m&amp;#27;[32mclicar no projeto desejado &amp;#27;[0m&amp;#27;[32m&amp;#27;[1m&quot;Teste projeto SQL 02&quot;&amp;#27;[0m                  &amp;#27;[90m# steps.subprojeto.SubProjetoStep.clicarNoProjetoDesejado(java.lang.String)&amp;#27;[0m
  &amp;#27;[32mE &amp;#27;[0m&amp;#27;[32mclicar no botao de cadastrar subProjeto&amp;#27;[0m                                 &amp;#27;[90m# steps.subprojeto.SubProjetoStep.clicarNoBotaoDeCadastrarSubProjeto()&amp;#27;[0m
  &amp;#27;[32mE &amp;#27;[0m&amp;#27;[32mpreencher o nome do subprojeto &amp;#27;[0m&amp;#27;[32m&amp;#27;[1m&quot;Subprojeto 02&quot;&amp;#27;[0m                          &amp;#27;[90m# steps.subprojeto.SubProjetoStep.preencherONomeDoSubprojeto(java.lang.String)&amp;#27;[0m
  &amp;#27;[32mE &amp;#27;[0m&amp;#27;[32mdefinir o estado do subprojeto &amp;#27;[0m&amp;#27;[32m&amp;#27;[1mrelease&amp;#27;[0m                                  &amp;#27;[90m# steps.subprojeto.SubProjetoStep.definirOEstadoDoSubprojetoEstado(java.lang.String)&amp;#27;[0m
  &amp;#27;[32mE &amp;#27;[0m&amp;#27;[32mmarcar a opcao herdar categorias globais&amp;#27;[0m                                &amp;#27;[90m# steps.subprojeto.SubProjetoStep.marcarAOpcaoHerdarCategoriasGlobais()&amp;#27;[0m
  &amp;#27;[32mE &amp;#27;[0m&amp;#27;[32mmarcar a opcao herdar categorias da tarefa pai&amp;#27;[0m                          &amp;#27;[90m# steps.subprojeto.SubProjetoStep.marcarAOpcaoHerdarCategoriasDaTarefaPai()&amp;#27;[0m
  &amp;#27;[32mE &amp;#27;[0m&amp;#27;[32mselecionar a visibilidade do projeto&amp;#27;[0m                                    &amp;#27;[90m# steps.subprojeto.SubProjetoStep.selecionarAVisibilidadeDoProjeto()&amp;#27;[0m
  &amp;#27;[32mE &amp;#27;[0m&amp;#27;[32mpreencher a descricao do subprojeto &amp;#27;[0m&amp;#27;[32m&amp;#27;[1m&quot;SubProjeto criado como teste&quot;&amp;#27;[0m      &amp;#27;[90m# steps.subprojeto.SubProjetoStep.preencherADescricaoDoSubprojeto(java.lang.String)&amp;#27;[0m
  &amp;#27;[33mE &amp;#27;[0m&amp;#27;[33mclicar no botÃ£o de salvar subprojeto&amp;#27;[0m                                    &amp;#27;[90m# null&amp;#27;[0m
  &amp;#27;[36mE &amp;#27;[0m&amp;#27;[36mclicar no subprojeto desejado &amp;#27;[0m&amp;#27;[36m&amp;#27;[1m&quot;Subprojeto 02&quot;&amp;#27;[0m&amp;#27;[36m novamente&amp;#27;[0m                 &amp;#27;[90m# steps.subprojeto.SubProjetoStep.clicarNoSubprojetoDesejadoNovamente(java.lang.String)&amp;#27;[0m
  &amp;#27;[36mE &amp;#27;[0m&amp;#27;[36mpreencher o nome do subprojeto &amp;#27;[0m&amp;#27;[36m&amp;#27;[1m&quot;Subprojeto 02 editado&quot;&amp;#27;[0m                  &amp;#27;[90m# steps.subprojeto.SubProjetoStep.preencherONomeDoSubprojeto(java.lang.String)&amp;#27;[0m
  &amp;#27;[36mE &amp;#27;[0m&amp;#27;[36mclicar no botÃ£o de salvar subprojeto&amp;#27;[0m                                    &amp;#27;[90m# null&amp;#27;[0m
  &amp;#27;[36mEntÃ£o &amp;#27;[0m&amp;#27;[36mo sistema deve efetuar o cadastro do subprojeto editado com sucesso&amp;#27;[0m &amp;#27;[90m# steps.subprojeto.SubProjetoStep.oSistemaDeveEfetuarOCadastroDoSubprojetoEditadoComSucesso()&amp;#27;[0m
</system-out>
    <system-err>Starting ChromeDriver 100.0.4896.60 (6a5d10861ce8de5fce22564658033b43cb7de047-refs/branch-heads/4896@{#875}) on port 64453
Only local connections are allowed.
Please see https://chromedriver.chromium.org/security-considerations for suggestions on keeping ChromeDriver safe.
ChromeDriver was started successfully.
[1652650633.436][WARNING]: This version of ChromeDriver has not been tested with Chrome version 101.
mai 15, 2022 6:37:13 PM org.openqa.selenium.remote.ProtocolHandshake createSession
INFORMAÇÕES: Detected dialect: W3C
mai 15, 2022 6:37:13 PM org.openqa.selenium.devtools.CdpVersionFinder findNearestMatch
ADVERTÊNCIA: Unable to find an exact match for CDP version 101, so returning the closest version found: 99
mai 15, 2022 6:37:13 PM org.openqa.selenium.devtools.CdpVersionFinder findNearestMatch
INFORMAÇÕES: Found CDP implementation for version 101 of 99
</system-err>
  </testcase>
  <testcase classname="Criação de subprojetos" name="Editar nome do subprojeto com sucesso #3" time="10.063">
    <error message="The step &quot;clicar no botão de salvar subprojeto&quot; is undefined. You can implement it using the snippet(s) below:

@Quando(&quot;clicar no botão de salvar subprojeto&quot;)
public void clicarNoBotãoDeSalvarSubprojeto() {
    // Write code here that turns the phrase above into concrete actions
    throw new io.cucumber.java.PendingException();
}
" type="io.cucumber.junit.UndefinedStepException">io.cucumber.junit.UndefinedStepException: The step &quot;clicar no botão de salvar subprojeto&quot; is undefined. You can implement it using the snippet(s) below:

@Quando(&quot;clicar no botão de salvar subprojeto&quot;)
public void clicarNoBotãoDeSalvarSubprojeto() {
    // Write code here that turns the phrase above into concrete actions
    throw new io.cucumber.java.PendingException();
}

</error>
    <system-out>
Esquema do CenÃ¡rio: Editar nome do subprojeto com sucesso                   &amp;#27;[90m# features/subprojeto.feature:124&amp;#27;[0m
  &amp;#27;[32mDado &amp;#27;[0m&amp;#27;[32mque o usuario esteja na pagina de login do Mantis&amp;#27;[0m                    &amp;#27;[90m# steps.login.LoginStep.queOUsuarioEstejaNaPaginaDeLoginDoMantis()&amp;#27;[0m
  &amp;#27;[32mE &amp;#27;[0m&amp;#27;[32mque o usuario tenha feito o login com sucesso&amp;#27;[0m                           &amp;#27;[90m# steps.subprojeto.SubProjetoStep.queOUsuarioTenhaFeitoOLoginComSucesso()&amp;#27;[0m
  &amp;#27;[32mQuando &amp;#27;[0m&amp;#27;[32mclicar no projeto desejado &amp;#27;[0m&amp;#27;[32m&amp;#27;[1m&quot;Teste projeto SQL 02&quot;&amp;#27;[0m                  &amp;#27;[90m# steps.subprojeto.SubProjetoStep.clicarNoProjetoDesejado(java.lang.String)&amp;#27;[0m
  &amp;#27;[32mE &amp;#27;[0m&amp;#27;[32mclicar no botao de cadastrar subProjeto&amp;#27;[0m                                 &amp;#27;[90m# steps.subprojeto.SubProjetoStep.clicarNoBotaoDeCadastrarSubProjeto()&amp;#27;[0m
  &amp;#27;[32mE &amp;#27;[0m&amp;#27;[32mpreencher o nome do subprojeto &amp;#27;[0m&amp;#27;[32m&amp;#27;[1m&quot;Subprojeto 02&quot;&amp;#27;[0m                          &amp;#27;[90m# steps.subprojeto.SubProjetoStep.preencherONomeDoSubprojeto(java.lang.String)&amp;#27;[0m
  &amp;#27;[32mE &amp;#27;[0m&amp;#27;[32mdefinir o estado do subprojeto &amp;#27;[0m&amp;#27;[32m&amp;#27;[1mobsoleto&amp;#27;[0m                                 &amp;#27;[90m# steps.subprojeto.SubProjetoStep.definirOEstadoDoSubprojetoEstado(java.lang.String)&amp;#27;[0m
  &amp;#27;[32mE &amp;#27;[0m&amp;#27;[32mmarcar a opcao herdar categorias globais&amp;#27;[0m                                &amp;#27;[90m# steps.subprojeto.SubProjetoStep.marcarAOpcaoHerdarCategoriasGlobais()&amp;#27;[0m
  &amp;#27;[32mE &amp;#27;[0m&amp;#27;[32mmarcar a opcao herdar categorias da tarefa pai&amp;#27;[0m                          &amp;#27;[90m# steps.subprojeto.SubProjetoStep.marcarAOpcaoHerdarCategoriasDaTarefaPai()&amp;#27;[0m
  &amp;#27;[32mE &amp;#27;[0m&amp;#27;[32mselecionar a visibilidade do projeto&amp;#27;[0m                                    &amp;#27;[90m# steps.subprojeto.SubProjetoStep.selecionarAVisibilidadeDoProjeto()&amp;#27;[0m
  &amp;#27;[32mE &amp;#27;[0m&amp;#27;[32mpreencher a descricao do subprojeto &amp;#27;[0m&amp;#27;[32m&amp;#27;[1m&quot;SubProjeto criado como teste&quot;&amp;#27;[0m      &amp;#27;[90m# steps.subprojeto.SubProjetoStep.preencherADescricaoDoSubprojeto(java.lang.String)&amp;#27;[0m
  &amp;#27;[33mE &amp;#27;[0m&amp;#27;[33mclicar no botÃ£o de salvar subprojeto&amp;#27;[0m                                    &amp;#27;[90m# null&amp;#27;[0m
  &amp;#27;[36mE &amp;#27;[0m&amp;#27;[36mclicar no subprojeto desejado &amp;#27;[0m&amp;#27;[36m&amp;#27;[1m&quot;Subprojeto 02&quot;&amp;#27;[0m&amp;#27;[36m novamente&amp;#27;[0m                 &amp;#27;[90m# steps.subprojeto.SubProjetoStep.clicarNoSubprojetoDesejadoNovamente(java.lang.String)&amp;#27;[0m
  &amp;#27;[36mE &amp;#27;[0m&amp;#27;[36mpreencher o nome do subprojeto &amp;#27;[0m&amp;#27;[36m&amp;#27;[1m&quot;Subprojeto 02 editado&quot;&amp;#27;[0m                  &amp;#27;[90m# steps.subprojeto.SubProjetoStep.preencherONomeDoSubprojeto(java.lang.String)&amp;#27;[0m
  &amp;#27;[36mE &amp;#27;[0m&amp;#27;[36mclicar no botÃ£o de salvar subprojeto&amp;#27;[0m                                    &amp;#27;[90m# null&amp;#27;[0m
  &amp;#27;[36mEntÃ£o &amp;#27;[0m&amp;#27;[36mo sistema deve efetuar o cadastro do subprojeto editado com sucesso&amp;#27;[0m &amp;#27;[90m# steps.subprojeto.SubProjetoStep.oSistemaDeveEfetuarOCadastroDoSubprojetoEditadoComSucesso()&amp;#27;[0m
</system-out>
    <system-err>Starting ChromeDriver 100.0.4896.60 (6a5d10861ce8de5fce22564658033b43cb7de047-refs/branch-heads/4896@{#875}) on port 50628
Only local connections are allowed.
Please see https://chromedriver.chromium.org/security-considerations for suggestions on keeping ChromeDriver safe.
ChromeDriver was started successfully.
[1652650643.799][WARNING]: This version of ChromeDriver has not been tested with Chrome version 101.
mai 15, 2022 6:37:24 PM org.openqa.selenium.remote.ProtocolHandshake createSession
INFORMAÇÕES: Detected dialect: W3C
mai 15, 2022 6:37:24 PM org.openqa.selenium.devtools.CdpVersionFinder findNearestMatch
ADVERTÊNCIA: Unable to find an exact match for CDP version 101, so returning the closest version found: 99
mai 15, 2022 6:37:24 PM org.openqa.selenium.devtools.CdpVersionFinder findNearestMatch
INFORMAÇÕES: Found CDP implementation for version 101 of 99
</system-err>
  </testcase>
  <testcase classname="Criação de subprojetos" name="Editar estado do subprojeto com sucesso #1" time="9.997">
    <error message="The step &quot;clicar no botão de salvar subprojeto&quot; is undefined. You can implement it using the snippet(s) below:

@Quando(&quot;clicar no botão de salvar subprojeto&quot;)
public void clicarNoBotãoDeSalvarSubprojeto() {
    // Write code here that turns the phrase above into concrete actions
    throw new io.cucumber.java.PendingException();
}
" type="io.cucumber.junit.UndefinedStepException">io.cucumber.junit.UndefinedStepException: The step &quot;clicar no botão de salvar subprojeto&quot; is undefined. You can implement it using the snippet(s) below:

@Quando(&quot;clicar no botão de salvar subprojeto&quot;)
public void clicarNoBotãoDeSalvarSubprojeto() {
    // Write code here that turns the phrase above into concrete actions
    throw new io.cucumber.java.PendingException();
}

</error>
    <system-out>
Esquema do CenÃ¡rio: Editar estado do subprojeto com sucesso                      &amp;#27;[90m# features/subprojeto.feature:143&amp;#27;[0m
  &amp;#27;[32mDado &amp;#27;[0m&amp;#27;[32mque o usuario esteja na pagina de login do Mantis&amp;#27;[0m                         &amp;#27;[90m# steps.login.LoginStep.queOUsuarioEstejaNaPaginaDeLoginDoMantis()&amp;#27;[0m
  &amp;#27;[32mE &amp;#27;[0m&amp;#27;[32mque o usuario tenha feito o login com sucesso&amp;#27;[0m                                &amp;#27;[90m# steps.subprojeto.SubProjetoStep.queOUsuarioTenhaFeitoOLoginComSucesso()&amp;#27;[0m
  &amp;#27;[32mQuando &amp;#27;[0m&amp;#27;[32mclicar no projeto desejado &amp;#27;[0m&amp;#27;[32m&amp;#27;[1m&quot;Teste projeto SQL 02&quot;&amp;#27;[0m                       &amp;#27;[90m# steps.subprojeto.SubProjetoStep.clicarNoProjetoDesejado(java.lang.String)&amp;#27;[0m
  &amp;#27;[32mE &amp;#27;[0m&amp;#27;[32mclicar no botao de cadastrar subProjeto&amp;#27;[0m                                      &amp;#27;[90m# steps.subprojeto.SubProjetoStep.clicarNoBotaoDeCadastrarSubProjeto()&amp;#27;[0m
  &amp;#27;[32mE &amp;#27;[0m&amp;#27;[32mpreencher o nome do subprojeto &amp;#27;[0m&amp;#27;[32m&amp;#27;[1m&quot;Subprojeto 02&quot;&amp;#27;[0m                               &amp;#27;[90m# steps.subprojeto.SubProjetoStep.preencherONomeDoSubprojeto(java.lang.String)&amp;#27;[0m
  &amp;#27;[32mE &amp;#27;[0m&amp;#27;[32mdefinir o estado do subprojeto &amp;#27;[0m&amp;#27;[32m&amp;#27;[1mdesenvolvimento&amp;#27;[0m                               &amp;#27;[90m# steps.subprojeto.SubProjetoStep.definirOEstadoDoSubprojetoEstado(java.lang.String)&amp;#27;[0m
  &amp;#27;[32mE &amp;#27;[0m&amp;#27;[32mmarcar a opcao herdar categorias globais&amp;#27;[0m                                     &amp;#27;[90m# steps.subprojeto.SubProjetoStep.marcarAOpcaoHerdarCategoriasGlobais()&amp;#27;[0m
  &amp;#27;[32mE &amp;#27;[0m&amp;#27;[32mmarcar a opcao herdar categorias da tarefa pai&amp;#27;[0m                               &amp;#27;[90m# steps.subprojeto.SubProjetoStep.marcarAOpcaoHerdarCategoriasDaTarefaPai()&amp;#27;[0m
  &amp;#27;[32mE &amp;#27;[0m&amp;#27;[32mselecionar a visibilidade do projeto&amp;#27;[0m                                         &amp;#27;[90m# steps.subprojeto.SubProjetoStep.selecionarAVisibilidadeDoProjeto()&amp;#27;[0m
  &amp;#27;[32mE &amp;#27;[0m&amp;#27;[32mpreencher a descricao do subprojeto &amp;#27;[0m&amp;#27;[32m&amp;#27;[1m&quot;SubProjeto criado como teste&quot;&amp;#27;[0m           &amp;#27;[90m# steps.subprojeto.SubProjetoStep.preencherADescricaoDoSubprojeto(java.lang.String)&amp;#27;[0m
  &amp;#27;[33mE &amp;#27;[0m&amp;#27;[33mclicar no botÃ£o de salvar subprojeto&amp;#27;[0m                                         &amp;#27;[90m# null&amp;#27;[0m
  &amp;#27;[36mE &amp;#27;[0m&amp;#27;[36mclicar no subprojeto desejado &amp;#27;[0m&amp;#27;[36m&amp;#27;[1m&quot;Subprojeto 02&quot;&amp;#27;[0m&amp;#27;[36m novamente&amp;#27;[0m                      &amp;#27;[90m# steps.subprojeto.SubProjetoStep.clicarNoSubprojetoDesejadoNovamente(java.lang.String)&amp;#27;[0m
  &amp;#27;[36mE &amp;#27;[0m&amp;#27;[36mdefinir o estado do subprojeto &amp;#27;[0m&amp;#27;[36m&amp;#27;[1mrelease&amp;#27;[0m                                       &amp;#27;[90m# steps.subprojeto.SubProjetoStep.definirOEstadoDoSubprojetoEstado(java.lang.String)&amp;#27;[0m
  &amp;#27;[36mE &amp;#27;[0m&amp;#27;[36mclicar no botÃ£o de salvar subprojeto&amp;#27;[0m                                         &amp;#27;[90m# null&amp;#27;[0m
  &amp;#27;[36mEntÃ£o &amp;#27;[0m&amp;#27;[36mo sistema deve realizar o cadastro do subprojeto com &amp;#27;[0m&amp;#27;[36m&amp;#27;[1mrelease&amp;#27;[0m&amp;#27;[36m com sucesso&amp;#27;[0m &amp;#27;[90m# steps.subprojeto.SubProjetoStep.oSistemaDeveRealizarOCadastroDoSubprojetoComEstadoEditadoComSucesso(java.lang.String)&amp;#27;[0m
</system-out>
    <system-err>Starting ChromeDriver 100.0.4896.60 (6a5d10861ce8de5fce22564658033b43cb7de047-refs/branch-heads/4896@{#875}) on port 57597
Only local connections are allowed.
Please see https://chromedriver.chromium.org/security-considerations for suggestions on keeping ChromeDriver safe.
ChromeDriver was started successfully.
[1652650653.716][WARNING]: This version of ChromeDriver has not been tested with Chrome version 101.
mai 15, 2022 6:37:34 PM org.openqa.selenium.remote.ProtocolHandshake createSession
INFORMAÇÕES: Detected dialect: W3C
mai 15, 2022 6:37:34 PM org.openqa.selenium.devtools.CdpVersionFinder findNearestMatch
ADVERTÊNCIA: Unable to find an exact match for CDP version 101, so returning the closest version found: 99
mai 15, 2022 6:37:34 PM org.openqa.selenium.devtools.CdpVersionFinder findNearestMatch
INFORMAÇÕES: Found CDP implementation for version 101 of 99
</system-err>
  </testcase>
  <testcase classname="Criação de subprojetos" name="Editar estado do subprojeto com sucesso #2" time="10.086">
    <error message="The step &quot;clicar no botão de salvar subprojeto&quot; is undefined. You can implement it using the snippet(s) below:

@Quando(&quot;clicar no botão de salvar subprojeto&quot;)
public void clicarNoBotãoDeSalvarSubprojeto() {
    // Write code here that turns the phrase above into concrete actions
    throw new io.cucumber.java.PendingException();
}
" type="io.cucumber.junit.UndefinedStepException">io.cucumber.junit.UndefinedStepException: The step &quot;clicar no botão de salvar subprojeto&quot; is undefined. You can implement it using the snippet(s) below:

@Quando(&quot;clicar no botão de salvar subprojeto&quot;)
public void clicarNoBotãoDeSalvarSubprojeto() {
    // Write code here that turns the phrase above into concrete actions
    throw new io.cucumber.java.PendingException();
}

</error>
    <system-out>
Esquema do CenÃ¡rio: Editar estado do subprojeto com sucesso                              &amp;#27;[90m# features/subprojeto.feature:144&amp;#27;[0m
  &amp;#27;[32mDado &amp;#27;[0m&amp;#27;[32mque o usuario esteja na pagina de login do Mantis&amp;#27;[0m                                 &amp;#27;[90m# steps.login.LoginStep.queOUsuarioEstejaNaPaginaDeLoginDoMantis()&amp;#27;[0m
  &amp;#27;[32mE &amp;#27;[0m&amp;#27;[32mque o usuario tenha feito o login com sucesso&amp;#27;[0m                                        &amp;#27;[90m# steps.subprojeto.SubProjetoStep.queOUsuarioTenhaFeitoOLoginComSucesso()&amp;#27;[0m
  &amp;#27;[32mQuando &amp;#27;[0m&amp;#27;[32mclicar no projeto desejado &amp;#27;[0m&amp;#27;[32m&amp;#27;[1m&quot;Teste projeto SQL 02&quot;&amp;#27;[0m                               &amp;#27;[90m# steps.subprojeto.SubProjetoStep.clicarNoProjetoDesejado(java.lang.String)&amp;#27;[0m
  &amp;#27;[32mE &amp;#27;[0m&amp;#27;[32mclicar no botao de cadastrar subProjeto&amp;#27;[0m                                              &amp;#27;[90m# steps.subprojeto.SubProjetoStep.clicarNoBotaoDeCadastrarSubProjeto()&amp;#27;[0m
  &amp;#27;[32mE &amp;#27;[0m&amp;#27;[32mpreencher o nome do subprojeto &amp;#27;[0m&amp;#27;[32m&amp;#27;[1m&quot;Subprojeto 02&quot;&amp;#27;[0m                                       &amp;#27;[90m# steps.subprojeto.SubProjetoStep.preencherONomeDoSubprojeto(java.lang.String)&amp;#27;[0m
  &amp;#27;[32mE &amp;#27;[0m&amp;#27;[32mdefinir o estado do subprojeto &amp;#27;[0m&amp;#27;[32m&amp;#27;[1mrelease&amp;#27;[0m                                               &amp;#27;[90m# steps.subprojeto.SubProjetoStep.definirOEstadoDoSubprojetoEstado(java.lang.String)&amp;#27;[0m
  &amp;#27;[32mE &amp;#27;[0m&amp;#27;[32mmarcar a opcao herdar categorias globais&amp;#27;[0m                                             &amp;#27;[90m# steps.subprojeto.SubProjetoStep.marcarAOpcaoHerdarCategoriasGlobais()&amp;#27;[0m
  &amp;#27;[32mE &amp;#27;[0m&amp;#27;[32mmarcar a opcao herdar categorias da tarefa pai&amp;#27;[0m                                       &amp;#27;[90m# steps.subprojeto.SubProjetoStep.marcarAOpcaoHerdarCategoriasDaTarefaPai()&amp;#27;[0m
  &amp;#27;[32mE &amp;#27;[0m&amp;#27;[32mselecionar a visibilidade do projeto&amp;#27;[0m                                                 &amp;#27;[90m# steps.subprojeto.SubProjetoStep.selecionarAVisibilidadeDoProjeto()&amp;#27;[0m
  &amp;#27;[32mE &amp;#27;[0m&amp;#27;[32mpreencher a descricao do subprojeto &amp;#27;[0m&amp;#27;[32m&amp;#27;[1m&quot;SubProjeto criado como teste&quot;&amp;#27;[0m                   &amp;#27;[90m# steps.subprojeto.SubProjetoStep.preencherADescricaoDoSubprojeto(java.lang.String)&amp;#27;[0m
  &amp;#27;[33mE &amp;#27;[0m&amp;#27;[33mclicar no botÃ£o de salvar subprojeto&amp;#27;[0m                                                 &amp;#27;[90m# null&amp;#27;[0m
  &amp;#27;[36mE &amp;#27;[0m&amp;#27;[36mclicar no subprojeto desejado &amp;#27;[0m&amp;#27;[36m&amp;#27;[1m&quot;Subprojeto 02&quot;&amp;#27;[0m&amp;#27;[36m novamente&amp;#27;[0m                              &amp;#27;[90m# steps.subprojeto.SubProjetoStep.clicarNoSubprojetoDesejadoNovamente(java.lang.String)&amp;#27;[0m
  &amp;#27;[36mE &amp;#27;[0m&amp;#27;[36mdefinir o estado do subprojeto &amp;#27;[0m&amp;#27;[36m&amp;#27;[1mdesenvolvimento&amp;#27;[0m                                       &amp;#27;[90m# steps.subprojeto.SubProjetoStep.definirOEstadoDoSubprojetoEstado(java.lang.String)&amp;#27;[0m
  &amp;#27;[36mE &amp;#27;[0m&amp;#27;[36mclicar no botÃ£o de salvar subprojeto&amp;#27;[0m                                                 &amp;#27;[90m# null&amp;#27;[0m
  &amp;#27;[36mEntÃ£o &amp;#27;[0m&amp;#27;[36mo sistema deve realizar o cadastro do subprojeto com &amp;#27;[0m&amp;#27;[36m&amp;#27;[1mdesenvolvimento&amp;#27;[0m&amp;#27;[36m com sucesso&amp;#27;[0m &amp;#27;[90m# steps.subprojeto.SubProjetoStep.oSistemaDeveRealizarOCadastroDoSubprojetoComEstadoEditadoComSucesso(java.lang.String)&amp;#27;[0m
</system-out>
    <system-err>Starting ChromeDriver 100.0.4896.60 (6a5d10861ce8de5fce22564658033b43cb7de047-refs/branch-heads/4896@{#875}) on port 64798
Only local connections are allowed.
Please see https://chromedriver.chromium.org/security-considerations for suggestions on keeping ChromeDriver safe.
ChromeDriver was started successfully.
[1652650663.820][WARNING]: This version of ChromeDriver has not been tested with Chrome version 101.
mai 15, 2022 6:37:44 PM org.openqa.selenium.remote.ProtocolHandshake createSession
INFORMAÇÕES: Detected dialect: W3C
mai 15, 2022 6:37:44 PM org.openqa.selenium.devtools.CdpVersionFinder findNearestMatch
ADVERTÊNCIA: Unable to find an exact match for CDP version 101, so returning the closest version found: 99
mai 15, 2022 6:37:44 PM org.openqa.selenium.devtools.CdpVersionFinder findNearestMatch
INFORMAÇÕES: Found CDP implementation for version 101 of 99
</system-err>
  </testcase>
  <testcase classname="Criação de subprojetos" name="Editar estado do subprojeto com sucesso #3" time="10.231">
    <error message="The step &quot;clicar no botão de salvar subprojeto&quot; is undefined. You can implement it using the snippet(s) below:

@Quando(&quot;clicar no botão de salvar subprojeto&quot;)
public void clicarNoBotãoDeSalvarSubprojeto() {
    // Write code here that turns the phrase above into concrete actions
    throw new io.cucumber.java.PendingException();
}
" type="io.cucumber.junit.UndefinedStepException">io.cucumber.junit.UndefinedStepException: The step &quot;clicar no botão de salvar subprojeto&quot; is undefined. You can implement it using the snippet(s) below:

@Quando(&quot;clicar no botão de salvar subprojeto&quot;)
public void clicarNoBotãoDeSalvarSubprojeto() {
    // Write code here that turns the phrase above into concrete actions
    throw new io.cucumber.java.PendingException();
}

</error>
    <system-out>
Esquema do CenÃ¡rio: Editar estado do subprojeto com sucesso                      &amp;#27;[90m# features/subprojeto.feature:145&amp;#27;[0m
  &amp;#27;[32mDado &amp;#27;[0m&amp;#27;[32mque o usuario esteja na pagina de login do Mantis&amp;#27;[0m                         &amp;#27;[90m# steps.login.LoginStep.queOUsuarioEstejaNaPaginaDeLoginDoMantis()&amp;#27;[0m
  &amp;#27;[32mE &amp;#27;[0m&amp;#27;[32mque o usuario tenha feito o login com sucesso&amp;#27;[0m                                &amp;#27;[90m# steps.subprojeto.SubProjetoStep.queOUsuarioTenhaFeitoOLoginComSucesso()&amp;#27;[0m
  &amp;#27;[32mQuando &amp;#27;[0m&amp;#27;[32mclicar no projeto desejado &amp;#27;[0m&amp;#27;[32m&amp;#27;[1m&quot;Teste projeto SQL 02&quot;&amp;#27;[0m                       &amp;#27;[90m# steps.subprojeto.SubProjetoStep.clicarNoProjetoDesejado(java.lang.String)&amp;#27;[0m
  &amp;#27;[32mE &amp;#27;[0m&amp;#27;[32mclicar no botao de cadastrar subProjeto&amp;#27;[0m                                      &amp;#27;[90m# steps.subprojeto.SubProjetoStep.clicarNoBotaoDeCadastrarSubProjeto()&amp;#27;[0m
  &amp;#27;[32mE &amp;#27;[0m&amp;#27;[32mpreencher o nome do subprojeto &amp;#27;[0m&amp;#27;[32m&amp;#27;[1m&quot;Subprojeto 02&quot;&amp;#27;[0m                               &amp;#27;[90m# steps.subprojeto.SubProjetoStep.preencherONomeDoSubprojeto(java.lang.String)&amp;#27;[0m
  &amp;#27;[32mE &amp;#27;[0m&amp;#27;[32mdefinir o estado do subprojeto &amp;#27;[0m&amp;#27;[32m&amp;#27;[1mobsoleto&amp;#27;[0m                                      &amp;#27;[90m# steps.subprojeto.SubProjetoStep.definirOEstadoDoSubprojetoEstado(java.lang.String)&amp;#27;[0m
  &amp;#27;[32mE &amp;#27;[0m&amp;#27;[32mmarcar a opcao herdar categorias globais&amp;#27;[0m                                     &amp;#27;[90m# steps.subprojeto.SubProjetoStep.marcarAOpcaoHerdarCategoriasGlobais()&amp;#27;[0m
  &amp;#27;[32mE &amp;#27;[0m&amp;#27;[32mmarcar a opcao herdar categorias da tarefa pai&amp;#27;[0m                               &amp;#27;[90m# steps.subprojeto.SubProjetoStep.marcarAOpcaoHerdarCategoriasDaTarefaPai()&amp;#27;[0m
  &amp;#27;[32mE &amp;#27;[0m&amp;#27;[32mselecionar a visibilidade do projeto&amp;#27;[0m                                         &amp;#27;[90m# steps.subprojeto.SubProjetoStep.selecionarAVisibilidadeDoProjeto()&amp;#27;[0m
  &amp;#27;[32mE &amp;#27;[0m&amp;#27;[32mpreencher a descricao do subprojeto &amp;#27;[0m&amp;#27;[32m&amp;#27;[1m&quot;SubProjeto criado como teste&quot;&amp;#27;[0m           &amp;#27;[90m# steps.subprojeto.SubProjetoStep.preencherADescricaoDoSubprojeto(java.lang.String)&amp;#27;[0m
  &amp;#27;[33mE &amp;#27;[0m&amp;#27;[33mclicar no botÃ£o de salvar subprojeto&amp;#27;[0m                                         &amp;#27;[90m# null&amp;#27;[0m
  &amp;#27;[36mE &amp;#27;[0m&amp;#27;[36mclicar no subprojeto desejado &amp;#27;[0m&amp;#27;[36m&amp;#27;[1m&quot;Subprojeto 02&quot;&amp;#27;[0m&amp;#27;[36m novamente&amp;#27;[0m                      &amp;#27;[90m# steps.subprojeto.SubProjetoStep.clicarNoSubprojetoDesejadoNovamente(java.lang.String)&amp;#27;[0m
  &amp;#27;[36mE &amp;#27;[0m&amp;#27;[36mdefinir o estado do subprojeto &amp;#27;[0m&amp;#27;[36m&amp;#27;[1mrelease&amp;#27;[0m                                       &amp;#27;[90m# steps.subprojeto.SubProjetoStep.definirOEstadoDoSubprojetoEstado(java.lang.String)&amp;#27;[0m
  &amp;#27;[36mE &amp;#27;[0m&amp;#27;[36mclicar no botÃ£o de salvar subprojeto&amp;#27;[0m                                         &amp;#27;[90m# null&amp;#27;[0m
  &amp;#27;[36mEntÃ£o &amp;#27;[0m&amp;#27;[36mo sistema deve realizar o cadastro do subprojeto com &amp;#27;[0m&amp;#27;[36m&amp;#27;[1mrelease&amp;#27;[0m&amp;#27;[36m com sucesso&amp;#27;[0m &amp;#27;[90m# steps.subprojeto.SubProjetoStep.oSistemaDeveRealizarOCadastroDoSubprojetoComEstadoEditadoComSucesso(java.lang.String)&amp;#27;[0m
</system-out>
    <system-err>Starting ChromeDriver 100.0.4896.60 (6a5d10861ce8de5fce22564658033b43cb7de047-refs/branch-heads/4896@{#875}) on port 63351
Only local connections are allowed.
Please see https://chromedriver.chromium.org/security-considerations for suggestions on keeping ChromeDriver safe.
ChromeDriver was started successfully.
[1652650673.784][WARNING]: This version of ChromeDriver has not been tested with Chrome version 101.
mai 15, 2022 6:37:54 PM org.openqa.selenium.remote.ProtocolHandshake createSession
INFORMAÇÕES: Detected dialect: W3C
mai 15, 2022 6:37:54 PM org.openqa.selenium.devtools.CdpVersionFinder findNearestMatch
ADVERTÊNCIA: Unable to find an exact match for CDP version 101, so returning the closest version found: 99
mai 15, 2022 6:37:54 PM org.openqa.selenium.devtools.CdpVersionFinder findNearestMatch
INFORMAÇÕES: Found CDP implementation for version 101 of 99
</system-err>
  </testcase>
  <testcase classname="Criação de subprojetos" name="Editar habilitado do subprojeto com sucesso #1" time="10.632">
    <error message="The step &quot;clicar no botão de salvar subprojeto&quot; is undefined. You can implement it using the snippet(s) below:

@Quando(&quot;clicar no botão de salvar subprojeto&quot;)
public void clicarNoBotãoDeSalvarSubprojeto() {
    // Write code here that turns the phrase above into concrete actions
    throw new io.cucumber.java.PendingException();
}
" type="io.cucumber.junit.UndefinedStepException">io.cucumber.junit.UndefinedStepException: The step &quot;clicar no botão de salvar subprojeto&quot; is undefined. You can implement it using the snippet(s) below:

@Quando(&quot;clicar no botão de salvar subprojeto&quot;)
public void clicarNoBotãoDeSalvarSubprojeto() {
    // Write code here that turns the phrase above into concrete actions
    throw new io.cucumber.java.PendingException();
}

</error>
    <system-out>
Esquema do CenÃ¡rio: Editar habilitado do subprojeto com sucesso        &amp;#27;[90m# features/subprojeto.feature:164&amp;#27;[0m
  &amp;#27;[32mDado &amp;#27;[0m&amp;#27;[32mque o usuario esteja na pagina de login do Mantis&amp;#27;[0m               &amp;#27;[90m# steps.login.LoginStep.queOUsuarioEstejaNaPaginaDeLoginDoMantis()&amp;#27;[0m
  &amp;#27;[32mE &amp;#27;[0m&amp;#27;[32mque o usuario tenha feito o login com sucesso&amp;#27;[0m                      &amp;#27;[90m# steps.subprojeto.SubProjetoStep.queOUsuarioTenhaFeitoOLoginComSucesso()&amp;#27;[0m
  &amp;#27;[32mQuando &amp;#27;[0m&amp;#27;[32mclicar no projeto desejado &amp;#27;[0m&amp;#27;[32m&amp;#27;[1m&quot;Teste projeto SQL 02&quot;&amp;#27;[0m             &amp;#27;[90m# steps.subprojeto.SubProjetoStep.clicarNoProjetoDesejado(java.lang.String)&amp;#27;[0m
  &amp;#27;[32mE &amp;#27;[0m&amp;#27;[32mclicar no botao de cadastrar subProjeto&amp;#27;[0m                            &amp;#27;[90m# steps.subprojeto.SubProjetoStep.clicarNoBotaoDeCadastrarSubProjeto()&amp;#27;[0m
  &amp;#27;[32mE &amp;#27;[0m&amp;#27;[32mpreencher o nome do subprojeto &amp;#27;[0m&amp;#27;[32m&amp;#27;[1m&quot;Subprojeto 02&quot;&amp;#27;[0m                     &amp;#27;[90m# steps.subprojeto.SubProjetoStep.preencherONomeDoSubprojeto(java.lang.String)&amp;#27;[0m
  &amp;#27;[32mE &amp;#27;[0m&amp;#27;[32mdefinir o estado do subprojeto &amp;#27;[0m&amp;#27;[32m&amp;#27;[1mdesenvolvimento&amp;#27;[0m                     &amp;#27;[90m# steps.subprojeto.SubProjetoStep.definirOEstadoDoSubprojetoEstado(java.lang.String)&amp;#27;[0m
  &amp;#27;[32mE &amp;#27;[0m&amp;#27;[32mmarcar a opcao herdar categorias globais&amp;#27;[0m                           &amp;#27;[90m# steps.subprojeto.SubProjetoStep.marcarAOpcaoHerdarCategoriasGlobais()&amp;#27;[0m
  &amp;#27;[32mE &amp;#27;[0m&amp;#27;[32mmarcar a opcao herdar categorias da tarefa pai&amp;#27;[0m                     &amp;#27;[90m# steps.subprojeto.SubProjetoStep.marcarAOpcaoHerdarCategoriasDaTarefaPai()&amp;#27;[0m
  &amp;#27;[32mE &amp;#27;[0m&amp;#27;[32mselecionar a visibilidade do projeto&amp;#27;[0m                               &amp;#27;[90m# steps.subprojeto.SubProjetoStep.selecionarAVisibilidadeDoProjeto()&amp;#27;[0m
  &amp;#27;[32mE &amp;#27;[0m&amp;#27;[32mpreencher a descricao do subprojeto &amp;#27;[0m&amp;#27;[32m&amp;#27;[1m&quot;SubProjeto criado como teste&quot;&amp;#27;[0m &amp;#27;[90m# steps.subprojeto.SubProjetoStep.preencherADescricaoDoSubprojeto(java.lang.String)&amp;#27;[0m
  &amp;#27;[33mE &amp;#27;[0m&amp;#27;[33mclicar no botÃ£o de salvar subprojeto&amp;#27;[0m                               &amp;#27;[90m# null&amp;#27;[0m
  &amp;#27;[36mE &amp;#27;[0m&amp;#27;[36mclicar no subprojeto desejado &amp;#27;[0m&amp;#27;[36m&amp;#27;[1m&quot;Subprojeto 02&quot;&amp;#27;[0m&amp;#27;[36m novamente&amp;#27;[0m            &amp;#27;[90m# steps.subprojeto.SubProjetoStep.clicarNoSubprojetoDesejadoNovamente(java.lang.String)&amp;#27;[0m
  &amp;#27;[36mE &amp;#27;[0m&amp;#27;[36mclicar no campo habilitado&amp;#27;[0m                                         &amp;#27;[90m# steps.subprojeto.SubProjetoStep.clicarNoCampoHabilitado()&amp;#27;[0m
  &amp;#27;[36mE &amp;#27;[0m&amp;#27;[36mclicar no botÃ£o de salvar subprojeto&amp;#27;[0m                               &amp;#27;[90m# null&amp;#27;[0m
  &amp;#27;[36mEntÃ£o &amp;#27;[0m&amp;#27;[36mo sistema deve efetuar a alteracao do habilitado com sucesso&amp;#27;[0m   &amp;#27;[90m# steps.subprojeto.SubProjetoStep.oSistemaDeveEfetuarAAlteracaoDoHabilitadoComSucesso()&amp;#27;[0m
</system-out>
    <system-err>Starting ChromeDriver 100.0.4896.60 (6a5d10861ce8de5fce22564658033b43cb7de047-refs/branch-heads/4896@{#875}) on port 60342
Only local connections are allowed.
Please see https://chromedriver.chromium.org/security-considerations for suggestions on keeping ChromeDriver safe.
ChromeDriver was started successfully.
[1652650684.270][WARNING]: This version of ChromeDriver has not been tested with Chrome version 101.
mai 15, 2022 6:38:04 PM org.openqa.selenium.remote.ProtocolHandshake createSession
INFORMAÇÕES: Detected dialect: W3C
mai 15, 2022 6:38:04 PM org.openqa.selenium.devtools.CdpVersionFinder findNearestMatch
ADVERTÊNCIA: Unable to find an exact match for CDP version 101, so returning the closest version found: 99
mai 15, 2022 6:38:04 PM org.openqa.selenium.devtools.CdpVersionFinder findNearestMatch
INFORMAÇÕES: Found CDP implementation for version 101 of 99
</system-err>
  </testcase>
  <testcase classname="Criação de subprojetos" name="Editar habilitado do subprojeto com sucesso #2" time="11.01">
    <error message="The step &quot;clicar no botão de salvar subprojeto&quot; is undefined. You can implement it using the snippet(s) below:

@Quando(&quot;clicar no botão de salvar subprojeto&quot;)
public void clicarNoBotãoDeSalvarSubprojeto() {
    // Write code here that turns the phrase above into concrete actions
    throw new io.cucumber.java.PendingException();
}
" type="io.cucumber.junit.UndefinedStepException">io.cucumber.junit.UndefinedStepException: The step &quot;clicar no botão de salvar subprojeto&quot; is undefined. You can implement it using the snippet(s) below:

@Quando(&quot;clicar no botão de salvar subprojeto&quot;)
public void clicarNoBotãoDeSalvarSubprojeto() {
    // Write code here that turns the phrase above into concrete actions
    throw new io.cucumber.java.PendingException();
}

</error>
    <system-out>
Esquema do CenÃ¡rio: Editar habilitado do subprojeto com sucesso        &amp;#27;[90m# features/subprojeto.feature:165&amp;#27;[0m
  &amp;#27;[32mDado &amp;#27;[0m&amp;#27;[32mque o usuario esteja na pagina de login do Mantis&amp;#27;[0m               &amp;#27;[90m# steps.login.LoginStep.queOUsuarioEstejaNaPaginaDeLoginDoMantis()&amp;#27;[0m
  &amp;#27;[32mE &amp;#27;[0m&amp;#27;[32mque o usuario tenha feito o login com sucesso&amp;#27;[0m                      &amp;#27;[90m# steps.subprojeto.SubProjetoStep.queOUsuarioTenhaFeitoOLoginComSucesso()&amp;#27;[0m
  &amp;#27;[32mQuando &amp;#27;[0m&amp;#27;[32mclicar no projeto desejado &amp;#27;[0m&amp;#27;[32m&amp;#27;[1m&quot;Teste projeto SQL 02&quot;&amp;#27;[0m             &amp;#27;[90m# steps.subprojeto.SubProjetoStep.clicarNoProjetoDesejado(java.lang.String)&amp;#27;[0m
  &amp;#27;[32mE &amp;#27;[0m&amp;#27;[32mclicar no botao de cadastrar subProjeto&amp;#27;[0m                            &amp;#27;[90m# steps.subprojeto.SubProjetoStep.clicarNoBotaoDeCadastrarSubProjeto()&amp;#27;[0m
  &amp;#27;[32mE &amp;#27;[0m&amp;#27;[32mpreencher o nome do subprojeto &amp;#27;[0m&amp;#27;[32m&amp;#27;[1m&quot;Subprojeto 02&quot;&amp;#27;[0m                     &amp;#27;[90m# steps.subprojeto.SubProjetoStep.preencherONomeDoSubprojeto(java.lang.String)&amp;#27;[0m
  &amp;#27;[32mE &amp;#27;[0m&amp;#27;[32mdefinir o estado do subprojeto &amp;#27;[0m&amp;#27;[32m&amp;#27;[1mrelease&amp;#27;[0m                             &amp;#27;[90m# steps.subprojeto.SubProjetoStep.definirOEstadoDoSubprojetoEstado(java.lang.String)&amp;#27;[0m
  &amp;#27;[32mE &amp;#27;[0m&amp;#27;[32mmarcar a opcao herdar categorias globais&amp;#27;[0m                           &amp;#27;[90m# steps.subprojeto.SubProjetoStep.marcarAOpcaoHerdarCategoriasGlobais()&amp;#27;[0m
  &amp;#27;[32mE &amp;#27;[0m&amp;#27;[32mmarcar a opcao herdar categorias da tarefa pai&amp;#27;[0m                     &amp;#27;[90m# steps.subprojeto.SubProjetoStep.marcarAOpcaoHerdarCategoriasDaTarefaPai()&amp;#27;[0m
  &amp;#27;[32mE &amp;#27;[0m&amp;#27;[32mselecionar a visibilidade do projeto&amp;#27;[0m                               &amp;#27;[90m# steps.subprojeto.SubProjetoStep.selecionarAVisibilidadeDoProjeto()&amp;#27;[0m
  &amp;#27;[32mE &amp;#27;[0m&amp;#27;[32mpreencher a descricao do subprojeto &amp;#27;[0m&amp;#27;[32m&amp;#27;[1m&quot;SubProjeto criado como teste&quot;&amp;#27;[0m &amp;#27;[90m# steps.subprojeto.SubProjetoStep.preencherADescricaoDoSubprojeto(java.lang.String)&amp;#27;[0m
  &amp;#27;[33mE &amp;#27;[0m&amp;#27;[33mclicar no botÃ£o de salvar subprojeto&amp;#27;[0m                               &amp;#27;[90m# null&amp;#27;[0m
  &amp;#27;[36mE &amp;#27;[0m&amp;#27;[36mclicar no subprojeto desejado &amp;#27;[0m&amp;#27;[36m&amp;#27;[1m&quot;Subprojeto 02&quot;&amp;#27;[0m&amp;#27;[36m novamente&amp;#27;[0m            &amp;#27;[90m# steps.subprojeto.SubProjetoStep.clicarNoSubprojetoDesejadoNovamente(java.lang.String)&amp;#27;[0m
  &amp;#27;[36mE &amp;#27;[0m&amp;#27;[36mclicar no campo habilitado&amp;#27;[0m                                         &amp;#27;[90m# steps.subprojeto.SubProjetoStep.clicarNoCampoHabilitado()&amp;#27;[0m
  &amp;#27;[36mE &amp;#27;[0m&amp;#27;[36mclicar no botÃ£o de salvar subprojeto&amp;#27;[0m                               &amp;#27;[90m# null&amp;#27;[0m
  &amp;#27;[36mEntÃ£o &amp;#27;[0m&amp;#27;[36mo sistema deve efetuar a alteracao do habilitado com sucesso&amp;#27;[0m   &amp;#27;[90m# steps.subprojeto.SubProjetoStep.oSistemaDeveEfetuarAAlteracaoDoHabilitadoComSucesso()&amp;#27;[0m
</system-out>
    <system-err>Starting ChromeDriver 100.0.4896.60 (6a5d10861ce8de5fce22564658033b43cb7de047-refs/branch-heads/4896@{#875}) on port 62108
Only local connections are allowed.
Please see https://chromedriver.chromium.org/security-considerations for suggestions on keeping ChromeDriver safe.
ChromeDriver was started successfully.
[1652650694.890][WARNING]: This version of ChromeDriver has not been tested with Chrome version 101.
mai 15, 2022 6:38:15 PM org.openqa.selenium.remote.ProtocolHandshake createSession
INFORMAÇÕES: Detected dialect: W3C
mai 15, 2022 6:38:15 PM org.openqa.selenium.devtools.CdpVersionFinder findNearestMatch
ADVERTÊNCIA: Unable to find an exact match for CDP version 101, so returning the closest version found: 99
mai 15, 2022 6:38:15 PM org.openqa.selenium.devtools.CdpVersionFinder findNearestMatch
INFORMAÇÕES: Found CDP implementation for version 101 of 99
</system-err>
  </testcase>
  <testcase classname="Criação de subprojetos" name="Editar habilitado do subprojeto com sucesso #3" time="10.429">
    <error message="The step &quot;clicar no botão de salvar subprojeto&quot; is undefined. You can implement it using the snippet(s) below:

@Quando(&quot;clicar no botão de salvar subprojeto&quot;)
public void clicarNoBotãoDeSalvarSubprojeto() {
    // Write code here that turns the phrase above into concrete actions
    throw new io.cucumber.java.PendingException();
}
" type="io.cucumber.junit.UndefinedStepException">io.cucumber.junit.UndefinedStepException: The step &quot;clicar no botão de salvar subprojeto&quot; is undefined. You can implement it using the snippet(s) below:

@Quando(&quot;clicar no botão de salvar subprojeto&quot;)
public void clicarNoBotãoDeSalvarSubprojeto() {
    // Write code here that turns the phrase above into concrete actions
    throw new io.cucumber.java.PendingException();
}

</error>
    <system-out>
Esquema do CenÃ¡rio: Editar habilitado do subprojeto com sucesso        &amp;#27;[90m# features/subprojeto.feature:166&amp;#27;[0m
  &amp;#27;[32mDado &amp;#27;[0m&amp;#27;[32mque o usuario esteja na pagina de login do Mantis&amp;#27;[0m               &amp;#27;[90m# steps.login.LoginStep.queOUsuarioEstejaNaPaginaDeLoginDoMantis()&amp;#27;[0m
  &amp;#27;[32mE &amp;#27;[0m&amp;#27;[32mque o usuario tenha feito o login com sucesso&amp;#27;[0m                      &amp;#27;[90m# steps.subprojeto.SubProjetoStep.queOUsuarioTenhaFeitoOLoginComSucesso()&amp;#27;[0m
  &amp;#27;[32mQuando &amp;#27;[0m&amp;#27;[32mclicar no projeto desejado &amp;#27;[0m&amp;#27;[32m&amp;#27;[1m&quot;Teste projeto SQL 02&quot;&amp;#27;[0m             &amp;#27;[90m# steps.subprojeto.SubProjetoStep.clicarNoProjetoDesejado(java.lang.String)&amp;#27;[0m
  &amp;#27;[32mE &amp;#27;[0m&amp;#27;[32mclicar no botao de cadastrar subProjeto&amp;#27;[0m                            &amp;#27;[90m# steps.subprojeto.SubProjetoStep.clicarNoBotaoDeCadastrarSubProjeto()&amp;#27;[0m
  &amp;#27;[32mE &amp;#27;[0m&amp;#27;[32mpreencher o nome do subprojeto &amp;#27;[0m&amp;#27;[32m&amp;#27;[1m&quot;Subprojeto 02&quot;&amp;#27;[0m                     &amp;#27;[90m# steps.subprojeto.SubProjetoStep.preencherONomeDoSubprojeto(java.lang.String)&amp;#27;[0m
  &amp;#27;[32mE &amp;#27;[0m&amp;#27;[32mdefinir o estado do subprojeto &amp;#27;[0m&amp;#27;[32m&amp;#27;[1mobsoleto&amp;#27;[0m                            &amp;#27;[90m# steps.subprojeto.SubProjetoStep.definirOEstadoDoSubprojetoEstado(java.lang.String)&amp;#27;[0m
  &amp;#27;[32mE &amp;#27;[0m&amp;#27;[32mmarcar a opcao herdar categorias globais&amp;#27;[0m                           &amp;#27;[90m# steps.subprojeto.SubProjetoStep.marcarAOpcaoHerdarCategoriasGlobais()&amp;#27;[0m
  &amp;#27;[32mE &amp;#27;[0m&amp;#27;[32mmarcar a opcao herdar categorias da tarefa pai&amp;#27;[0m                     &amp;#27;[90m# steps.subprojeto.SubProjetoStep.marcarAOpcaoHerdarCategoriasDaTarefaPai()&amp;#27;[0m
  &amp;#27;[32mE &amp;#27;[0m&amp;#27;[32mselecionar a visibilidade do projeto&amp;#27;[0m                               &amp;#27;[90m# steps.subprojeto.SubProjetoStep.selecionarAVisibilidadeDoProjeto()&amp;#27;[0m
  &amp;#27;[32mE &amp;#27;[0m&amp;#27;[32mpreencher a descricao do subprojeto &amp;#27;[0m&amp;#27;[32m&amp;#27;[1m&quot;SubProjeto criado como teste&quot;&amp;#27;[0m &amp;#27;[90m# steps.subprojeto.SubProjetoStep.preencherADescricaoDoSubprojeto(java.lang.String)&amp;#27;[0m
  &amp;#27;[33mE &amp;#27;[0m&amp;#27;[33mclicar no botÃ£o de salvar subprojeto&amp;#27;[0m                               &amp;#27;[90m# null&amp;#27;[0m
  &amp;#27;[36mE &amp;#27;[0m&amp;#27;[36mclicar no subprojeto desejado &amp;#27;[0m&amp;#27;[36m&amp;#27;[1m&quot;Subprojeto 02&quot;&amp;#27;[0m&amp;#27;[36m novamente&amp;#27;[0m            &amp;#27;[90m# steps.subprojeto.SubProjetoStep.clicarNoSubprojetoDesejadoNovamente(java.lang.String)&amp;#27;[0m
  &amp;#27;[36mE &amp;#27;[0m&amp;#27;[36mclicar no campo habilitado&amp;#27;[0m                                         &amp;#27;[90m# steps.subprojeto.SubProjetoStep.clicarNoCampoHabilitado()&amp;#27;[0m
  &amp;#27;[36mE &amp;#27;[0m&amp;#27;[36mclicar no botÃ£o de salvar subprojeto&amp;#27;[0m                               &amp;#27;[90m# null&amp;#27;[0m
  &amp;#27;[36mEntÃ£o &amp;#27;[0m&amp;#27;[36mo sistema deve efetuar a alteracao do habilitado com sucesso&amp;#27;[0m   &amp;#27;[90m# steps.subprojeto.SubProjetoStep.oSistemaDeveEfetuarAAlteracaoDoHabilitadoComSucesso()&amp;#27;[0m
</system-out>
    <system-err>Starting ChromeDriver 100.0.4896.60 (6a5d10861ce8de5fce22564658033b43cb7de047-refs/branch-heads/4896@{#875}) on port 64679
Only local connections are allowed.
Please see https://chromedriver.chromium.org/security-considerations for suggestions on keeping ChromeDriver safe.
ChromeDriver was started successfully.
[1652650705.793][WARNING]: This version of ChromeDriver has not been tested with Chrome version 101.
mai 15, 2022 6:38:26 PM org.openqa.selenium.remote.ProtocolHandshake createSession
INFORMAÇÕES: Detected dialect: W3C
mai 15, 2022 6:38:26 PM org.openqa.selenium.devtools.CdpVersionFinder findNearestMatch
ADVERTÊNCIA: Unable to find an exact match for CDP version 101, so returning the closest version found: 99
mai 15, 2022 6:38:26 PM org.openqa.selenium.devtools.CdpVersionFinder findNearestMatch
INFORMAÇÕES: Found CDP implementation for version 101 of 99
</system-err>
  </testcase>
  <testcase classname="Criação de subprojetos" name="Editar visibilidade do subprojeto com sucesso #1" time="10.582">
    <error message="The step &quot;clicar no botão de salvar subprojeto&quot; is undefined. You can implement it using the snippet(s) below:

@Quando(&quot;clicar no botão de salvar subprojeto&quot;)
public void clicarNoBotãoDeSalvarSubprojeto() {
    // Write code here that turns the phrase above into concrete actions
    throw new io.cucumber.java.PendingException();
}
" type="io.cucumber.junit.UndefinedStepException">io.cucumber.junit.UndefinedStepException: The step &quot;clicar no botão de salvar subprojeto&quot; is undefined. You can implement it using the snippet(s) below:

@Quando(&quot;clicar no botão de salvar subprojeto&quot;)
public void clicarNoBotãoDeSalvarSubprojeto() {
    // Write code here that turns the phrase above into concrete actions
    throw new io.cucumber.java.PendingException();
}

</error>
    <system-out>
Esquema do CenÃ¡rio: Editar visibilidade do subprojeto com sucesso      &amp;#27;[90m# features/subprojeto.feature:185&amp;#27;[0m
  &amp;#27;[32mDado &amp;#27;[0m&amp;#27;[32mque o usuario esteja na pagina de login do Mantis&amp;#27;[0m               &amp;#27;[90m# steps.login.LoginStep.queOUsuarioEstejaNaPaginaDeLoginDoMantis()&amp;#27;[0m
  &amp;#27;[32mE &amp;#27;[0m&amp;#27;[32mque o usuario tenha feito o login com sucesso&amp;#27;[0m                      &amp;#27;[90m# steps.subprojeto.SubProjetoStep.queOUsuarioTenhaFeitoOLoginComSucesso()&amp;#27;[0m
  &amp;#27;[32mQuando &amp;#27;[0m&amp;#27;[32mclicar no projeto desejado &amp;#27;[0m&amp;#27;[32m&amp;#27;[1m&quot;Teste projeto SQL 02&quot;&amp;#27;[0m             &amp;#27;[90m# steps.subprojeto.SubProjetoStep.clicarNoProjetoDesejado(java.lang.String)&amp;#27;[0m
  &amp;#27;[32mE &amp;#27;[0m&amp;#27;[32mclicar no botao de cadastrar subProjeto&amp;#27;[0m                            &amp;#27;[90m# steps.subprojeto.SubProjetoStep.clicarNoBotaoDeCadastrarSubProjeto()&amp;#27;[0m
  &amp;#27;[32mE &amp;#27;[0m&amp;#27;[32mpreencher o nome do subprojeto &amp;#27;[0m&amp;#27;[32m&amp;#27;[1m&quot;Subprojeto 02&quot;&amp;#27;[0m                     &amp;#27;[90m# steps.subprojeto.SubProjetoStep.preencherONomeDoSubprojeto(java.lang.String)&amp;#27;[0m
  &amp;#27;[32mE &amp;#27;[0m&amp;#27;[32mdefinir o estado do subprojeto &amp;#27;[0m&amp;#27;[32m&amp;#27;[1mdesenvolvimento&amp;#27;[0m                     &amp;#27;[90m# steps.subprojeto.SubProjetoStep.definirOEstadoDoSubprojetoEstado(java.lang.String)&amp;#27;[0m
  &amp;#27;[32mE &amp;#27;[0m&amp;#27;[32mmarcar a opcao herdar categorias globais&amp;#27;[0m                           &amp;#27;[90m# steps.subprojeto.SubProjetoStep.marcarAOpcaoHerdarCategoriasGlobais()&amp;#27;[0m
  &amp;#27;[32mE &amp;#27;[0m&amp;#27;[32mmarcar a opcao herdar categorias da tarefa pai&amp;#27;[0m                     &amp;#27;[90m# steps.subprojeto.SubProjetoStep.marcarAOpcaoHerdarCategoriasDaTarefaPai()&amp;#27;[0m
  &amp;#27;[32mE &amp;#27;[0m&amp;#27;[32mselecionar a visibilidade do projeto&amp;#27;[0m                               &amp;#27;[90m# steps.subprojeto.SubProjetoStep.selecionarAVisibilidadeDoProjeto()&amp;#27;[0m
  &amp;#27;[32mE &amp;#27;[0m&amp;#27;[32mpreencher a descricao do subprojeto &amp;#27;[0m&amp;#27;[32m&amp;#27;[1m&quot;SubProjeto criado como teste&quot;&amp;#27;[0m &amp;#27;[90m# steps.subprojeto.SubProjetoStep.preencherADescricaoDoSubprojeto(java.lang.String)&amp;#27;[0m
  &amp;#27;[33mE &amp;#27;[0m&amp;#27;[33mclicar no botÃ£o de salvar subprojeto&amp;#27;[0m                               &amp;#27;[90m# null&amp;#27;[0m
  &amp;#27;[36mE &amp;#27;[0m&amp;#27;[36mclicar no subprojeto desejado &amp;#27;[0m&amp;#27;[36m&amp;#27;[1m&quot;Subprojeto 02&quot;&amp;#27;[0m&amp;#27;[36m novamente&amp;#27;[0m            &amp;#27;[90m# steps.subprojeto.SubProjetoStep.clicarNoSubprojetoDesejadoNovamente(java.lang.String)&amp;#27;[0m
  &amp;#27;[36mE &amp;#27;[0m&amp;#27;[36mselecionar a visibilidade do projeto novamente&amp;#27;[0m                     &amp;#27;[90m# steps.subprojeto.SubProjetoStep.selecionarAVisibilidadeDoProjetoNovamente()&amp;#27;[0m
  &amp;#27;[36mE &amp;#27;[0m&amp;#27;[36mclicar no botÃ£o de salvar subprojeto&amp;#27;[0m                               &amp;#27;[90m# null&amp;#27;[0m
  &amp;#27;[36mEntÃ£o &amp;#27;[0m&amp;#27;[36mo sistema deve efetuar a alteracao da visiblidade com sucesso&amp;#27;[0m  &amp;#27;[90m# steps.subprojeto.SubProjetoStep.oSistemaDeveEfetuarAAlteracaoDaVisiblidadeComSucesso()&amp;#27;[0m
</system-out>
    <system-err>Starting ChromeDriver 100.0.4896.60 (6a5d10861ce8de5fce22564658033b43cb7de047-refs/branch-heads/4896@{#875}) on port 57856
Only local connections are allowed.
Please see https://chromedriver.chromium.org/security-considerations for suggestions on keeping ChromeDriver safe.
ChromeDriver was started successfully.
[1652650716.269][WARNING]: This version of ChromeDriver has not been tested with Chrome version 101.
mai 15, 2022 6:38:36 PM org.openqa.selenium.remote.ProtocolHandshake createSession
INFORMAÇÕES: Detected dialect: W3C
mai 15, 2022 6:38:36 PM org.openqa.selenium.devtools.CdpVersionFinder findNearestMatch
ADVERTÊNCIA: Unable to find an exact match for CDP version 101, so returning the closest version found: 99
mai 15, 2022 6:38:36 PM org.openqa.selenium.devtools.CdpVersionFinder findNearestMatch
INFORMAÇÕES: Found CDP implementation for version 101 of 99
</system-err>
  </testcase>
  <testcase classname="Criação de subprojetos" name="Editar visibilidade do subprojeto com sucesso #2" time="10.394">
    <error message="The step &quot;clicar no botão de salvar subprojeto&quot; is undefined. You can implement it using the snippet(s) below:

@Quando(&quot;clicar no botão de salvar subprojeto&quot;)
public void clicarNoBotãoDeSalvarSubprojeto() {
    // Write code here that turns the phrase above into concrete actions
    throw new io.cucumber.java.PendingException();
}
" type="io.cucumber.junit.UndefinedStepException">io.cucumber.junit.UndefinedStepException: The step &quot;clicar no botão de salvar subprojeto&quot; is undefined. You can implement it using the snippet(s) below:

@Quando(&quot;clicar no botão de salvar subprojeto&quot;)
public void clicarNoBotãoDeSalvarSubprojeto() {
    // Write code here that turns the phrase above into concrete actions
    throw new io.cucumber.java.PendingException();
}

</error>
    <system-out>
Esquema do CenÃ¡rio: Editar visibilidade do subprojeto com sucesso      &amp;#27;[90m# features/subprojeto.feature:186&amp;#27;[0m
  &amp;#27;[32mDado &amp;#27;[0m&amp;#27;[32mque o usuario esteja na pagina de login do Mantis&amp;#27;[0m               &amp;#27;[90m# steps.login.LoginStep.queOUsuarioEstejaNaPaginaDeLoginDoMantis()&amp;#27;[0m
  &amp;#27;[32mE &amp;#27;[0m&amp;#27;[32mque o usuario tenha feito o login com sucesso&amp;#27;[0m                      &amp;#27;[90m# steps.subprojeto.SubProjetoStep.queOUsuarioTenhaFeitoOLoginComSucesso()&amp;#27;[0m
  &amp;#27;[32mQuando &amp;#27;[0m&amp;#27;[32mclicar no projeto desejado &amp;#27;[0m&amp;#27;[32m&amp;#27;[1m&quot;Teste projeto SQL 02&quot;&amp;#27;[0m             &amp;#27;[90m# steps.subprojeto.SubProjetoStep.clicarNoProjetoDesejado(java.lang.String)&amp;#27;[0m
  &amp;#27;[32mE &amp;#27;[0m&amp;#27;[32mclicar no botao de cadastrar subProjeto&amp;#27;[0m                            &amp;#27;[90m# steps.subprojeto.SubProjetoStep.clicarNoBotaoDeCadastrarSubProjeto()&amp;#27;[0m
  &amp;#27;[32mE &amp;#27;[0m&amp;#27;[32mpreencher o nome do subprojeto &amp;#27;[0m&amp;#27;[32m&amp;#27;[1m&quot;Subprojeto 02&quot;&amp;#27;[0m                     &amp;#27;[90m# steps.subprojeto.SubProjetoStep.preencherONomeDoSubprojeto(java.lang.String)&amp;#27;[0m
  &amp;#27;[32mE &amp;#27;[0m&amp;#27;[32mdefinir o estado do subprojeto &amp;#27;[0m&amp;#27;[32m&amp;#27;[1mrelease&amp;#27;[0m                             &amp;#27;[90m# steps.subprojeto.SubProjetoStep.definirOEstadoDoSubprojetoEstado(java.lang.String)&amp;#27;[0m
  &amp;#27;[32mE &amp;#27;[0m&amp;#27;[32mmarcar a opcao herdar categorias globais&amp;#27;[0m                           &amp;#27;[90m# steps.subprojeto.SubProjetoStep.marcarAOpcaoHerdarCategoriasGlobais()&amp;#27;[0m
  &amp;#27;[32mE &amp;#27;[0m&amp;#27;[32mmarcar a opcao herdar categorias da tarefa pai&amp;#27;[0m                     &amp;#27;[90m# steps.subprojeto.SubProjetoStep.marcarAOpcaoHerdarCategoriasDaTarefaPai()&amp;#27;[0m
  &amp;#27;[32mE &amp;#27;[0m&amp;#27;[32mselecionar a visibilidade do projeto&amp;#27;[0m                               &amp;#27;[90m# steps.subprojeto.SubProjetoStep.selecionarAVisibilidadeDoProjeto()&amp;#27;[0m
  &amp;#27;[32mE &amp;#27;[0m&amp;#27;[32mpreencher a descricao do subprojeto &amp;#27;[0m&amp;#27;[32m&amp;#27;[1m&quot;SubProjeto criado como teste&quot;&amp;#27;[0m &amp;#27;[90m# steps.subprojeto.SubProjetoStep.preencherADescricaoDoSubprojeto(java.lang.String)&amp;#27;[0m
  &amp;#27;[33mE &amp;#27;[0m&amp;#27;[33mclicar no botÃ£o de salvar subprojeto&amp;#27;[0m                               &amp;#27;[90m# null&amp;#27;[0m
  &amp;#27;[36mE &amp;#27;[0m&amp;#27;[36mclicar no subprojeto desejado &amp;#27;[0m&amp;#27;[36m&amp;#27;[1m&quot;Subprojeto 02&quot;&amp;#27;[0m&amp;#27;[36m novamente&amp;#27;[0m            &amp;#27;[90m# steps.subprojeto.SubProjetoStep.clicarNoSubprojetoDesejadoNovamente(java.lang.String)&amp;#27;[0m
  &amp;#27;[36mE &amp;#27;[0m&amp;#27;[36mselecionar a visibilidade do projeto novamente&amp;#27;[0m                     &amp;#27;[90m# steps.subprojeto.SubProjetoStep.selecionarAVisibilidadeDoProjetoNovamente()&amp;#27;[0m
  &amp;#27;[36mE &amp;#27;[0m&amp;#27;[36mclicar no botÃ£o de salvar subprojeto&amp;#27;[0m                               &amp;#27;[90m# null&amp;#27;[0m
  &amp;#27;[36mEntÃ£o &amp;#27;[0m&amp;#27;[36mo sistema deve efetuar a alteracao da visiblidade com sucesso&amp;#27;[0m  &amp;#27;[90m# steps.subprojeto.SubProjetoStep.oSistemaDeveEfetuarAAlteracaoDaVisiblidadeComSucesso()&amp;#27;[0m
</system-out>
    <system-err>Starting ChromeDriver 100.0.4896.60 (6a5d10861ce8de5fce22564658033b43cb7de047-refs/branch-heads/4896@{#875}) on port 54059
Only local connections are allowed.
Please see https://chromedriver.chromium.org/security-considerations for suggestions on keeping ChromeDriver safe.
ChromeDriver was started successfully.
[1652650726.908][WARNING]: This version of ChromeDriver has not been tested with Chrome version 101.
mai 15, 2022 6:38:47 PM org.openqa.selenium.remote.ProtocolHandshake createSession
INFORMAÇÕES: Detected dialect: W3C
mai 15, 2022 6:38:47 PM org.openqa.selenium.devtools.CdpVersionFinder findNearestMatch
ADVERTÊNCIA: Unable to find an exact match for CDP version 101, so returning the closest version found: 99
mai 15, 2022 6:38:47 PM org.openqa.selenium.devtools.CdpVersionFinder findNearestMatch
INFORMAÇÕES: Found CDP implementation for version 101 of 99
</system-err>
  </testcase>
  <testcase classname="Criação de subprojetos" name="Editar visibilidade do subprojeto com sucesso #3" time="10.613">
    <error message="The step &quot;clicar no botão de salvar subprojeto&quot; is undefined. You can implement it using the snippet(s) below:

@Quando(&quot;clicar no botão de salvar subprojeto&quot;)
public void clicarNoBotãoDeSalvarSubprojeto() {
    // Write code here that turns the phrase above into concrete actions
    throw new io.cucumber.java.PendingException();
}
" type="io.cucumber.junit.UndefinedStepException">io.cucumber.junit.UndefinedStepException: The step &quot;clicar no botão de salvar subprojeto&quot; is undefined. You can implement it using the snippet(s) below:

@Quando(&quot;clicar no botão de salvar subprojeto&quot;)
public void clicarNoBotãoDeSalvarSubprojeto() {
    // Write code here that turns the phrase above into concrete actions
    throw new io.cucumber.java.PendingException();
}

</error>
    <system-out>
Esquema do CenÃ¡rio: Editar visibilidade do subprojeto com sucesso      &amp;#27;[90m# features/subprojeto.feature:187&amp;#27;[0m
  &amp;#27;[32mDado &amp;#27;[0m&amp;#27;[32mque o usuario esteja na pagina de login do Mantis&amp;#27;[0m               &amp;#27;[90m# steps.login.LoginStep.queOUsuarioEstejaNaPaginaDeLoginDoMantis()&amp;#27;[0m
  &amp;#27;[32mE &amp;#27;[0m&amp;#27;[32mque o usuario tenha feito o login com sucesso&amp;#27;[0m                      &amp;#27;[90m# steps.subprojeto.SubProjetoStep.queOUsuarioTenhaFeitoOLoginComSucesso()&amp;#27;[0m
  &amp;#27;[32mQuando &amp;#27;[0m&amp;#27;[32mclicar no projeto desejado &amp;#27;[0m&amp;#27;[32m&amp;#27;[1m&quot;Teste projeto SQL 02&quot;&amp;#27;[0m             &amp;#27;[90m# steps.subprojeto.SubProjetoStep.clicarNoProjetoDesejado(java.lang.String)&amp;#27;[0m
  &amp;#27;[32mE &amp;#27;[0m&amp;#27;[32mclicar no botao de cadastrar subProjeto&amp;#27;[0m                            &amp;#27;[90m# steps.subprojeto.SubProjetoStep.clicarNoBotaoDeCadastrarSubProjeto()&amp;#27;[0m
  &amp;#27;[32mE &amp;#27;[0m&amp;#27;[32mpreencher o nome do subprojeto &amp;#27;[0m&amp;#27;[32m&amp;#27;[1m&quot;Subprojeto 02&quot;&amp;#27;[0m                     &amp;#27;[90m# steps.subprojeto.SubProjetoStep.preencherONomeDoSubprojeto(java.lang.String)&amp;#27;[0m
  &amp;#27;[32mE &amp;#27;[0m&amp;#27;[32mdefinir o estado do subprojeto &amp;#27;[0m&amp;#27;[32m&amp;#27;[1mobsoleto&amp;#27;[0m                            &amp;#27;[90m# steps.subprojeto.SubProjetoStep.definirOEstadoDoSubprojetoEstado(java.lang.String)&amp;#27;[0m
  &amp;#27;[32mE &amp;#27;[0m&amp;#27;[32mmarcar a opcao herdar categorias globais&amp;#27;[0m                           &amp;#27;[90m# steps.subprojeto.SubProjetoStep.marcarAOpcaoHerdarCategoriasGlobais()&amp;#27;[0m
  &amp;#27;[32mE &amp;#27;[0m&amp;#27;[32mmarcar a opcao herdar categorias da tarefa pai&amp;#27;[0m                     &amp;#27;[90m# steps.subprojeto.SubProjetoStep.marcarAOpcaoHerdarCategoriasDaTarefaPai()&amp;#27;[0m
  &amp;#27;[32mE &amp;#27;[0m&amp;#27;[32mselecionar a visibilidade do projeto&amp;#27;[0m                               &amp;#27;[90m# steps.subprojeto.SubProjetoStep.selecionarAVisibilidadeDoProjeto()&amp;#27;[0m
  &amp;#27;[32mE &amp;#27;[0m&amp;#27;[32mpreencher a descricao do subprojeto &amp;#27;[0m&amp;#27;[32m&amp;#27;[1m&quot;SubProjeto criado como teste&quot;&amp;#27;[0m &amp;#27;[90m# steps.subprojeto.SubProjetoStep.preencherADescricaoDoSubprojeto(java.lang.String)&amp;#27;[0m
  &amp;#27;[33mE &amp;#27;[0m&amp;#27;[33mclicar no botÃ£o de salvar subprojeto&amp;#27;[0m                               &amp;#27;[90m# null&amp;#27;[0m
  &amp;#27;[36mE &amp;#27;[0m&amp;#27;[36mclicar no subprojeto desejado &amp;#27;[0m&amp;#27;[36m&amp;#27;[1m&quot;Subprojeto 02&quot;&amp;#27;[0m&amp;#27;[36m novamente&amp;#27;[0m            &amp;#27;[90m# steps.subprojeto.SubProjetoStep.clicarNoSubprojetoDesejadoNovamente(java.lang.String)&amp;#27;[0m
  &amp;#27;[36mE &amp;#27;[0m&amp;#27;[36mselecionar a visibilidade do projeto novamente&amp;#27;[0m                     &amp;#27;[90m# steps.subprojeto.SubProjetoStep.selecionarAVisibilidadeDoProjetoNovamente()&amp;#27;[0m
  &amp;#27;[36mE &amp;#27;[0m&amp;#27;[36mclicar no botÃ£o de salvar subprojeto&amp;#27;[0m                               &amp;#27;[90m# null&amp;#27;[0m
  &amp;#27;[36mEntÃ£o &amp;#27;[0m&amp;#27;[36mo sistema deve efetuar a alteracao da visiblidade com sucesso&amp;#27;[0m  &amp;#27;[90m# steps.subprojeto.SubProjetoStep.oSistemaDeveEfetuarAAlteracaoDaVisiblidadeComSucesso()&amp;#27;[0m
</system-out>
    <system-err>Starting ChromeDriver 100.0.4896.60 (6a5d10861ce8de5fce22564658033b43cb7de047-refs/branch-heads/4896@{#875}) on port 63927
Only local connections are allowed.
Please see https://chromedriver.chromium.org/security-considerations for suggestions on keeping ChromeDriver safe.
ChromeDriver was started successfully.
[1652650737.380][WARNING]: This version of ChromeDriver has not been tested with Chrome version 101.
mai 15, 2022 6:38:57 PM org.openqa.selenium.remote.ProtocolHandshake createSession
INFORMAÇÕES: Detected dialect: W3C
mai 15, 2022 6:38:57 PM org.openqa.selenium.devtools.CdpVersionFinder findNearestMatch
ADVERTÊNCIA: Unable to find an exact match for CDP version 101, so returning the closest version found: 99
mai 15, 2022 6:38:57 PM org.openqa.selenium.devtools.CdpVersionFinder findNearestMatch
INFORMAÇÕES: Found CDP implementation for version 101 of 99
</system-err>
  </testcase>
  <testcase classname="Criação de subprojetos" name="Editar descrição do subprojeto com sucesso #1" time="11.49">
    <error message="The step &quot;clicar no botão de salvar subprojeto&quot; is undefined. You can implement it using the snippet(s) below:

@Quando(&quot;clicar no botão de salvar subprojeto&quot;)
public void clicarNoBotãoDeSalvarSubprojeto() {
    // Write code here that turns the phrase above into concrete actions
    throw new io.cucumber.java.PendingException();
}
" type="io.cucumber.junit.UndefinedStepException">io.cucumber.junit.UndefinedStepException: The step &quot;clicar no botão de salvar subprojeto&quot; is undefined. You can implement it using the snippet(s) below:

@Quando(&quot;clicar no botão de salvar subprojeto&quot;)
public void clicarNoBotãoDeSalvarSubprojeto() {
    // Write code here that turns the phrase above into concrete actions
    throw new io.cucumber.java.PendingException();
}

</error>
    <system-out>
Esquema do CenÃ¡rio: Editar descriÃ§Ã£o do subprojeto com sucesso                           &amp;#27;[90m# features/subprojeto.feature:206&amp;#27;[0m
  &amp;#27;[32mDado &amp;#27;[0m&amp;#27;[32mque o usuario esteja na pagina de login do Mantis&amp;#27;[0m                                 &amp;#27;[90m# steps.login.LoginStep.queOUsuarioEstejaNaPaginaDeLoginDoMantis()&amp;#27;[0m
  &amp;#27;[32mE &amp;#27;[0m&amp;#27;[32mque o usuario tenha feito o login com sucesso&amp;#27;[0m                                        &amp;#27;[90m# steps.subprojeto.SubProjetoStep.queOUsuarioTenhaFeitoOLoginComSucesso()&amp;#27;[0m
  &amp;#27;[32mQuando &amp;#27;[0m&amp;#27;[32mclicar no projeto desejado &amp;#27;[0m&amp;#27;[32m&amp;#27;[1m&quot;Teste projeto SQL 02&quot;&amp;#27;[0m                               &amp;#27;[90m# steps.subprojeto.SubProjetoStep.clicarNoProjetoDesejado(java.lang.String)&amp;#27;[0m
  &amp;#27;[32mE &amp;#27;[0m&amp;#27;[32mclicar no botao de cadastrar subProjeto&amp;#27;[0m                                              &amp;#27;[90m# steps.subprojeto.SubProjetoStep.clicarNoBotaoDeCadastrarSubProjeto()&amp;#27;[0m
  &amp;#27;[32mE &amp;#27;[0m&amp;#27;[32mpreencher o nome do subprojeto &amp;#27;[0m&amp;#27;[32m&amp;#27;[1m&quot;Subprojeto 02&quot;&amp;#27;[0m                                       &amp;#27;[90m# steps.subprojeto.SubProjetoStep.preencherONomeDoSubprojeto(java.lang.String)&amp;#27;[0m
  &amp;#27;[32mE &amp;#27;[0m&amp;#27;[32mdefinir o estado do subprojeto &amp;#27;[0m&amp;#27;[32m&amp;#27;[1mdesenvolvimento&amp;#27;[0m                                       &amp;#27;[90m# steps.subprojeto.SubProjetoStep.definirOEstadoDoSubprojetoEstado(java.lang.String)&amp;#27;[0m
  &amp;#27;[32mE &amp;#27;[0m&amp;#27;[32mmarcar a opcao herdar categorias globais&amp;#27;[0m                                             &amp;#27;[90m# steps.subprojeto.SubProjetoStep.marcarAOpcaoHerdarCategoriasGlobais()&amp;#27;[0m
  &amp;#27;[32mE &amp;#27;[0m&amp;#27;[32mmarcar a opcao herdar categorias da tarefa pai&amp;#27;[0m                                       &amp;#27;[90m# steps.subprojeto.SubProjetoStep.marcarAOpcaoHerdarCategoriasDaTarefaPai()&amp;#27;[0m
  &amp;#27;[32mE &amp;#27;[0m&amp;#27;[32mselecionar a visibilidade do projeto&amp;#27;[0m                                                 &amp;#27;[90m# steps.subprojeto.SubProjetoStep.selecionarAVisibilidadeDoProjeto()&amp;#27;[0m
  &amp;#27;[32mE &amp;#27;[0m&amp;#27;[32mpreencher a descricao do subprojeto &amp;#27;[0m&amp;#27;[32m&amp;#27;[1m&quot;SubProjeto criado como teste&quot;&amp;#27;[0m                   &amp;#27;[90m# steps.subprojeto.SubProjetoStep.preencherADescricaoDoSubprojeto(java.lang.String)&amp;#27;[0m
  &amp;#27;[33mE &amp;#27;[0m&amp;#27;[33mclicar no botÃ£o de salvar subprojeto&amp;#27;[0m                                                 &amp;#27;[90m# null&amp;#27;[0m
  &amp;#27;[36mE &amp;#27;[0m&amp;#27;[36mclicar no subprojeto desejado &amp;#27;[0m&amp;#27;[36m&amp;#27;[1m&quot;Subprojeto 02&quot;&amp;#27;[0m&amp;#27;[36m novamente&amp;#27;[0m                              &amp;#27;[90m# steps.subprojeto.SubProjetoStep.clicarNoSubprojetoDesejadoNovamente(java.lang.String)&amp;#27;[0m
  &amp;#27;[36mE &amp;#27;[0m&amp;#27;[36mpreencher a descricao do subprojeto &amp;#27;[0m&amp;#27;[36m&amp;#27;[1m&quot;SubProjeto criado como teste editado&quot;&amp;#27;[0m&amp;#27;[36m novamente&amp;#27;[0m &amp;#27;[90m# steps.subprojeto.SubProjetoStep.preencherADescricaoDoSubprojetoNovamente(java.lang.String)&amp;#27;[0m
  &amp;#27;[36mE &amp;#27;[0m&amp;#27;[36mclicar no botÃ£o de salvar subprojeto&amp;#27;[0m                                                 &amp;#27;[90m# null&amp;#27;[0m
  &amp;#27;[36mEntÃ£o &amp;#27;[0m&amp;#27;[36mo sistema deve efetuar a alteracao da descricao com sucesso&amp;#27;[0m                      &amp;#27;[90m# steps.subprojeto.SubProjetoStep.oSistemaDeveEfetuarAAlteracaoDaDescricaoComSucesso()&amp;#27;[0m
</system-out>
    <system-err>Starting ChromeDriver 100.0.4896.60 (6a5d10861ce8de5fce22564658033b43cb7de047-refs/branch-heads/4896@{#875}) on port 62675
Only local connections are allowed.
Please see https://chromedriver.chromium.org/security-considerations for suggestions on keeping ChromeDriver safe.
ChromeDriver was started successfully.
[1652650748.576][WARNING]: This version of ChromeDriver has not been tested with Chrome version 101.
mai 15, 2022 6:39:08 PM org.openqa.selenium.remote.ProtocolHandshake createSession
INFORMAÇÕES: Detected dialect: W3C
mai 15, 2022 6:39:08 PM org.openqa.selenium.devtools.CdpVersionFinder findNearestMatch
ADVERTÊNCIA: Unable to find an exact match for CDP version 101, so returning the closest version found: 99
mai 15, 2022 6:39:08 PM org.openqa.selenium.devtools.CdpVersionFinder findNearestMatch
INFORMAÇÕES: Found CDP implementation for version 101 of 99
</system-err>
  </testcase>
  <testcase classname="Criação de subprojetos" name="Editar descrição do subprojeto com sucesso #2" time="10.433">
    <error message="The step &quot;clicar no botão de salvar subprojeto&quot; is undefined. You can implement it using the snippet(s) below:

@Quando(&quot;clicar no botão de salvar subprojeto&quot;)
public void clicarNoBotãoDeSalvarSubprojeto() {
    // Write code here that turns the phrase above into concrete actions
    throw new io.cucumber.java.PendingException();
}
" type="io.cucumber.junit.UndefinedStepException">io.cucumber.junit.UndefinedStepException: The step &quot;clicar no botão de salvar subprojeto&quot; is undefined. You can implement it using the snippet(s) below:

@Quando(&quot;clicar no botão de salvar subprojeto&quot;)
public void clicarNoBotãoDeSalvarSubprojeto() {
    // Write code here that turns the phrase above into concrete actions
    throw new io.cucumber.java.PendingException();
}

</error>
    <system-out>
Esquema do CenÃ¡rio: Editar descriÃ§Ã£o do subprojeto com sucesso                           &amp;#27;[90m# features/subprojeto.feature:207&amp;#27;[0m
  &amp;#27;[32mDado &amp;#27;[0m&amp;#27;[32mque o usuario esteja na pagina de login do Mantis&amp;#27;[0m                                 &amp;#27;[90m# steps.login.LoginStep.queOUsuarioEstejaNaPaginaDeLoginDoMantis()&amp;#27;[0m
  &amp;#27;[32mE &amp;#27;[0m&amp;#27;[32mque o usuario tenha feito o login com sucesso&amp;#27;[0m                                        &amp;#27;[90m# steps.subprojeto.SubProjetoStep.queOUsuarioTenhaFeitoOLoginComSucesso()&amp;#27;[0m
  &amp;#27;[32mQuando &amp;#27;[0m&amp;#27;[32mclicar no projeto desejado &amp;#27;[0m&amp;#27;[32m&amp;#27;[1m&quot;Teste projeto SQL 02&quot;&amp;#27;[0m                               &amp;#27;[90m# steps.subprojeto.SubProjetoStep.clicarNoProjetoDesejado(java.lang.String)&amp;#27;[0m
  &amp;#27;[32mE &amp;#27;[0m&amp;#27;[32mclicar no botao de cadastrar subProjeto&amp;#27;[0m                                              &amp;#27;[90m# steps.subprojeto.SubProjetoStep.clicarNoBotaoDeCadastrarSubProjeto()&amp;#27;[0m
  &amp;#27;[32mE &amp;#27;[0m&amp;#27;[32mpreencher o nome do subprojeto &amp;#27;[0m&amp;#27;[32m&amp;#27;[1m&quot;Subprojeto 02&quot;&amp;#27;[0m                                       &amp;#27;[90m# steps.subprojeto.SubProjetoStep.preencherONomeDoSubprojeto(java.lang.String)&amp;#27;[0m
  &amp;#27;[32mE &amp;#27;[0m&amp;#27;[32mdefinir o estado do subprojeto &amp;#27;[0m&amp;#27;[32m&amp;#27;[1mrelease&amp;#27;[0m                                               &amp;#27;[90m# steps.subprojeto.SubProjetoStep.definirOEstadoDoSubprojetoEstado(java.lang.String)&amp;#27;[0m
  &amp;#27;[32mE &amp;#27;[0m&amp;#27;[32mmarcar a opcao herdar categorias globais&amp;#27;[0m                                             &amp;#27;[90m# steps.subprojeto.SubProjetoStep.marcarAOpcaoHerdarCategoriasGlobais()&amp;#27;[0m
  &amp;#27;[32mE &amp;#27;[0m&amp;#27;[32mmarcar a opcao herdar categorias da tarefa pai&amp;#27;[0m                                       &amp;#27;[90m# steps.subprojeto.SubProjetoStep.marcarAOpcaoHerdarCategoriasDaTarefaPai()&amp;#27;[0m
  &amp;#27;[32mE &amp;#27;[0m&amp;#27;[32mselecionar a visibilidade do projeto&amp;#27;[0m                                                 &amp;#27;[90m# steps.subprojeto.SubProjetoStep.selecionarAVisibilidadeDoProjeto()&amp;#27;[0m
  &amp;#27;[32mE &amp;#27;[0m&amp;#27;[32mpreencher a descricao do subprojeto &amp;#27;[0m&amp;#27;[32m&amp;#27;[1m&quot;SubProjeto criado como teste&quot;&amp;#27;[0m                   &amp;#27;[90m# steps.subprojeto.SubProjetoStep.preencherADescricaoDoSubprojeto(java.lang.String)&amp;#27;[0m
  &amp;#27;[33mE &amp;#27;[0m&amp;#27;[33mclicar no botÃ£o de salvar subprojeto&amp;#27;[0m                                                 &amp;#27;[90m# null&amp;#27;[0m
  &amp;#27;[36mE &amp;#27;[0m&amp;#27;[36mclicar no subprojeto desejado &amp;#27;[0m&amp;#27;[36m&amp;#27;[1m&quot;Subprojeto 02&quot;&amp;#27;[0m&amp;#27;[36m novamente&amp;#27;[0m                              &amp;#27;[90m# steps.subprojeto.SubProjetoStep.clicarNoSubprojetoDesejadoNovamente(java.lang.String)&amp;#27;[0m
  &amp;#27;[36mE &amp;#27;[0m&amp;#27;[36mpreencher a descricao do subprojeto &amp;#27;[0m&amp;#27;[36m&amp;#27;[1m&quot;SubProjeto criado como teste editado&quot;&amp;#27;[0m&amp;#27;[36m novamente&amp;#27;[0m &amp;#27;[90m# steps.subprojeto.SubProjetoStep.preencherADescricaoDoSubprojetoNovamente(java.lang.String)&amp;#27;[0m
  &amp;#27;[36mE &amp;#27;[0m&amp;#27;[36mclicar no botÃ£o de salvar subprojeto&amp;#27;[0m                                                 &amp;#27;[90m# null&amp;#27;[0m
  &amp;#27;[36mEntÃ£o &amp;#27;[0m&amp;#27;[36mo sistema deve efetuar a alteracao da descricao com sucesso&amp;#27;[0m                      &amp;#27;[90m# steps.subprojeto.SubProjetoStep.oSistemaDeveEfetuarAAlteracaoDaDescricaoComSucesso()&amp;#27;[0m
</system-out>
    <system-err>Starting ChromeDriver 100.0.4896.60 (6a5d10861ce8de5fce22564658033b43cb7de047-refs/branch-heads/4896@{#875}) on port 56471
Only local connections are allowed.
Please see https://chromedriver.chromium.org/security-considerations for suggestions on keeping ChromeDriver safe.
ChromeDriver was started successfully.
[1652650759.375][WARNING]: This version of ChromeDriver has not been tested with Chrome version 101.
mai 15, 2022 6:39:19 PM org.openqa.selenium.remote.ProtocolHandshake createSession
INFORMAÇÕES: Detected dialect: W3C
mai 15, 2022 6:39:19 PM org.openqa.selenium.devtools.CdpVersionFinder findNearestMatch
ADVERTÊNCIA: Unable to find an exact match for CDP version 101, so returning the closest version found: 99
mai 15, 2022 6:39:19 PM org.openqa.selenium.devtools.CdpVersionFinder findNearestMatch
INFORMAÇÕES: Found CDP implementation for version 101 of 99
</system-err>
  </testcase>
  <testcase classname="Criação de subprojetos" name="Editar descrição do subprojeto com sucesso #3" time="10.707">
    <error message="The step &quot;clicar no botão de salvar subprojeto&quot; is undefined. You can implement it using the snippet(s) below:

@Quando(&quot;clicar no botão de salvar subprojeto&quot;)
public void clicarNoBotãoDeSalvarSubprojeto() {
    // Write code here that turns the phrase above into concrete actions
    throw new io.cucumber.java.PendingException();
}
" type="io.cucumber.junit.UndefinedStepException">io.cucumber.junit.UndefinedStepException: The step &quot;clicar no botão de salvar subprojeto&quot; is undefined. You can implement it using the snippet(s) below:

@Quando(&quot;clicar no botão de salvar subprojeto&quot;)
public void clicarNoBotãoDeSalvarSubprojeto() {
    // Write code here that turns the phrase above into concrete actions
    throw new io.cucumber.java.PendingException();
}

</error>
    <system-out>
Esquema do CenÃ¡rio: Editar descriÃ§Ã£o do subprojeto com sucesso                           &amp;#27;[90m# features/subprojeto.feature:208&amp;#27;[0m
  &amp;#27;[32mDado &amp;#27;[0m&amp;#27;[32mque o usuario esteja na pagina de login do Mantis&amp;#27;[0m                                 &amp;#27;[90m# steps.login.LoginStep.queOUsuarioEstejaNaPaginaDeLoginDoMantis()&amp;#27;[0m
  &amp;#27;[32mE &amp;#27;[0m&amp;#27;[32mque o usuario tenha feito o login com sucesso&amp;#27;[0m                                        &amp;#27;[90m# steps.subprojeto.SubProjetoStep.queOUsuarioTenhaFeitoOLoginComSucesso()&amp;#27;[0m
  &amp;#27;[32mQuando &amp;#27;[0m&amp;#27;[32mclicar no projeto desejado &amp;#27;[0m&amp;#27;[32m&amp;#27;[1m&quot;Teste projeto SQL 02&quot;&amp;#27;[0m                               &amp;#27;[90m# steps.subprojeto.SubProjetoStep.clicarNoProjetoDesejado(java.lang.String)&amp;#27;[0m
  &amp;#27;[32mE &amp;#27;[0m&amp;#27;[32mclicar no botao de cadastrar subProjeto&amp;#27;[0m                                              &amp;#27;[90m# steps.subprojeto.SubProjetoStep.clicarNoBotaoDeCadastrarSubProjeto()&amp;#27;[0m
  &amp;#27;[32mE &amp;#27;[0m&amp;#27;[32mpreencher o nome do subprojeto &amp;#27;[0m&amp;#27;[32m&amp;#27;[1m&quot;Subprojeto 02&quot;&amp;#27;[0m                                       &amp;#27;[90m# steps.subprojeto.SubProjetoStep.preencherONomeDoSubprojeto(java.lang.String)&amp;#27;[0m
  &amp;#27;[32mE &amp;#27;[0m&amp;#27;[32mdefinir o estado do subprojeto &amp;#27;[0m&amp;#27;[32m&amp;#27;[1mobsoleto&amp;#27;[0m                                              &amp;#27;[90m# steps.subprojeto.SubProjetoStep.definirOEstadoDoSubprojetoEstado(java.lang.String)&amp;#27;[0m
  &amp;#27;[32mE &amp;#27;[0m&amp;#27;[32mmarcar a opcao herdar categorias globais&amp;#27;[0m                                             &amp;#27;[90m# steps.subprojeto.SubProjetoStep.marcarAOpcaoHerdarCategoriasGlobais()&amp;#27;[0m
  &amp;#27;[32mE &amp;#27;[0m&amp;#27;[32mmarcar a opcao herdar categorias da tarefa pai&amp;#27;[0m                                       &amp;#27;[90m# steps.subprojeto.SubProjetoStep.marcarAOpcaoHerdarCategoriasDaTarefaPai()&amp;#27;[0m
  &amp;#27;[32mE &amp;#27;[0m&amp;#27;[32mselecionar a visibilidade do projeto&amp;#27;[0m                                                 &amp;#27;[90m# steps.subprojeto.SubProjetoStep.selecionarAVisibilidadeDoProjeto()&amp;#27;[0m
  &amp;#27;[32mE &amp;#27;[0m&amp;#27;[32mpreencher a descricao do subprojeto &amp;#27;[0m&amp;#27;[32m&amp;#27;[1m&quot;SubProjeto criado como teste&quot;&amp;#27;[0m                   &amp;#27;[90m# steps.subprojeto.SubProjetoStep.preencherADescricaoDoSubprojeto(java.lang.String)&amp;#27;[0m
  &amp;#27;[33mE &amp;#27;[0m&amp;#27;[33mclicar no botÃ£o de salvar subprojeto&amp;#27;[0m                                                 &amp;#27;[90m# null&amp;#27;[0m
  &amp;#27;[36mE &amp;#27;[0m&amp;#27;[36mclicar no subprojeto desejado &amp;#27;[0m&amp;#27;[36m&amp;#27;[1m&quot;Subprojeto 02&quot;&amp;#27;[0m&amp;#27;[36m novamente&amp;#27;[0m                              &amp;#27;[90m# steps.subprojeto.SubProjetoStep.clicarNoSubprojetoDesejadoNovamente(java.lang.String)&amp;#27;[0m
  &amp;#27;[36mE &amp;#27;[0m&amp;#27;[36mpreencher a descricao do subprojeto &amp;#27;[0m&amp;#27;[36m&amp;#27;[1m&quot;SubProjeto criado como teste editado&quot;&amp;#27;[0m&amp;#27;[36m novamente&amp;#27;[0m &amp;#27;[90m# steps.subprojeto.SubProjetoStep.preencherADescricaoDoSubprojetoNovamente(java.lang.String)&amp;#27;[0m
  &amp;#27;[36mE &amp;#27;[0m&amp;#27;[36mclicar no botÃ£o de salvar subprojeto&amp;#27;[0m                                                 &amp;#27;[90m# null&amp;#27;[0m
  &amp;#27;[36mEntÃ£o &amp;#27;[0m&amp;#27;[36mo sistema deve efetuar a alteracao da descricao com sucesso&amp;#27;[0m                      &amp;#27;[90m# steps.subprojeto.SubProjetoStep.oSistemaDeveEfetuarAAlteracaoDaDescricaoComSucesso()&amp;#27;[0m
</system-out>
    <system-err>Starting ChromeDriver 100.0.4896.60 (6a5d10861ce8de5fce22564658033b43cb7de047-refs/branch-heads/4896@{#875}) on port 59999
Only local connections are allowed.
Please see https://chromedriver.chromium.org/security-considerations for suggestions on keeping ChromeDriver safe.
ChromeDriver was started successfully.
[1652650770.058][WARNING]: This version of ChromeDriver has not been tested with Chrome version 101.
mai 15, 2022 6:39:30 PM org.openqa.selenium.remote.ProtocolHandshake createSession
INFORMAÇÕES: Detected dialect: W3C
mai 15, 2022 6:39:30 PM org.openqa.selenium.devtools.CdpVersionFinder findNearestMatch
ADVERTÊNCIA: Unable to find an exact match for CDP version 101, so returning the closest version found: 99
mai 15, 2022 6:39:30 PM org.openqa.selenium.devtools.CdpVersionFinder findNearestMatch
INFORMAÇÕES: Found CDP implementation for version 101 of 99
</system-err>
  </testcase>
  <testcase classname="Criação de subprojetos" name="Editar um subprojeto com o nome vazio" time="10.457">
    <error message="The step &quot;clicar no botão de salvar subprojeto&quot; is undefined. You can implement it using the snippet(s) below:

@Quando(&quot;clicar no botão de salvar subprojeto&quot;)
public void clicarNoBotãoDeSalvarSubprojeto() {
    // Write code here that turns the phrase above into concrete actions
    throw new io.cucumber.java.PendingException();
}
" type="io.cucumber.junit.UndefinedStepException">io.cucumber.junit.UndefinedStepException: The step &quot;clicar no botão de salvar subprojeto&quot; is undefined. You can implement it using the snippet(s) below:

@Quando(&quot;clicar no botão de salvar subprojeto&quot;)
public void clicarNoBotãoDeSalvarSubprojeto() {
    // Write code here that turns the phrase above into concrete actions
    throw new io.cucumber.java.PendingException();
}

</error>
    <system-out>
CenÃ¡rio: Editar um subprojeto com o nome vazio                  &amp;#27;[90m# features/subprojeto.feature:210&amp;#27;[0m
  &amp;#27;[32mDado &amp;#27;[0m&amp;#27;[32mque o usuario esteja na pagina de login do Mantis&amp;#27;[0m        &amp;#27;[90m# steps.login.LoginStep.queOUsuarioEstejaNaPaginaDeLoginDoMantis()&amp;#27;[0m
  &amp;#27;[32mE &amp;#27;[0m&amp;#27;[32mque o usuario tenha feito o login com sucesso&amp;#27;[0m               &amp;#27;[90m# steps.subprojeto.SubProjetoStep.queOUsuarioTenhaFeitoOLoginComSucesso()&amp;#27;[0m
  &amp;#27;[32mQuando &amp;#27;[0m&amp;#27;[32mclicar no projeto desejado &amp;#27;[0m&amp;#27;[32m&amp;#27;[1m&quot;Teste projeto SQL 02&quot;&amp;#27;[0m      &amp;#27;[90m# steps.subprojeto.SubProjetoStep.clicarNoProjetoDesejado(java.lang.String)&amp;#27;[0m
  &amp;#27;[32mE &amp;#27;[0m&amp;#27;[32mclicar no botao de cadastrar subProjeto&amp;#27;[0m                     &amp;#27;[90m# steps.subprojeto.SubProjetoStep.clicarNoBotaoDeCadastrarSubProjeto()&amp;#27;[0m
  &amp;#27;[32mE &amp;#27;[0m&amp;#27;[32mpreencher o nome do subprojeto &amp;#27;[0m&amp;#27;[32m&amp;#27;[1m&quot;Subprojeto 02&quot;&amp;#27;[0m              &amp;#27;[90m# steps.subprojeto.SubProjetoStep.preencherONomeDoSubprojeto(java.lang.String)&amp;#27;[0m
  &amp;#27;[33mE &amp;#27;[0m&amp;#27;[33mclicar no botÃ£o de salvar subprojeto&amp;#27;[0m                        &amp;#27;[90m# null&amp;#27;[0m
  &amp;#27;[36mE &amp;#27;[0m&amp;#27;[36mclicar no projeto desejado &amp;#27;[0m&amp;#27;[36m&amp;#27;[1m&quot;Teste projeto SQL 02&quot;&amp;#27;[0m&amp;#27;[36m novamente&amp;#27;[0m &amp;#27;[90m# steps.subprojeto.SubProjetoStep.clicarNoProjetoDesejadoNovamente(java.lang.String)&amp;#27;[0m
  &amp;#27;[36mE &amp;#27;[0m&amp;#27;[36mclicar no botao de cadastrar subProjeto&amp;#27;[0m                     &amp;#27;[90m# steps.subprojeto.SubProjetoStep.clicarNoBotaoDeCadastrarSubProjeto()&amp;#27;[0m
  &amp;#27;[36mE &amp;#27;[0m&amp;#27;[36mpreencher o nome do subprojeto &amp;#27;[0m&amp;#27;[36m&amp;#27;[1m&quot;&quot;&amp;#27;[0m                           &amp;#27;[90m# steps.subprojeto.SubProjetoStep.preencherONomeDoSubprojeto(java.lang.String)&amp;#27;[0m
  &amp;#27;[36mE &amp;#27;[0m&amp;#27;[36mclicar no botÃ£o de salvar subprojeto&amp;#27;[0m                        &amp;#27;[90m# null&amp;#27;[0m
  &amp;#27;[36mEntÃ£o &amp;#27;[0m&amp;#27;[36mo sistema deve permanecer na mesma tela de cadastro&amp;#27;[0m     &amp;#27;[90m# steps.subprojeto.SubProjetoStep.oSistemaDevePermanecerNaMesmaTelaDeCadastro()&amp;#27;[0m
</system-out>
    <system-err>Starting ChromeDriver 100.0.4896.60 (6a5d10861ce8de5fce22564658033b43cb7de047-refs/branch-heads/4896@{#875}) on port 56947
Only local connections are allowed.
Please see https://chromedriver.chromium.org/security-considerations for suggestions on keeping ChromeDriver safe.
ChromeDriver was started successfully.
[1652650781.344][WARNING]: This version of ChromeDriver has not been tested with Chrome version 101.
mai 15, 2022 6:39:41 PM org.openqa.selenium.remote.ProtocolHandshake createSession
INFORMAÇÕES: Detected dialect: W3C
mai 15, 2022 6:39:41 PM org.openqa.selenium.devtools.CdpVersionFinder findNearestMatch
ADVERTÊNCIA: Unable to find an exact match for CDP version 101, so returning the closest version found: 99
mai 15, 2022 6:39:41 PM org.openqa.selenium.devtools.CdpVersionFinder findNearestMatch
INFORMAÇÕES: Found CDP implementation for version 101 of 99
</system-err>
  </testcase>
  <testcase classname="Criação de subprojetos" name="Excluir subprojeto com sucesso #1" time="10.462">
    <error message="The step &quot;clicar no botão de salvar subprojeto&quot; is undefined. You can implement it using the snippet(s) below:

@Quando(&quot;clicar no botão de salvar subprojeto&quot;)
public void clicarNoBotãoDeSalvarSubprojeto() {
    // Write code here that turns the phrase above into concrete actions
    throw new io.cucumber.java.PendingException();
}
" type="io.cucumber.junit.UndefinedStepException">io.cucumber.junit.UndefinedStepException: The step &quot;clicar no botão de salvar subprojeto&quot; is undefined. You can implement it using the snippet(s) below:

@Quando(&quot;clicar no botão de salvar subprojeto&quot;)
public void clicarNoBotãoDeSalvarSubprojeto() {
    // Write code here that turns the phrase above into concrete actions
    throw new io.cucumber.java.PendingException();
}

</error>
    <system-out>
Esquema do CenÃ¡rio: Excluir subprojeto com sucesso                     &amp;#27;[90m# features/subprojeto.feature:237&amp;#27;[0m
  &amp;#27;[32mDado &amp;#27;[0m&amp;#27;[32mque o usuario esteja na pagina de login do Mantis&amp;#27;[0m               &amp;#27;[90m# steps.login.LoginStep.queOUsuarioEstejaNaPaginaDeLoginDoMantis()&amp;#27;[0m
  &amp;#27;[32mE &amp;#27;[0m&amp;#27;[32mque o usuario tenha feito o login com sucesso&amp;#27;[0m                      &amp;#27;[90m# steps.subprojeto.SubProjetoStep.queOUsuarioTenhaFeitoOLoginComSucesso()&amp;#27;[0m
  &amp;#27;[32mQuando &amp;#27;[0m&amp;#27;[32mclicar no projeto desejado &amp;#27;[0m&amp;#27;[32m&amp;#27;[1m&quot;Teste projeto SQL 02&quot;&amp;#27;[0m             &amp;#27;[90m# steps.subprojeto.SubProjetoStep.clicarNoProjetoDesejado(java.lang.String)&amp;#27;[0m
  &amp;#27;[32mE &amp;#27;[0m&amp;#27;[32mclicar no botao de cadastrar subProjeto&amp;#27;[0m                            &amp;#27;[90m# steps.subprojeto.SubProjetoStep.clicarNoBotaoDeCadastrarSubProjeto()&amp;#27;[0m
  &amp;#27;[32mE &amp;#27;[0m&amp;#27;[32mpreencher o nome do subprojeto &amp;#27;[0m&amp;#27;[32m&amp;#27;[1m&quot;Subprojeto 02&quot;&amp;#27;[0m                     &amp;#27;[90m# steps.subprojeto.SubProjetoStep.preencherONomeDoSubprojeto(java.lang.String)&amp;#27;[0m
  &amp;#27;[32mE &amp;#27;[0m&amp;#27;[32mdefinir o estado do subprojeto &amp;#27;[0m&amp;#27;[32m&amp;#27;[1mdesenvolvimento&amp;#27;[0m                     &amp;#27;[90m# steps.subprojeto.SubProjetoStep.definirOEstadoDoSubprojetoEstado(java.lang.String)&amp;#27;[0m
  &amp;#27;[32mE &amp;#27;[0m&amp;#27;[32mmarcar a opcao herdar categorias globais&amp;#27;[0m                           &amp;#27;[90m# steps.subprojeto.SubProjetoStep.marcarAOpcaoHerdarCategoriasGlobais()&amp;#27;[0m
  &amp;#27;[32mE &amp;#27;[0m&amp;#27;[32mmarcar a opcao herdar categorias da tarefa pai&amp;#27;[0m                     &amp;#27;[90m# steps.subprojeto.SubProjetoStep.marcarAOpcaoHerdarCategoriasDaTarefaPai()&amp;#27;[0m
  &amp;#27;[32mE &amp;#27;[0m&amp;#27;[32mselecionar a visibilidade do projeto&amp;#27;[0m                               &amp;#27;[90m# steps.subprojeto.SubProjetoStep.selecionarAVisibilidadeDoProjeto()&amp;#27;[0m
  &amp;#27;[32mE &amp;#27;[0m&amp;#27;[32mpreencher a descricao do subprojeto &amp;#27;[0m&amp;#27;[32m&amp;#27;[1m&quot;SubProjeto criado como teste&quot;&amp;#27;[0m &amp;#27;[90m# steps.subprojeto.SubProjetoStep.preencherADescricaoDoSubprojeto(java.lang.String)&amp;#27;[0m
  &amp;#27;[33mE &amp;#27;[0m&amp;#27;[33mclicar no botÃ£o de salvar subprojeto&amp;#27;[0m                               &amp;#27;[90m# null&amp;#27;[0m
  &amp;#27;[36mE &amp;#27;[0m&amp;#27;[36mclicar no subprojeto desejado &amp;#27;[0m&amp;#27;[36m&amp;#27;[1m&quot;Subprojeto 02&quot;&amp;#27;[0m&amp;#27;[36m novamente&amp;#27;[0m            &amp;#27;[90m# steps.subprojeto.SubProjetoStep.clicarNoSubprojetoDesejadoNovamente(java.lang.String)&amp;#27;[0m
  &amp;#27;[36mE &amp;#27;[0m&amp;#27;[36mclicar no botao apagar projeto&amp;#27;[0m                                     &amp;#27;[90m# steps.subprojeto.SubProjetoStep.clicarNoBotaoApagarProjeto()&amp;#27;[0m
  &amp;#27;[36mEntÃ£o &amp;#27;[0m&amp;#27;[36mo sistema deve excluir com sucesso&amp;#27;[0m                             &amp;#27;[90m# steps.subprojeto.SubProjetoStep.oSistemaDeveExcluirComSucesso()&amp;#27;[0m
</system-out>
    <system-err>Starting ChromeDriver 100.0.4896.60 (6a5d10861ce8de5fce22564658033b43cb7de047-refs/branch-heads/4896@{#875}) on port 56920
Only local connections are allowed.
Please see https://chromedriver.chromium.org/security-considerations for suggestions on keeping ChromeDriver safe.
ChromeDriver was started successfully.
[1652650790.981][WARNING]: This version of ChromeDriver has not been tested with Chrome version 101.
mai 15, 2022 6:39:51 PM org.openqa.selenium.remote.ProtocolHandshake createSession
INFORMAÇÕES: Detected dialect: W3C
mai 15, 2022 6:39:51 PM org.openqa.selenium.devtools.CdpVersionFinder findNearestMatch
ADVERTÊNCIA: Unable to find an exact match for CDP version 101, so returning the closest version found: 99
mai 15, 2022 6:39:51 PM org.openqa.selenium.devtools.CdpVersionFinder findNearestMatch
INFORMAÇÕES: Found CDP implementation for version 101 of 99
</system-err>
  </testcase>
  <testcase classname="Criação de subprojetos" name="Excluir subprojeto com sucesso #2" time="10.044">
    <error message="The step &quot;clicar no botão de salvar subprojeto&quot; is undefined. You can implement it using the snippet(s) below:

@Quando(&quot;clicar no botão de salvar subprojeto&quot;)
public void clicarNoBotãoDeSalvarSubprojeto() {
    // Write code here that turns the phrase above into concrete actions
    throw new io.cucumber.java.PendingException();
}
" type="io.cucumber.junit.UndefinedStepException">io.cucumber.junit.UndefinedStepException: The step &quot;clicar no botão de salvar subprojeto&quot; is undefined. You can implement it using the snippet(s) below:

@Quando(&quot;clicar no botão de salvar subprojeto&quot;)
public void clicarNoBotãoDeSalvarSubprojeto() {
    // Write code here that turns the phrase above into concrete actions
    throw new io.cucumber.java.PendingException();
}

</error>
    <system-out>
Esquema do CenÃ¡rio: Excluir subprojeto com sucesso                     &amp;#27;[90m# features/subprojeto.feature:238&amp;#27;[0m
  &amp;#27;[32mDado &amp;#27;[0m&amp;#27;[32mque o usuario esteja na pagina de login do Mantis&amp;#27;[0m               &amp;#27;[90m# steps.login.LoginStep.queOUsuarioEstejaNaPaginaDeLoginDoMantis()&amp;#27;[0m
  &amp;#27;[32mE &amp;#27;[0m&amp;#27;[32mque o usuario tenha feito o login com sucesso&amp;#27;[0m                      &amp;#27;[90m# steps.subprojeto.SubProjetoStep.queOUsuarioTenhaFeitoOLoginComSucesso()&amp;#27;[0m
  &amp;#27;[32mQuando &amp;#27;[0m&amp;#27;[32mclicar no projeto desejado &amp;#27;[0m&amp;#27;[32m&amp;#27;[1m&quot;Teste projeto SQL 02&quot;&amp;#27;[0m             &amp;#27;[90m# steps.subprojeto.SubProjetoStep.clicarNoProjetoDesejado(java.lang.String)&amp;#27;[0m
  &amp;#27;[32mE &amp;#27;[0m&amp;#27;[32mclicar no botao de cadastrar subProjeto&amp;#27;[0m                            &amp;#27;[90m# steps.subprojeto.SubProjetoStep.clicarNoBotaoDeCadastrarSubProjeto()&amp;#27;[0m
  &amp;#27;[32mE &amp;#27;[0m&amp;#27;[32mpreencher o nome do subprojeto &amp;#27;[0m&amp;#27;[32m&amp;#27;[1m&quot;Subprojeto 02&quot;&amp;#27;[0m                     &amp;#27;[90m# steps.subprojeto.SubProjetoStep.preencherONomeDoSubprojeto(java.lang.String)&amp;#27;[0m
  &amp;#27;[32mE &amp;#27;[0m&amp;#27;[32mdefinir o estado do subprojeto &amp;#27;[0m&amp;#27;[32m&amp;#27;[1mrelease&amp;#27;[0m                             &amp;#27;[90m# steps.subprojeto.SubProjetoStep.definirOEstadoDoSubprojetoEstado(java.lang.String)&amp;#27;[0m
  &amp;#27;[32mE &amp;#27;[0m&amp;#27;[32mmarcar a opcao herdar categorias globais&amp;#27;[0m                           &amp;#27;[90m# steps.subprojeto.SubProjetoStep.marcarAOpcaoHerdarCategoriasGlobais()&amp;#27;[0m
  &amp;#27;[32mE &amp;#27;[0m&amp;#27;[32mmarcar a opcao herdar categorias da tarefa pai&amp;#27;[0m                     &amp;#27;[90m# steps.subprojeto.SubProjetoStep.marcarAOpcaoHerdarCategoriasDaTarefaPai()&amp;#27;[0m
  &amp;#27;[32mE &amp;#27;[0m&amp;#27;[32mselecionar a visibilidade do projeto&amp;#27;[0m                               &amp;#27;[90m# steps.subprojeto.SubProjetoStep.selecionarAVisibilidadeDoProjeto()&amp;#27;[0m
  &amp;#27;[32mE &amp;#27;[0m&amp;#27;[32mpreencher a descricao do subprojeto &amp;#27;[0m&amp;#27;[32m&amp;#27;[1m&quot;SubProjeto criado como teste&quot;&amp;#27;[0m &amp;#27;[90m# steps.subprojeto.SubProjetoStep.preencherADescricaoDoSubprojeto(java.lang.String)&amp;#27;[0m
  &amp;#27;[33mE &amp;#27;[0m&amp;#27;[33mclicar no botÃ£o de salvar subprojeto&amp;#27;[0m                               &amp;#27;[90m# null&amp;#27;[0m
  &amp;#27;[36mE &amp;#27;[0m&amp;#27;[36mclicar no subprojeto desejado &amp;#27;[0m&amp;#27;[36m&amp;#27;[1m&quot;Subprojeto 02&quot;&amp;#27;[0m&amp;#27;[36m novamente&amp;#27;[0m            &amp;#27;[90m# steps.subprojeto.SubProjetoStep.clicarNoSubprojetoDesejadoNovamente(java.lang.String)&amp;#27;[0m
  &amp;#27;[36mE &amp;#27;[0m&amp;#27;[36mclicar no botao apagar projeto&amp;#27;[0m                                     &amp;#27;[90m# steps.subprojeto.SubProjetoStep.clicarNoBotaoApagarProjeto()&amp;#27;[0m
  &amp;#27;[36mEntÃ£o &amp;#27;[0m&amp;#27;[36mo sistema deve excluir com sucesso&amp;#27;[0m                             &amp;#27;[90m# steps.subprojeto.SubProjetoStep.oSistemaDeveExcluirComSucesso()&amp;#27;[0m
</system-out>
    <system-err>Starting ChromeDriver 100.0.4896.60 (6a5d10861ce8de5fce22564658033b43cb7de047-refs/branch-heads/4896@{#875}) on port 51662
Only local connections are allowed.
Please see https://chromedriver.chromium.org/security-considerations for suggestions on keeping ChromeDriver safe.
ChromeDriver was started successfully.
[1652650801.442][WARNING]: This version of ChromeDriver has not been tested with Chrome version 101.
mai 15, 2022 6:40:01 PM org.openqa.selenium.remote.ProtocolHandshake createSession
INFORMAÇÕES: Detected dialect: W3C
mai 15, 2022 6:40:01 PM org.openqa.selenium.devtools.CdpVersionFinder findNearestMatch
ADVERTÊNCIA: Unable to find an exact match for CDP version 101, so returning the closest version found: 99
mai 15, 2022 6:40:01 PM org.openqa.selenium.devtools.CdpVersionFinder findNearestMatch
INFORMAÇÕES: Found CDP implementation for version 101 of 99
</system-err>
  </testcase>
  <testcase classname="Criação de subprojetos" name="Excluir subprojeto com sucesso #3" time="10.16">
    <error message="The step &quot;clicar no botão de salvar subprojeto&quot; is undefined. You can implement it using the snippet(s) below:

@Quando(&quot;clicar no botão de salvar subprojeto&quot;)
public void clicarNoBotãoDeSalvarSubprojeto() {
    // Write code here that turns the phrase above into concrete actions
    throw new io.cucumber.java.PendingException();
}
" type="io.cucumber.junit.UndefinedStepException">io.cucumber.junit.UndefinedStepException: The step &quot;clicar no botão de salvar subprojeto&quot; is undefined. You can implement it using the snippet(s) below:

@Quando(&quot;clicar no botão de salvar subprojeto&quot;)
public void clicarNoBotãoDeSalvarSubprojeto() {
    // Write code here that turns the phrase above into concrete actions
    throw new io.cucumber.java.PendingException();
}

</error>
    <system-out>
Esquema do CenÃ¡rio: Excluir subprojeto com sucesso                     &amp;#27;[90m# features/subprojeto.feature:239&amp;#27;[0m
  &amp;#27;[32mDado &amp;#27;[0m&amp;#27;[32mque o usuario esteja na pagina de login do Mantis&amp;#27;[0m               &amp;#27;[90m# steps.login.LoginStep.queOUsuarioEstejaNaPaginaDeLoginDoMantis()&amp;#27;[0m
  &amp;#27;[32mE &amp;#27;[0m&amp;#27;[32mque o usuario tenha feito o login com sucesso&amp;#27;[0m                      &amp;#27;[90m# steps.subprojeto.SubProjetoStep.queOUsuarioTenhaFeitoOLoginComSucesso()&amp;#27;[0m
  &amp;#27;[32mQuando &amp;#27;[0m&amp;#27;[32mclicar no projeto desejado &amp;#27;[0m&amp;#27;[32m&amp;#27;[1m&quot;Teste projeto SQL 02&quot;&amp;#27;[0m             &amp;#27;[90m# steps.subprojeto.SubProjetoStep.clicarNoProjetoDesejado(java.lang.String)&amp;#27;[0m
  &amp;#27;[32mE &amp;#27;[0m&amp;#27;[32mclicar no botao de cadastrar subProjeto&amp;#27;[0m                            &amp;#27;[90m# steps.subprojeto.SubProjetoStep.clicarNoBotaoDeCadastrarSubProjeto()&amp;#27;[0m
  &amp;#27;[32mE &amp;#27;[0m&amp;#27;[32mpreencher o nome do subprojeto &amp;#27;[0m&amp;#27;[32m&amp;#27;[1m&quot;Subprojeto 02&quot;&amp;#27;[0m                     &amp;#27;[90m# steps.subprojeto.SubProjetoStep.preencherONomeDoSubprojeto(java.lang.String)&amp;#27;[0m
  &amp;#27;[32mE &amp;#27;[0m&amp;#27;[32mdefinir o estado do subprojeto &amp;#27;[0m&amp;#27;[32m&amp;#27;[1mobsoleto&amp;#27;[0m                            &amp;#27;[90m# steps.subprojeto.SubProjetoStep.definirOEstadoDoSubprojetoEstado(java.lang.String)&amp;#27;[0m
  &amp;#27;[32mE &amp;#27;[0m&amp;#27;[32mmarcar a opcao herdar categorias globais&amp;#27;[0m                           &amp;#27;[90m# steps.subprojeto.SubProjetoStep.marcarAOpcaoHerdarCategoriasGlobais()&amp;#27;[0m
  &amp;#27;[32mE &amp;#27;[0m&amp;#27;[32mmarcar a opcao herdar categorias da tarefa pai&amp;#27;[0m                     &amp;#27;[90m# steps.subprojeto.SubProjetoStep.marcarAOpcaoHerdarCategoriasDaTarefaPai()&amp;#27;[0m
  &amp;#27;[32mE &amp;#27;[0m&amp;#27;[32mselecionar a visibilidade do projeto&amp;#27;[0m                               &amp;#27;[90m# steps.subprojeto.SubProjetoStep.selecionarAVisibilidadeDoProjeto()&amp;#27;[0m
  &amp;#27;[32mE &amp;#27;[0m&amp;#27;[32mpreencher a descricao do subprojeto &amp;#27;[0m&amp;#27;[32m&amp;#27;[1m&quot;SubProjeto criado como teste&quot;&amp;#27;[0m &amp;#27;[90m# steps.subprojeto.SubProjetoStep.preencherADescricaoDoSubprojeto(java.lang.String)&amp;#27;[0m
  &amp;#27;[33mE &amp;#27;[0m&amp;#27;[33mclicar no botÃ£o de salvar subprojeto&amp;#27;[0m                               &amp;#27;[90m# null&amp;#27;[0m
  &amp;#27;[36mE &amp;#27;[0m&amp;#27;[36mclicar no subprojeto desejado &amp;#27;[0m&amp;#27;[36m&amp;#27;[1m&quot;Subprojeto 02&quot;&amp;#27;[0m&amp;#27;[36m novamente&amp;#27;[0m            &amp;#27;[90m# steps.subprojeto.SubProjetoStep.clicarNoSubprojetoDesejadoNovamente(java.lang.String)&amp;#27;[0m
  &amp;#27;[36mE &amp;#27;[0m&amp;#27;[36mclicar no botao apagar projeto&amp;#27;[0m                                     &amp;#27;[90m# steps.subprojeto.SubProjetoStep.clicarNoBotaoApagarProjeto()&amp;#27;[0m
  &amp;#27;[36mEntÃ£o &amp;#27;[0m&amp;#27;[36mo sistema deve excluir com sucesso&amp;#27;[0m                             &amp;#27;[90m# steps.subprojeto.SubProjetoStep.oSistemaDeveExcluirComSucesso()&amp;#27;[0m
</system-out>
    <system-err>Starting ChromeDriver 100.0.4896.60 (6a5d10861ce8de5fce22564658033b43cb7de047-refs/branch-heads/4896@{#875}) on port 54390
Only local connections are allowed.
Please see https://chromedriver.chromium.org/security-considerations for suggestions on keeping ChromeDriver safe.
ChromeDriver was started successfully.
[1652650811.370][WARNING]: This version of ChromeDriver has not been tested with Chrome version 101.
mai 15, 2022 6:40:11 PM org.openqa.selenium.remote.ProtocolHandshake createSession
INFORMAÇÕES: Detected dialect: W3C
mai 15, 2022 6:40:11 PM org.openqa.selenium.devtools.CdpVersionFinder findNearestMatch
ADVERTÊNCIA: Unable to find an exact match for CDP version 101, so returning the closest version found: 99
mai 15, 2022 6:40:11 PM org.openqa.selenium.devtools.CdpVersionFinder findNearestMatch
INFORMAÇÕES: Found CDP implementation for version 101 of 99
</system-err>
  </testcase>
</testsuite>